{"/Users/hridhaygarg/AgentCFO/.worktrees/feature/layer-roi-phase-4-frontend/frontend/src/App.jsx": {"path":"/Users/hridhaygarg/AgentCFO/.worktrees/feature/layer-roi-phase-4-frontend/frontend/src/App.jsx","statementMap":{"0":{"start":{"line":9,"column":17},"end":{"line":9,"column":57}},"1":{"start":{"line":9,"column":28},"end":{"line":9,"column":56}},"2":{"start":{"line":10,"column":15},"end":{"line":10,"column":53}},"3":{"start":{"line":10,"column":26},"end":{"line":10,"column":52}},"4":{"start":{"line":11,"column":15},"end":{"line":11,"column":53}},"5":{"start":{"line":11,"column":26},"end":{"line":11,"column":52}},"6":{"start":{"line":12,"column":15},"end":{"line":12,"column":53}},"7":{"start":{"line":12,"column":26},"end":{"line":12,"column":52}},"8":{"start":{"line":13,"column":19},"end":{"line":13,"column":61}},"9":{"start":{"line":13,"column":30},"end":{"line":13,"column":60}},"10":{"start":{"line":14,"column":17},"end":{"line":14,"column":57}},"11":{"start":{"line":14,"column":28},"end":{"line":14,"column":56}},"12":{"start":{"line":15,"column":15},"end":{"line":15,"column":51}},"13":{"start":{"line":15,"column":26},"end":{"line":15,"column":50}},"14":{"start":{"line":16,"column":14},"end":{"line":16,"column":49}},"15":{"start":{"line":16,"column":25},"end":{"line":16,"column":48}},"16":{"start":{"line":19,"column":22},"end":{"line":26,"column":1}},"17":{"start":{"line":20,"column":2},"end":{"line":25,"column":8}},"18":{"start":{"line":28,"column":15},"end":{"line":39,"column":1}},"19":{"start":{"line":42,"column":44},"end":{"line":42,"column":64}},"20":{"start":{"line":43,"column":44},"end":{"line":43,"column":59}},"21":{"start":{"line":44,"column":40},"end":{"line":44,"column":74}},"22":{"start":{"line":45,"column":50},"end":{"line":45,"column":65}},"23":{"start":{"line":46,"column":34},"end":{"line":46,"column":67}},"24":{"start":{"line":49,"column":22},"end":{"line":49,"column":90}},"25":{"start":{"line":51,"column":22},"end":{"line":58,"column":3}},"26":{"start":{"line":61,"column":2},"end":{"line":61,"column":70}},"27":{"start":{"line":64,"column":2},"end":{"line":70,"column":19}},"28":{"start":{"line":65,"column":4},"end":{"line":69,"column":5}},"29":{"start":{"line":66,"column":6},"end":{"line":68,"column":9}},"30":{"start":{"line":72,"column":2},"end":{"line":78,"column":8}},"31":{"start":{"line":73,"column":27},"end":{"line":75,"column":5}},"32":{"start":{"line":74,"column":6},"end":{"line":74,"column":46}},"33":{"start":{"line":76,"column":4},"end":{"line":76,"column":55}},"34":{"start":{"line":77,"column":4},"end":{"line":77,"column":71}},"35":{"start":{"line":77,"column":17},"end":{"line":77,"column":71}},"36":{"start":{"line":80,"column":2},"end":{"line":92,"column":8}},"37":{"start":{"line":81,"column":23},"end":{"line":88,"column":5}},"38":{"start":{"line":82,"column":6},"end":{"line":87,"column":7}},"39":{"start":{"line":83,"column":20},"end":{"line":83,"column":65}},"40":{"start":{"line":84,"column":8},"end":{"line":84,"column":32}},"41":{"start":{"line":86,"column":8},"end":{"line":86,"column":31}},"42":{"start":{"line":89,"column":4},"end":{"line":89,"column":16}},"43":{"start":{"line":90,"column":21},"end":{"line":90,"column":51}},"44":{"start":{"line":91,"column":4},"end":{"line":91,"column":40}},"45":{"start":{"line":91,"column":17},"end":{"line":91,"column":40}},"46":{"start":{"line":94,"column":2},"end":{"line":104,"column":8}},"47":{"start":{"line":95,"column":25},"end":{"line":100,"column":5}},"48":{"start":{"line":96,"column":6},"end":{"line":96,"column":42}},"49":{"start":{"line":97,"column":6},"end":{"line":99,"column":7}},"50":{"start":{"line":98,"column":8},"end":{"line":98,"column":34}},"51":{"start":{"line":102,"column":4},"end":{"line":102,"column":51}},"52":{"start":{"line":103,"column":4},"end":{"line":103,"column":67}},"53":{"start":{"line":103,"column":17},"end":{"line":103,"column":67}},"54":{"start":{"line":106,"column":18},"end":{"line":113,"column":3}},"55":{"start":{"line":115,"column":24},"end":{"line":115,"column":58}},"56":{"start":{"line":118,"column":2},"end":{"line":120,"column":3}},"57":{"start":{"line":119,"column":4},"end":{"line":119,"column":22}},"58":{"start":{"line":123,"column":2},"end":{"line":125,"column":3}},"59":{"start":{"line":124,"column":4},"end":{"line":124,"column":125}},"60":{"start":{"line":124,"column":75},"end":{"line":124,"column":110}},"61":{"start":{"line":128,"column":2},"end":{"line":130,"column":3}},"62":{"start":{"line":129,"column":4},"end":{"line":129,"column":70}},"63":{"start":{"line":133,"column":2},"end":{"line":136,"column":3}},"64":{"start":{"line":134,"column":4},"end":{"line":134,"column":35}},"65":{"start":{"line":135,"column":4},"end":{"line":135,"column":15}},"66":{"start":{"line":139,"column":2},"end":{"line":308,"column":3}},"67":{"start":{"line":140,"column":4},"end":{"line":307,"column":5}},"68":{"start":{"line":158,"column":27},"end":{"line":158,"column":53}},"69":{"start":{"line":178,"column":70},"end":{"line":178,"column":95}},"70":{"start":{"line":178,"column":96},"end":{"line":178,"column":123}},"71":{"start":{"line":200,"column":31},"end":{"line":200,"column":69}},"72":{"start":{"line":210,"column":37},"end":{"line":210,"column":80}},"73":{"start":{"line":211,"column":37},"end":{"line":211,"column":71}},"74":{"start":{"line":271,"column":14},"end":{"line":302,"column":23}},"75":{"start":{"line":273,"column":33},"end":{"line":273,"column":55}},"76":{"start":{"line":273,"column":56},"end":{"line":273,"column":83}},"77":{"start":{"line":290,"column":37},"end":{"line":290,"column":123}},"78":{"start":{"line":291,"column":37},"end":{"line":291,"column":125}},"79":{"start":{"line":311,"column":2},"end":{"line":462,"column":3}},"80":{"start":{"line":328,"column":25},"end":{"line":328,"column":51}},"81":{"start":{"line":345,"column":68},"end":{"line":345,"column":93}},"82":{"start":{"line":345,"column":94},"end":{"line":345,"column":121}},"83":{"start":{"line":365,"column":29},"end":{"line":365,"column":67}},"84":{"start":{"line":429,"column":12},"end":{"line":457,"column":21}},"85":{"start":{"line":431,"column":31},"end":{"line":431,"column":53}},"86":{"start":{"line":431,"column":54},"end":{"line":431,"column":81}}},"fnMap":{"0":{"name":"(anonymous_0)","decl":{"start":{"line":9,"column":22},"end":{"line":9,"column":23}},"loc":{"start":{"line":9,"column":28},"end":{"line":9,"column":56}},"line":9},"1":{"name":"(anonymous_1)","decl":{"start":{"line":10,"column":20},"end":{"line":10,"column":21}},"loc":{"start":{"line":10,"column":26},"end":{"line":10,"column":52}},"line":10},"2":{"name":"(anonymous_2)","decl":{"start":{"line":11,"column":20},"end":{"line":11,"column":21}},"loc":{"start":{"line":11,"column":26},"end":{"line":11,"column":52}},"line":11},"3":{"name":"(anonymous_3)","decl":{"start":{"line":12,"column":20},"end":{"line":12,"column":21}},"loc":{"start":{"line":12,"column":26},"end":{"line":12,"column":52}},"line":12},"4":{"name":"(anonymous_4)","decl":{"start":{"line":13,"column":24},"end":{"line":13,"column":25}},"loc":{"start":{"line":13,"column":30},"end":{"line":13,"column":60}},"line":13},"5":{"name":"(anonymous_5)","decl":{"start":{"line":14,"column":22},"end":{"line":14,"column":23}},"loc":{"start":{"line":14,"column":28},"end":{"line":14,"column":56}},"line":14},"6":{"name":"(anonymous_6)","decl":{"start":{"line":15,"column":20},"end":{"line":15,"column":21}},"loc":{"start":{"line":15,"column":26},"end":{"line":15,"column":50}},"line":15},"7":{"name":"(anonymous_7)","decl":{"start":{"line":16,"column":19},"end":{"line":16,"column":20}},"loc":{"start":{"line":16,"column":25},"end":{"line":16,"column":48}},"line":16},"8":{"name":"(anonymous_8)","decl":{"start":{"line":19,"column":22},"end":{"line":19,"column":23}},"loc":{"start":{"line":20,"column":2},"end":{"line":25,"column":8}},"line":20},"9":{"name":"App","decl":{"start":{"line":41,"column":24},"end":{"line":41,"column":27}},"loc":{"start":{"line":41,"column":30},"end":{"line":463,"column":1}},"line":41},"10":{"name":"(anonymous_10)","decl":{"start":{"line":64,"column":12},"end":{"line":64,"column":13}},"loc":{"start":{"line":64,"column":18},"end":{"line":70,"column":3}},"line":64},"11":{"name":"(anonymous_11)","decl":{"start":{"line":72,"column":12},"end":{"line":72,"column":13}},"loc":{"start":{"line":72,"column":18},"end":{"line":78,"column":3}},"line":72},"12":{"name":"(anonymous_12)","decl":{"start":{"line":73,"column":27},"end":{"line":73,"column":28}},"loc":{"start":{"line":73,"column":33},"end":{"line":75,"column":5}},"line":73},"13":{"name":"(anonymous_13)","decl":{"start":{"line":77,"column":11},"end":{"line":77,"column":12}},"loc":{"start":{"line":77,"column":17},"end":{"line":77,"column":71}},"line":77},"14":{"name":"(anonymous_14)","decl":{"start":{"line":80,"column":12},"end":{"line":80,"column":13}},"loc":{"start":{"line":80,"column":18},"end":{"line":92,"column":3}},"line":80},"15":{"name":"(anonymous_15)","decl":{"start":{"line":81,"column":23},"end":{"line":81,"column":24}},"loc":{"start":{"line":81,"column":35},"end":{"line":88,"column":5}},"line":81},"16":{"name":"(anonymous_16)","decl":{"start":{"line":91,"column":11},"end":{"line":91,"column":12}},"loc":{"start":{"line":91,"column":17},"end":{"line":91,"column":40}},"line":91},"17":{"name":"(anonymous_17)","decl":{"start":{"line":94,"column":12},"end":{"line":94,"column":13}},"loc":{"start":{"line":94,"column":18},"end":{"line":104,"column":3}},"line":94},"18":{"name":"(anonymous_18)","decl":{"start":{"line":95,"column":25},"end":{"line":95,"column":26}},"loc":{"start":{"line":95,"column":31},"end":{"line":100,"column":5}},"line":95},"19":{"name":"(anonymous_19)","decl":{"start":{"line":103,"column":11},"end":{"line":103,"column":12}},"loc":{"start":{"line":103,"column":17},"end":{"line":103,"column":67}},"line":103},"20":{"name":"(anonymous_20)","decl":{"start":{"line":124,"column":69},"end":{"line":124,"column":70}},"loc":{"start":{"line":124,"column":75},"end":{"line":124,"column":110}},"line":124},"21":{"name":"(anonymous_21)","decl":{"start":{"line":158,"column":21},"end":{"line":158,"column":22}},"loc":{"start":{"line":158,"column":27},"end":{"line":158,"column":53}},"line":158},"22":{"name":"(anonymous_22)","decl":{"start":{"line":178,"column":56},"end":{"line":178,"column":57}},"loc":{"start":{"line":178,"column":68},"end":{"line":178,"column":125}},"line":178},"23":{"name":"(anonymous_23)","decl":{"start":{"line":200,"column":25},"end":{"line":200,"column":26}},"loc":{"start":{"line":200,"column":31},"end":{"line":200,"column":69}},"line":200},"24":{"name":"(anonymous_24)","decl":{"start":{"line":210,"column":30},"end":{"line":210,"column":31}},"loc":{"start":{"line":210,"column":37},"end":{"line":210,"column":80}},"line":210},"25":{"name":"(anonymous_25)","decl":{"start":{"line":211,"column":30},"end":{"line":211,"column":31}},"loc":{"start":{"line":211,"column":37},"end":{"line":211,"column":71}},"line":211},"26":{"name":"(anonymous_26)","decl":{"start":{"line":270,"column":45},"end":{"line":270,"column":46}},"loc":{"start":{"line":271,"column":14},"end":{"line":302,"column":23}},"line":271},"27":{"name":"(anonymous_27)","decl":{"start":{"line":273,"column":25},"end":{"line":273,"column":26}},"loc":{"start":{"line":273,"column":31},"end":{"line":273,"column":85}},"line":273},"28":{"name":"(anonymous_28)","decl":{"start":{"line":290,"column":30},"end":{"line":290,"column":31}},"loc":{"start":{"line":290,"column":37},"end":{"line":290,"column":123}},"line":290},"29":{"name":"(anonymous_29)","decl":{"start":{"line":291,"column":30},"end":{"line":291,"column":31}},"loc":{"start":{"line":291,"column":37},"end":{"line":291,"column":125}},"line":291},"30":{"name":"(anonymous_30)","decl":{"start":{"line":328,"column":19},"end":{"line":328,"column":20}},"loc":{"start":{"line":328,"column":25},"end":{"line":328,"column":51}},"line":328},"31":{"name":"(anonymous_31)","decl":{"start":{"line":345,"column":54},"end":{"line":345,"column":55}},"loc":{"start":{"line":345,"column":66},"end":{"line":345,"column":123}},"line":345},"32":{"name":"(anonymous_32)","decl":{"start":{"line":365,"column":23},"end":{"line":365,"column":24}},"loc":{"start":{"line":365,"column":29},"end":{"line":365,"column":67}},"line":365},"33":{"name":"(anonymous_33)","decl":{"start":{"line":428,"column":43},"end":{"line":428,"column":44}},"loc":{"start":{"line":429,"column":12},"end":{"line":457,"column":21}},"line":429},"34":{"name":"(anonymous_34)","decl":{"start":{"line":431,"column":23},"end":{"line":431,"column":24}},"loc":{"start":{"line":431,"column":29},"end":{"line":431,"column":83}},"line":431}},"branchMap":{"0":{"loc":{"start":{"line":49,"column":22},"end":{"line":49,"column":90}},"type":"binary-expr","locations":[{"start":{"line":49,"column":22},"end":{"line":49,"column":50}},{"start":{"line":49,"column":54},"end":{"line":49,"column":90}}],"line":49},"1":{"loc":{"start":{"line":61,"column":15},"end":{"line":61,"column":69}},"type":"cond-expr","locations":[{"start":{"line":61,"column":29},"end":{"line":61,"column":55}},{"start":{"line":61,"column":58},"end":{"line":61,"column":69}}],"line":61},"2":{"loc":{"start":{"line":65,"column":4},"end":{"line":69,"column":5}},"type":"if","locations":[{"start":{"line":65,"column":4},"end":{"line":69,"column":5}},{"start":{},"end":{}}],"line":65},"3":{"loc":{"start":{"line":97,"column":6},"end":{"line":99,"column":7}},"type":"if","locations":[{"start":{"line":97,"column":6},"end":{"line":99,"column":7}},{"start":{},"end":{}}],"line":97},"4":{"loc":{"start":{"line":115,"column":24},"end":{"line":115,"column":58}},"type":"binary-expr","locations":[{"start":{"line":115,"column":24},"end":{"line":115,"column":46}},{"start":{"line":115,"column":50},"end":{"line":115,"column":58}}],"line":115},"5":{"loc":{"start":{"line":118,"column":2},"end":{"line":120,"column":3}},"type":"if","locations":[{"start":{"line":118,"column":2},"end":{"line":120,"column":3}},{"start":{},"end":{}}],"line":118},"6":{"loc":{"start":{"line":118,"column":6},"end":{"line":118,"column":47}},"type":"binary-expr","locations":[{"start":{"line":118,"column":6},"end":{"line":118,"column":25}},{"start":{"line":118,"column":29},"end":{"line":118,"column":47}}],"line":118},"7":{"loc":{"start":{"line":123,"column":2},"end":{"line":125,"column":3}},"type":"if","locations":[{"start":{"line":123,"column":2},"end":{"line":125,"column":3}},{"start":{},"end":{}}],"line":123},"8":{"loc":{"start":{"line":128,"column":2},"end":{"line":130,"column":3}},"type":"if","locations":[{"start":{"line":128,"column":2},"end":{"line":130,"column":3}},{"start":{},"end":{}}],"line":128},"9":{"loc":{"start":{"line":133,"column":2},"end":{"line":136,"column":3}},"type":"if","locations":[{"start":{"line":133,"column":2},"end":{"line":136,"column":3}},{"start":{},"end":{}}],"line":133},"10":{"loc":{"start":{"line":133,"column":6},"end":{"line":133,"column":59}},"type":"binary-expr","locations":[{"start":{"line":133,"column":6},"end":{"line":133,"column":17}},{"start":{"line":133,"column":21},"end":{"line":133,"column":59}}],"line":133},"11":{"loc":{"start":{"line":139,"column":2},"end":{"line":308,"column":3}},"type":"if","locations":[{"start":{"line":139,"column":2},"end":{"line":308,"column":3}},{"start":{},"end":{}}],"line":139},"12":{"loc":{"start":{"line":141,"column":135},"end":{"line":141,"column":162}},"type":"cond-expr","locations":[{"start":{"line":141,"column":146},"end":{"line":141,"column":154}},{"start":{"line":141,"column":157},"end":{"line":141,"column":162}}],"line":141},"13":{"loc":{"start":{"line":143,"column":9},"end":{"line":143,"column":102}},"type":"binary-expr","locations":[{"start":{"line":143,"column":9},"end":{"line":143,"column":18}},{"start":{"line":143,"column":22},"end":{"line":143,"column":102}}],"line":143},"14":{"loc":{"start":{"line":146,"column":9},"end":{"line":160,"column":9}},"type":"binary-expr","locations":[{"start":{"line":146,"column":9},"end":{"line":146,"column":17}},{"start":{"line":146,"column":21},"end":{"line":146,"column":37}},{"start":{"line":147,"column":10},"end":{"line":159,"column":12}}],"line":146},"15":{"loc":{"start":{"line":163,"column":9},"end":{"line":180,"column":9}},"type":"binary-expr","locations":[{"start":{"line":163,"column":9},"end":{"line":163,"column":17}},{"start":{"line":163,"column":21},"end":{"line":163,"column":37}},{"start":{"line":164,"column":10},"end":{"line":179,"column":16}}],"line":163},"16":{"loc":{"start":{"line":183,"column":43},"end":{"line":183,"column":67}},"type":"cond-expr","locations":[{"start":{"line":183,"column":54},"end":{"line":183,"column":57}},{"start":{"line":183,"column":60},"end":{"line":183,"column":67}}],"line":183},"17":{"loc":{"start":{"line":183,"column":83},"end":{"line":183,"column":106}},"type":"cond-expr","locations":[{"start":{"line":183,"column":94},"end":{"line":183,"column":100}},{"start":{"line":183,"column":103},"end":{"line":183,"column":106}}],"line":183},"18":{"loc":{"start":{"line":192,"column":21},"end":{"line":192,"column":51}},"type":"cond-expr","locations":[{"start":{"line":192,"column":32},"end":{"line":192,"column":40}},{"start":{"line":192,"column":43},"end":{"line":192,"column":51}}],"line":192},"19":{"loc":{"start":{"line":198,"column":13},"end":{"line":215,"column":13}},"type":"binary-expr","locations":[{"start":{"line":198,"column":13},"end":{"line":198,"column":21}},{"start":{"line":199,"column":14},"end":{"line":214,"column":23}}],"line":198},"20":{"loc":{"start":{"line":218,"column":24},"end":{"line":218,"column":50}},"type":"cond-expr","locations":[{"start":{"line":218,"column":35},"end":{"line":218,"column":41}},{"start":{"line":218,"column":44},"end":{"line":218,"column":50}}],"line":218},"21":{"loc":{"start":{"line":222,"column":26},"end":{"line":222,"column":49}},"type":"cond-expr","locations":[{"start":{"line":222,"column":37},"end":{"line":222,"column":43}},{"start":{"line":222,"column":46},"end":{"line":222,"column":49}}],"line":222},"22":{"loc":{"start":{"line":224,"column":15},"end":{"line":224,"column":56}},"type":"binary-expr","locations":[{"start":{"line":224,"column":15},"end":{"line":224,"column":41}},{"start":{"line":224,"column":45},"end":{"line":224,"column":56}}],"line":224},"23":{"loc":{"start":{"line":226,"column":70},"end":{"line":226,"column":95}},"type":"cond-expr","locations":[{"start":{"line":226,"column":81},"end":{"line":226,"column":86}},{"start":{"line":226,"column":89},"end":{"line":226,"column":95}}],"line":226},"24":{"loc":{"start":{"line":227,"column":15},"end":{"line":229,"column":21}},"type":"binary-expr","locations":[{"start":{"line":227,"column":15},"end":{"line":227,"column":24}},{"start":{"line":227,"column":28},"end":{"line":229,"column":21}}],"line":227},"25":{"loc":{"start":{"line":234,"column":30},"end":{"line":234,"column":76}},"type":"cond-expr","locations":[{"start":{"line":234,"column":46},"end":{"line":234,"column":64}},{"start":{"line":234,"column":67},"end":{"line":234,"column":76}}],"line":234},"26":{"loc":{"start":{"line":236,"column":29},"end":{"line":236,"column":73}},"type":"cond-expr","locations":[{"start":{"line":236,"column":45},"end":{"line":236,"column":64}},{"start":{"line":236,"column":67},"end":{"line":236,"column":73}}],"line":236},"27":{"loc":{"start":{"line":238,"column":17},"end":{"line":240,"column":23}},"type":"binary-expr","locations":[{"start":{"line":238,"column":17},"end":{"line":238,"column":26}},{"start":{"line":238,"column":30},"end":{"line":240,"column":23}}],"line":238},"28":{"loc":{"start":{"line":239,"column":19},"end":{"line":239,"column":53}},"type":"cond-expr","locations":[{"start":{"line":239,"column":35},"end":{"line":239,"column":41}},{"start":{"line":239,"column":44},"end":{"line":239,"column":53}}],"line":239},"29":{"loc":{"start":{"line":246,"column":34},"end":{"line":246,"column":60}},"type":"cond-expr","locations":[{"start":{"line":246,"column":45},"end":{"line":246,"column":51}},{"start":{"line":246,"column":54},"end":{"line":246,"column":60}}],"line":246},"30":{"loc":{"start":{"line":254,"column":9},"end":{"line":305,"column":9}},"type":"binary-expr","locations":[{"start":{"line":254,"column":9},"end":{"line":254,"column":17}},{"start":{"line":255,"column":10},"end":{"line":304,"column":16}}],"line":254},"31":{"loc":{"start":{"line":283,"column":25},"end":{"line":283,"column":90}},"type":"cond-expr","locations":[{"start":{"line":283,"column":49},"end":{"line":283,"column":67}},{"start":{"line":283,"column":70},"end":{"line":283,"column":90}}],"line":283},"32":{"loc":{"start":{"line":285,"column":30},"end":{"line":285,"column":67}},"type":"cond-expr","locations":[{"start":{"line":285,"column":54},"end":{"line":285,"column":59}},{"start":{"line":285,"column":62},"end":{"line":285,"column":67}}],"line":285},"33":{"loc":{"start":{"line":288,"column":29},"end":{"line":288,"column":95}},"type":"cond-expr","locations":[{"start":{"line":288,"column":53},"end":{"line":288,"column":86}},{"start":{"line":288,"column":89},"end":{"line":288,"column":95}}],"line":288},"34":{"loc":{"start":{"line":290,"column":37},"end":{"line":290,"column":123}},"type":"binary-expr","locations":[{"start":{"line":290,"column":37},"end":{"line":290,"column":69}},{"start":{"line":290,"column":74},"end":{"line":290,"column":122}}],"line":290},"35":{"loc":{"start":{"line":291,"column":37},"end":{"line":291,"column":125}},"type":"binary-expr","locations":[{"start":{"line":291,"column":37},"end":{"line":291,"column":69}},{"start":{"line":291,"column":74},"end":{"line":291,"column":124}}],"line":291},"36":{"loc":{"start":{"line":294,"column":19},"end":{"line":294,"column":45}},"type":"binary-expr","locations":[{"start":{"line":294,"column":19},"end":{"line":294,"column":37}},{"start":{"line":294,"column":41},"end":{"line":294,"column":45}}],"line":294},"37":{"loc":{"start":{"line":295,"column":19},"end":{"line":295,"column":43}},"type":"binary-expr","locations":[{"start":{"line":295,"column":19},"end":{"line":295,"column":35}},{"start":{"line":295,"column":39},"end":{"line":295,"column":43}}],"line":295},"38":{"loc":{"start":{"line":296,"column":19},"end":{"line":296,"column":43}},"type":"binary-expr","locations":[{"start":{"line":296,"column":19},"end":{"line":296,"column":35}},{"start":{"line":296,"column":39},"end":{"line":296,"column":43}}],"line":296},"39":{"loc":{"start":{"line":297,"column":19},"end":{"line":297,"column":43}},"type":"binary-expr","locations":[{"start":{"line":297,"column":19},"end":{"line":297,"column":35}},{"start":{"line":297,"column":39},"end":{"line":297,"column":43}}],"line":297},"40":{"loc":{"start":{"line":298,"column":19},"end":{"line":298,"column":47}},"type":"binary-expr","locations":[{"start":{"line":298,"column":19},"end":{"line":298,"column":39}},{"start":{"line":298,"column":43},"end":{"line":298,"column":47}}],"line":298},"41":{"loc":{"start":{"line":299,"column":19},"end":{"line":299,"column":45}},"type":"binary-expr","locations":[{"start":{"line":299,"column":19},"end":{"line":299,"column":37}},{"start":{"line":299,"column":41},"end":{"line":299,"column":45}}],"line":299},"42":{"loc":{"start":{"line":312,"column":133},"end":{"line":312,"column":160}},"type":"cond-expr","locations":[{"start":{"line":312,"column":144},"end":{"line":312,"column":152}},{"start":{"line":312,"column":155},"end":{"line":312,"column":160}}],"line":312},"43":{"loc":{"start":{"line":314,"column":7},"end":{"line":314,"column":100}},"type":"binary-expr","locations":[{"start":{"line":314,"column":7},"end":{"line":314,"column":16}},{"start":{"line":314,"column":20},"end":{"line":314,"column":100}}],"line":314},"44":{"loc":{"start":{"line":317,"column":7},"end":{"line":330,"column":7}},"type":"binary-expr","locations":[{"start":{"line":317,"column":7},"end":{"line":317,"column":15}},{"start":{"line":317,"column":19},"end":{"line":317,"column":35}},{"start":{"line":318,"column":8},"end":{"line":329,"column":10}}],"line":317},"45":{"loc":{"start":{"line":333,"column":7},"end":{"line":347,"column":7}},"type":"binary-expr","locations":[{"start":{"line":333,"column":7},"end":{"line":333,"column":15}},{"start":{"line":333,"column":19},"end":{"line":333,"column":35}},{"start":{"line":334,"column":8},"end":{"line":346,"column":14}}],"line":333},"46":{"loc":{"start":{"line":349,"column":41},"end":{"line":349,"column":65}},"type":"cond-expr","locations":[{"start":{"line":349,"column":52},"end":{"line":349,"column":55}},{"start":{"line":349,"column":58},"end":{"line":349,"column":65}}],"line":349},"47":{"loc":{"start":{"line":349,"column":81},"end":{"line":349,"column":104}},"type":"cond-expr","locations":[{"start":{"line":349,"column":92},"end":{"line":349,"column":98}},{"start":{"line":349,"column":101},"end":{"line":349,"column":104}}],"line":349},"48":{"loc":{"start":{"line":357,"column":19},"end":{"line":357,"column":49}},"type":"cond-expr","locations":[{"start":{"line":357,"column":30},"end":{"line":357,"column":38}},{"start":{"line":357,"column":41},"end":{"line":357,"column":49}}],"line":357},"49":{"loc":{"start":{"line":363,"column":11},"end":{"line":377,"column":11}},"type":"binary-expr","locations":[{"start":{"line":363,"column":11},"end":{"line":363,"column":19}},{"start":{"line":364,"column":12},"end":{"line":376,"column":21}}],"line":363},"50":{"loc":{"start":{"line":380,"column":22},"end":{"line":380,"column":48}},"type":"cond-expr","locations":[{"start":{"line":380,"column":33},"end":{"line":380,"column":39}},{"start":{"line":380,"column":42},"end":{"line":380,"column":48}}],"line":380},"51":{"loc":{"start":{"line":384,"column":24},"end":{"line":384,"column":47}},"type":"cond-expr","locations":[{"start":{"line":384,"column":35},"end":{"line":384,"column":41}},{"start":{"line":384,"column":44},"end":{"line":384,"column":47}}],"line":384},"52":{"loc":{"start":{"line":386,"column":13},"end":{"line":386,"column":54}},"type":"binary-expr","locations":[{"start":{"line":386,"column":13},"end":{"line":386,"column":39}},{"start":{"line":386,"column":43},"end":{"line":386,"column":54}}],"line":386},"53":{"loc":{"start":{"line":388,"column":68},"end":{"line":388,"column":93}},"type":"cond-expr","locations":[{"start":{"line":388,"column":79},"end":{"line":388,"column":84}},{"start":{"line":388,"column":87},"end":{"line":388,"column":93}}],"line":388},"54":{"loc":{"start":{"line":389,"column":13},"end":{"line":391,"column":19}},"type":"binary-expr","locations":[{"start":{"line":389,"column":13},"end":{"line":389,"column":22}},{"start":{"line":389,"column":26},"end":{"line":391,"column":19}}],"line":389},"55":{"loc":{"start":{"line":396,"column":28},"end":{"line":396,"column":74}},"type":"cond-expr","locations":[{"start":{"line":396,"column":44},"end":{"line":396,"column":62}},{"start":{"line":396,"column":65},"end":{"line":396,"column":74}}],"line":396},"56":{"loc":{"start":{"line":398,"column":27},"end":{"line":398,"column":71}},"type":"cond-expr","locations":[{"start":{"line":398,"column":43},"end":{"line":398,"column":62}},{"start":{"line":398,"column":65},"end":{"line":398,"column":71}}],"line":398},"57":{"loc":{"start":{"line":400,"column":15},"end":{"line":402,"column":21}},"type":"binary-expr","locations":[{"start":{"line":400,"column":15},"end":{"line":400,"column":24}},{"start":{"line":400,"column":28},"end":{"line":402,"column":21}}],"line":400},"58":{"loc":{"start":{"line":401,"column":17},"end":{"line":401,"column":51}},"type":"cond-expr","locations":[{"start":{"line":401,"column":33},"end":{"line":401,"column":39}},{"start":{"line":401,"column":42},"end":{"line":401,"column":51}}],"line":401},"59":{"loc":{"start":{"line":406,"column":32},"end":{"line":406,"column":58}},"type":"cond-expr","locations":[{"start":{"line":406,"column":43},"end":{"line":406,"column":49}},{"start":{"line":406,"column":52},"end":{"line":406,"column":58}}],"line":406},"60":{"loc":{"start":{"line":414,"column":7},"end":{"line":460,"column":7}},"type":"binary-expr","locations":[{"start":{"line":414,"column":7},"end":{"line":414,"column":15}},{"start":{"line":415,"column":8},"end":{"line":459,"column":14}}],"line":414},"61":{"loc":{"start":{"line":441,"column":23},"end":{"line":441,"column":88}},"type":"cond-expr","locations":[{"start":{"line":441,"column":47},"end":{"line":441,"column":65}},{"start":{"line":441,"column":68},"end":{"line":441,"column":88}}],"line":441},"62":{"loc":{"start":{"line":443,"column":28},"end":{"line":443,"column":65}},"type":"cond-expr","locations":[{"start":{"line":443,"column":52},"end":{"line":443,"column":57}},{"start":{"line":443,"column":60},"end":{"line":443,"column":65}}],"line":443},"63":{"loc":{"start":{"line":445,"column":27},"end":{"line":445,"column":93}},"type":"cond-expr","locations":[{"start":{"line":445,"column":51},"end":{"line":445,"column":84}},{"start":{"line":445,"column":87},"end":{"line":445,"column":93}}],"line":445},"64":{"loc":{"start":{"line":449,"column":17},"end":{"line":449,"column":43}},"type":"binary-expr","locations":[{"start":{"line":449,"column":17},"end":{"line":449,"column":35}},{"start":{"line":449,"column":39},"end":{"line":449,"column":43}}],"line":449},"65":{"loc":{"start":{"line":450,"column":17},"end":{"line":450,"column":41}},"type":"binary-expr","locations":[{"start":{"line":450,"column":17},"end":{"line":450,"column":33}},{"start":{"line":450,"column":37},"end":{"line":450,"column":41}}],"line":450},"66":{"loc":{"start":{"line":451,"column":17},"end":{"line":451,"column":41}},"type":"binary-expr","locations":[{"start":{"line":451,"column":17},"end":{"line":451,"column":33}},{"start":{"line":451,"column":37},"end":{"line":451,"column":41}}],"line":451},"67":{"loc":{"start":{"line":452,"column":17},"end":{"line":452,"column":41}},"type":"binary-expr","locations":[{"start":{"line":452,"column":17},"end":{"line":452,"column":33}},{"start":{"line":452,"column":37},"end":{"line":452,"column":41}}],"line":452},"68":{"loc":{"start":{"line":453,"column":17},"end":{"line":453,"column":45}},"type":"binary-expr","locations":[{"start":{"line":453,"column":17},"end":{"line":453,"column":37}},{"start":{"line":453,"column":41},"end":{"line":453,"column":45}}],"line":453},"69":{"loc":{"start":{"line":454,"column":17},"end":{"line":454,"column":43}},"type":"binary-expr","locations":[{"start":{"line":454,"column":17},"end":{"line":454,"column":35}},{"start":{"line":454,"column":39},"end":{"line":454,"column":43}}],"line":454}},"s":{"0":0,"1":0,"2":0,"3":0,"4":0,"5":0,"6":0,"7":0,"8":0,"9":0,"10":0,"11":0,"12":0,"13":0,"14":0,"15":0,"16":0,"17":0,"18":0,"19":0,"20":0,"21":0,"22":0,"23":0,"24":0,"25":0,"26":0,"27":0,"28":0,"29":0,"30":0,"31":0,"32":0,"33":0,"34":0,"35":0,"36":0,"37":0,"38":0,"39":0,"40":0,"41":0,"42":0,"43":0,"44":0,"45":0,"46":0,"47":0,"48":0,"49":0,"50":0,"51":0,"52":0,"53":0,"54":0,"55":0,"56":0,"57":0,"58":0,"59":0,"60":0,"61":0,"62":0,"63":0,"64":0,"65":0,"66":0,"67":0,"68":0,"69":0,"70":0,"71":0,"72":0,"73":0,"74":0,"75":0,"76":0,"77":0,"78":0,"79":0,"80":0,"81":0,"82":0,"83":0,"84":0,"85":0,"86":0},"f":{"0":0,"1":0,"2":0,"3":0,"4":0,"5":0,"6":0,"7":0,"8":0,"9":0,"10":0,"11":0,"12":0,"13":0,"14":0,"15":0,"16":0,"17":0,"18":0,"19":0,"20":0,"21":0,"22":0,"23":0,"24":0,"25":0,"26":0,"27":0,"28":0,"29":0,"30":0,"31":0,"32":0,"33":0,"34":0},"b":{"0":[0,0],"1":[0,0],"2":[0,0],"3":[0,0],"4":[0,0],"5":[0,0],"6":[0,0],"7":[0,0],"8":[0,0],"9":[0,0],"10":[0,0],"11":[0,0],"12":[0,0],"13":[0,0],"14":[0,0,0],"15":[0,0,0],"16":[0,0],"17":[0,0],"18":[0,0],"19":[0,0],"20":[0,0],"21":[0,0],"22":[0,0],"23":[0,0],"24":[0,0],"25":[0,0],"26":[0,0],"27":[0,0],"28":[0,0],"29":[0,0],"30":[0,0],"31":[0,0],"32":[0,0],"33":[0,0],"34":[0,0],"35":[0,0],"36":[0,0],"37":[0,0],"38":[0,0],"39":[0,0],"40":[0,0],"41":[0,0],"42":[0,0],"43":[0,0],"44":[0,0,0],"45":[0,0,0],"46":[0,0],"47":[0,0],"48":[0,0],"49":[0,0],"50":[0,0],"51":[0,0],"52":[0,0],"53":[0,0],"54":[0,0],"55":[0,0],"56":[0,0],"57":[0,0],"58":[0,0],"59":[0,0],"60":[0,0],"61":[0,0],"62":[0,0],"63":[0,0],"64":[0,0],"65":[0,0],"66":[0,0],"67":[0,0],"68":[0,0],"69":[0,0]}}
,"/Users/hridhaygarg/AgentCFO/.worktrees/feature/layer-roi-phase-4-frontend/frontend/src/index.js": {"path":"/Users/hridhaygarg/AgentCFO/.worktrees/feature/layer-roi-phase-4-frontend/frontend/src/index.js","statementMap":{"0":{"start":{"line":6,"column":13},"end":{"line":6,"column":65}},"1":{"start":{"line":7,"column":0},"end":{"line":11,"column":2}}},"fnMap":{},"branchMap":{},"s":{"0":0,"1":0},"f":{},"b":{}}
,"/Users/hridhaygarg/AgentCFO/.worktrees/feature/layer-roi-phase-4-frontend/frontend/src/main.jsx": {"path":"/Users/hridhaygarg/AgentCFO/.worktrees/feature/layer-roi-phase-4-frontend/frontend/src/main.jsx","statementMap":{"0":{"start":{"line":15,"column":20},"end":{"line":15,"column":50}},"1":{"start":{"line":16,"column":0},"end":{"line":16,"column":27}},"2":{"start":{"line":17,"column":0},"end":{"line":17,"column":24}},"3":{"start":{"line":18,"column":0},"end":{"line":18,"column":172}},"4":{"start":{"line":19,"column":0},"end":{"line":19,"column":38}},"5":{"start":{"line":22,"column":0},"end":{"line":22,"column":21}},"6":{"start":{"line":23,"column":0},"end":{"line":23,"column":21}},"7":{"start":{"line":26,"column":0},"end":{"line":32,"column":1}},"8":{"start":{"line":27,"column":2},"end":{"line":29,"column":4}},"9":{"start":{"line":28,"column":4},"end":{"line":28,"column":20}},"10":{"start":{"line":31,"column":2},"end":{"line":31,"column":18}},"11":{"start":{"line":34,"column":0},"end":{"line":42,"column":1}}},"fnMap":{"0":{"name":"(anonymous_0)","decl":{"start":{"line":27,"column":48},"end":{"line":27,"column":49}},"loc":{"start":{"line":27,"column":54},"end":{"line":29,"column":3}},"line":27}},"branchMap":{"0":{"loc":{"start":{"line":26,"column":0},"end":{"line":32,"column":1}},"type":"if","locations":[{"start":{"line":26,"column":0},"end":{"line":32,"column":1}},{"start":{"line":30,"column":7},"end":{"line":32,"column":1}}],"line":26}},"s":{"0":0,"1":0,"2":0,"3":0,"4":0,"5":0,"6":0,"7":0,"8":0,"9":0,"10":0,"11":0},"f":{"0":0},"b":{"0":[0,0]}}
,"/Users/hridhaygarg/AgentCFO/.worktrees/feature/layer-roi-phase-4-frontend/frontend/src/api/analyticsApi.js": {"path":"/Users/hridhaygarg/AgentCFO/.worktrees/feature/layer-roi-phase-4-frontend/frontend/src/api/analyticsApi.js","statementMap":{"0":{"start":{"line":3,"column":30},"end":{"line":20,"column":1}},"1":{"start":{"line":8,"column":17},"end":{"line":8,"column":38}},"2":{"start":{"line":9,"column":2},"end":{"line":9,"column":69}},"3":{"start":{"line":9,"column":17},"end":{"line":9,"column":69}},"4":{"start":{"line":10,"column":2},"end":{"line":10,"column":63}},"5":{"start":{"line":10,"column":15},"end":{"line":10,"column":63}},"6":{"start":{"line":12,"column":2},"end":{"line":16,"column":5}},"7":{"start":{"line":13,"column":4},"end":{"line":15,"column":5}},"8":{"start":{"line":14,"column":6},"end":{"line":14,"column":45}},"9":{"start":{"line":18,"column":19},"end":{"line":18,"column":73}},"10":{"start":{"line":19,"column":2},"end":{"line":19,"column":23}},"11":{"start":{"line":22,"column":37},"end":{"line":32,"column":1}},"12":{"start":{"line":26,"column":17},"end":{"line":26,"column":38}},"13":{"start":{"line":27,"column":2},"end":{"line":27,"column":69}},"14":{"start":{"line":27,"column":17},"end":{"line":27,"column":69}},"15":{"start":{"line":28,"column":2},"end":{"line":28,"column":63}},"16":{"start":{"line":28,"column":15},"end":{"line":28,"column":63}},"17":{"start":{"line":30,"column":19},"end":{"line":30,"column":81}},"18":{"start":{"line":31,"column":2},"end":{"line":31,"column":23}},"19":{"start":{"line":34,"column":36},"end":{"line":46,"column":1}},"20":{"start":{"line":39,"column":17},"end":{"line":39,"column":38}},"21":{"start":{"line":40,"column":2},"end":{"line":40,"column":69}},"22":{"start":{"line":40,"column":17},"end":{"line":40,"column":69}},"23":{"start":{"line":41,"column":2},"end":{"line":41,"column":63}},"24":{"start":{"line":41,"column":15},"end":{"line":41,"column":63}},"25":{"start":{"line":42,"column":2},"end":{"line":42,"column":58}},"26":{"start":{"line":42,"column":18},"end":{"line":42,"column":58}},"27":{"start":{"line":44,"column":19},"end":{"line":44,"column":90}},"28":{"start":{"line":45,"column":2},"end":{"line":45,"column":23}}},"fnMap":{"0":{"name":"(anonymous_0)","decl":{"start":{"line":3,"column":30},"end":{"line":3,"column":31}},"loc":{"start":{"line":7,"column":6},"end":{"line":20,"column":1}},"line":7},"1":{"name":"(anonymous_1)","decl":{"start":{"line":12,"column":34},"end":{"line":12,"column":35}},"loc":{"start":{"line":12,"column":52},"end":{"line":16,"column":3}},"line":12},"2":{"name":"(anonymous_2)","decl":{"start":{"line":22,"column":37},"end":{"line":22,"column":38}},"loc":{"start":{"line":25,"column":6},"end":{"line":32,"column":1}},"line":25},"3":{"name":"(anonymous_3)","decl":{"start":{"line":34,"column":36},"end":{"line":34,"column":37}},"loc":{"start":{"line":38,"column":6},"end":{"line":46,"column":1}},"line":38}},"branchMap":{"0":{"loc":{"start":{"line":6,"column":2},"end":{"line":6,"column":14}},"type":"default-arg","locations":[{"start":{"line":6,"column":12},"end":{"line":6,"column":14}}],"line":6},"1":{"loc":{"start":{"line":9,"column":2},"end":{"line":9,"column":69}},"type":"if","locations":[{"start":{"line":9,"column":2},"end":{"line":9,"column":69}},{"start":{},"end":{}}],"line":9},"2":{"loc":{"start":{"line":10,"column":2},"end":{"line":10,"column":63}},"type":"if","locations":[{"start":{"line":10,"column":2},"end":{"line":10,"column":63}},{"start":{},"end":{}}],"line":10},"3":{"loc":{"start":{"line":13,"column":4},"end":{"line":15,"column":5}},"type":"if","locations":[{"start":{"line":13,"column":4},"end":{"line":15,"column":5}},{"start":{},"end":{}}],"line":13},"4":{"loc":{"start":{"line":13,"column":8},"end":{"line":13,"column":61}},"type":"binary-expr","locations":[{"start":{"line":13,"column":8},"end":{"line":13,"column":22}},{"start":{"line":13,"column":26},"end":{"line":13,"column":45}},{"start":{"line":13,"column":49},"end":{"line":13,"column":61}}],"line":13},"5":{"loc":{"start":{"line":27,"column":2},"end":{"line":27,"column":69}},"type":"if","locations":[{"start":{"line":27,"column":2},"end":{"line":27,"column":69}},{"start":{},"end":{}}],"line":27},"6":{"loc":{"start":{"line":28,"column":2},"end":{"line":28,"column":63}},"type":"if","locations":[{"start":{"line":28,"column":2},"end":{"line":28,"column":63}},{"start":{},"end":{}}],"line":28},"7":{"loc":{"start":{"line":40,"column":2},"end":{"line":40,"column":69}},"type":"if","locations":[{"start":{"line":40,"column":2},"end":{"line":40,"column":69}},{"start":{},"end":{}}],"line":40},"8":{"loc":{"start":{"line":41,"column":2},"end":{"line":41,"column":63}},"type":"if","locations":[{"start":{"line":41,"column":2},"end":{"line":41,"column":63}},{"start":{},"end":{}}],"line":41},"9":{"loc":{"start":{"line":42,"column":2},"end":{"line":42,"column":58}},"type":"if","locations":[{"start":{"line":42,"column":2},"end":{"line":42,"column":58}},{"start":{},"end":{}}],"line":42}},"s":{"0":0,"1":0,"2":0,"3":0,"4":0,"5":0,"6":0,"7":0,"8":0,"9":0,"10":0,"11":0,"12":0,"13":0,"14":0,"15":0,"16":0,"17":0,"18":0,"19":0,"20":0,"21":0,"22":0,"23":0,"24":0,"25":0,"26":0,"27":0,"28":0},"f":{"0":0,"1":0,"2":0,"3":0},"b":{"0":[0],"1":[0,0],"2":[0,0],"3":[0,0],"4":[0,0,0],"5":[0,0],"6":[0,0],"7":[0,0],"8":[0,0],"9":[0,0]}}
,"/Users/hridhaygarg/AgentCFO/.worktrees/feature/layer-roi-phase-4-frontend/frontend/src/api/client.js": {"path":"/Users/hridhaygarg/AgentCFO/.worktrees/feature/layer-roi-phase-4-frontend/frontend/src/api/client.js","statementMap":{"0":{"start":{"line":4,"column":16},"end":{"line":4,"column":76}},"1":{"start":{"line":6,"column":25},"end":{"line":11,"column":2}},"2":{"start":{"line":14,"column":0},"end":{"line":25,"column":2}},"3":{"start":{"line":16,"column":22},"end":{"line":16,"column":45}},"4":{"start":{"line":17,"column":4},"end":{"line":19,"column":5}},"5":{"start":{"line":18,"column":6},"end":{"line":18,"column":65}},"6":{"start":{"line":20,"column":4},"end":{"line":20,"column":18}},"7":{"start":{"line":23,"column":4},"end":{"line":23,"column":33}},"8":{"start":{"line":28,"column":0},"end":{"line":44,"column":2}},"9":{"start":{"line":29,"column":16},"end":{"line":29,"column":24}},"10":{"start":{"line":32,"column":4},"end":{"line":40,"column":5}},"11":{"start":{"line":33,"column":24},"end":{"line":33,"column":47}},"12":{"start":{"line":34,"column":6},"end":{"line":34,"column":25}},"13":{"start":{"line":37,"column":6},"end":{"line":39,"column":7}},"14":{"start":{"line":38,"column":8},"end":{"line":38,"column":40}},"15":{"start":{"line":42,"column":4},"end":{"line":42,"column":33}}},"fnMap":{"0":{"name":"(anonymous_0)","decl":{"start":{"line":15,"column":2},"end":{"line":15,"column":3}},"loc":{"start":{"line":15,"column":14},"end":{"line":21,"column":3}},"line":15},"1":{"name":"(anonymous_1)","decl":{"start":{"line":22,"column":2},"end":{"line":22,"column":3}},"loc":{"start":{"line":22,"column":13},"end":{"line":24,"column":3}},"line":22},"2":{"name":"(anonymous_2)","decl":{"start":{"line":29,"column":2},"end":{"line":29,"column":3}},"loc":{"start":{"line":29,"column":16},"end":{"line":29,"column":24}},"line":29},"3":{"name":"(anonymous_3)","decl":{"start":{"line":30,"column":2},"end":{"line":30,"column":3}},"loc":{"start":{"line":30,"column":13},"end":{"line":43,"column":3}},"line":30}},"branchMap":{"0":{"loc":{"start":{"line":4,"column":16},"end":{"line":4,"column":76}},"type":"binary-expr","locations":[{"start":{"line":4,"column":16},"end":{"line":4,"column":45}},{"start":{"line":4,"column":49},"end":{"line":4,"column":76}}],"line":4},"1":{"loc":{"start":{"line":17,"column":4},"end":{"line":19,"column":5}},"type":"if","locations":[{"start":{"line":17,"column":4},"end":{"line":19,"column":5}},{"start":{},"end":{}}],"line":17},"2":{"loc":{"start":{"line":32,"column":4},"end":{"line":40,"column":5}},"type":"if","locations":[{"start":{"line":32,"column":4},"end":{"line":40,"column":5}},{"start":{},"end":{}}],"line":32},"3":{"loc":{"start":{"line":37,"column":6},"end":{"line":39,"column":7}},"type":"if","locations":[{"start":{"line":37,"column":6},"end":{"line":39,"column":7}},{"start":{},"end":{}}],"line":37}},"s":{"0":1,"1":1,"2":1,"3":0,"4":0,"5":0,"6":0,"7":0,"8":1,"9":0,"10":0,"11":0,"12":0,"13":0,"14":0,"15":0},"f":{"0":0,"1":0,"2":0,"3":0},"b":{"0":[1,1],"1":[0,0],"2":[0,0],"3":[0,0]},"_coverageSchema":"1a1c01bbd47fc00a2c39e90264f33305004495a9","hash":"d42f8e513c7d120ac42f907e88c068832384b9c9"}
,"/Users/hridhaygarg/AgentCFO/.worktrees/feature/layer-roi-phase-4-frontend/frontend/src/api/integrationsApi.js": {"path":"/Users/hridhaygarg/AgentCFO/.worktrees/feature/layer-roi-phase-4-frontend/frontend/src/api/integrationsApi.js","statementMap":{"0":{"start":{"line":3,"column":33},"end":{"line":6,"column":1}},"1":{"start":{"line":4,"column":19},"end":{"line":4,"column":55}},"2":{"start":{"line":5,"column":2},"end":{"line":5,"column":23}},"3":{"start":{"line":8,"column":30},"end":{"line":11,"column":1}},"4":{"start":{"line":9,"column":19},"end":{"line":9,"column":61}},"5":{"start":{"line":10,"column":2},"end":{"line":10,"column":23}},"6":{"start":{"line":13,"column":33},"end":{"line":16,"column":1}},"7":{"start":{"line":14,"column":19},"end":{"line":14,"column":62}},"8":{"start":{"line":15,"column":2},"end":{"line":15,"column":23}},"9":{"start":{"line":18,"column":33},"end":{"line":22,"column":1}},"10":{"start":{"line":19,"column":32},"end":{"line":19,"column":36}},"11":{"start":{"line":20,"column":19},"end":{"line":20,"column":73}},"12":{"start":{"line":21,"column":2},"end":{"line":21,"column":23}},"13":{"start":{"line":24,"column":33},"end":{"line":27,"column":1}},"14":{"start":{"line":25,"column":19},"end":{"line":25,"column":64}},"15":{"start":{"line":26,"column":2},"end":{"line":26,"column":23}},"16":{"start":{"line":29,"column":31},"end":{"line":32,"column":1}},"17":{"start":{"line":30,"column":19},"end":{"line":30,"column":67}},"18":{"start":{"line":31,"column":2},"end":{"line":31,"column":23}},"19":{"start":{"line":34,"column":31},"end":{"line":37,"column":1}},"20":{"start":{"line":35,"column":19},"end":{"line":35,"column":67}},"21":{"start":{"line":36,"column":2},"end":{"line":36,"column":23}}},"fnMap":{"0":{"name":"(anonymous_0)","decl":{"start":{"line":3,"column":33},"end":{"line":3,"column":34}},"loc":{"start":{"line":3,"column":45},"end":{"line":6,"column":1}},"line":3},"1":{"name":"(anonymous_1)","decl":{"start":{"line":8,"column":30},"end":{"line":8,"column":31}},"loc":{"start":{"line":8,"column":44},"end":{"line":11,"column":1}},"line":8},"2":{"name":"(anonymous_2)","decl":{"start":{"line":13,"column":33},"end":{"line":13,"column":34}},"loc":{"start":{"line":13,"column":49},"end":{"line":16,"column":1}},"line":13},"3":{"name":"(anonymous_3)","decl":{"start":{"line":18,"column":33},"end":{"line":18,"column":34}},"loc":{"start":{"line":18,"column":49},"end":{"line":22,"column":1}},"line":18},"4":{"name":"(anonymous_4)","decl":{"start":{"line":24,"column":33},"end":{"line":24,"column":34}},"loc":{"start":{"line":24,"column":47},"end":{"line":27,"column":1}},"line":24},"5":{"name":"(anonymous_5)","decl":{"start":{"line":29,"column":31},"end":{"line":29,"column":32}},"loc":{"start":{"line":29,"column":45},"end":{"line":32,"column":1}},"line":29},"6":{"name":"(anonymous_6)","decl":{"start":{"line":34,"column":31},"end":{"line":34,"column":32}},"loc":{"start":{"line":34,"column":45},"end":{"line":37,"column":1}},"line":34}},"branchMap":{},"s":{"0":0,"1":0,"2":0,"3":0,"4":0,"5":0,"6":0,"7":0,"8":0,"9":0,"10":0,"11":0,"12":0,"13":0,"14":0,"15":0,"16":0,"17":0,"18":0,"19":0,"20":0,"21":0},"f":{"0":0,"1":0,"2":0,"3":0,"4":0,"5":0,"6":0},"b":{}}
,"/Users/hridhaygarg/AgentCFO/.worktrees/feature/layer-roi-phase-4-frontend/frontend/src/api/outreachApi.js": {"path":"/Users/hridhaygarg/AgentCFO/.worktrees/feature/layer-roi-phase-4-frontend/frontend/src/api/outreachApi.js","statementMap":{"0":{"start":{"line":3,"column":29},"end":{"line":24,"column":1}},"1":{"start":{"line":10,"column":17},"end":{"line":10,"column":38}},"2":{"start":{"line":11,"column":2},"end":{"line":11,"column":30}},"3":{"start":{"line":12,"column":2},"end":{"line":12,"column":32}},"4":{"start":{"line":13,"column":2},"end":{"line":13,"column":34}},"5":{"start":{"line":14,"column":2},"end":{"line":14,"column":40}},"6":{"start":{"line":16,"column":2},"end":{"line":20,"column":5}},"7":{"start":{"line":17,"column":4},"end":{"line":19,"column":5}},"8":{"start":{"line":18,"column":6},"end":{"line":18,"column":45}},"9":{"start":{"line":22,"column":19},"end":{"line":22,"column":72}},"10":{"start":{"line":23,"column":2},"end":{"line":23,"column":23}},"11":{"start":{"line":26,"column":27},"end":{"line":29,"column":1}},"12":{"start":{"line":27,"column":19},"end":{"line":27,"column":57}},"13":{"start":{"line":28,"column":2},"end":{"line":28,"column":23}},"14":{"start":{"line":31,"column":30},"end":{"line":34,"column":1}},"15":{"start":{"line":32,"column":19},"end":{"line":32,"column":58}},"16":{"start":{"line":33,"column":2},"end":{"line":33,"column":23}},"17":{"start":{"line":36,"column":30},"end":{"line":40,"column":1}},"18":{"start":{"line":37,"column":32},"end":{"line":37,"column":36}},"19":{"start":{"line":38,"column":19},"end":{"line":38,"column":69}},"20":{"start":{"line":39,"column":2},"end":{"line":39,"column":23}},"21":{"start":{"line":42,"column":30},"end":{"line":45,"column":1}},"22":{"start":{"line":43,"column":19},"end":{"line":43,"column":60}},"23":{"start":{"line":44,"column":2},"end":{"line":44,"column":23}},"24":{"start":{"line":47,"column":34},"end":{"line":50,"column":1}},"25":{"start":{"line":48,"column":19},"end":{"line":48,"column":77}},"26":{"start":{"line":49,"column":2},"end":{"line":49,"column":23}}},"fnMap":{"0":{"name":"(anonymous_0)","decl":{"start":{"line":3,"column":29},"end":{"line":3,"column":30}},"loc":{"start":{"line":9,"column":6},"end":{"line":24,"column":1}},"line":9},"1":{"name":"(anonymous_1)","decl":{"start":{"line":16,"column":34},"end":{"line":16,"column":35}},"loc":{"start":{"line":16,"column":52},"end":{"line":20,"column":3}},"line":16},"2":{"name":"(anonymous_2)","decl":{"start":{"line":26,"column":27},"end":{"line":26,"column":28}},"loc":{"start":{"line":26,"column":41},"end":{"line":29,"column":1}},"line":26},"3":{"name":"(anonymous_3)","decl":{"start":{"line":31,"column":30},"end":{"line":31,"column":31}},"loc":{"start":{"line":31,"column":46},"end":{"line":34,"column":1}},"line":31},"4":{"name":"(anonymous_4)","decl":{"start":{"line":36,"column":30},"end":{"line":36,"column":31}},"loc":{"start":{"line":36,"column":46},"end":{"line":40,"column":1}},"line":36},"5":{"name":"(anonymous_5)","decl":{"start":{"line":42,"column":30},"end":{"line":42,"column":31}},"loc":{"start":{"line":42,"column":44},"end":{"line":45,"column":1}},"line":42},"6":{"name":"(anonymous_6)","decl":{"start":{"line":47,"column":34},"end":{"line":47,"column":35}},"loc":{"start":{"line":47,"column":50},"end":{"line":50,"column":1}},"line":47}},"branchMap":{"0":{"loc":{"start":{"line":4,"column":2},"end":{"line":4,"column":10}},"type":"default-arg","locations":[{"start":{"line":4,"column":9},"end":{"line":4,"column":10}}],"line":4},"1":{"loc":{"start":{"line":5,"column":2},"end":{"line":5,"column":12}},"type":"default-arg","locations":[{"start":{"line":5,"column":10},"end":{"line":5,"column":12}}],"line":5},"2":{"loc":{"start":{"line":6,"column":2},"end":{"line":6,"column":14}},"type":"default-arg","locations":[{"start":{"line":6,"column":12},"end":{"line":6,"column":14}}],"line":6},"3":{"loc":{"start":{"line":7,"column":2},"end":{"line":7,"column":22}},"type":"default-arg","locations":[{"start":{"line":7,"column":11},"end":{"line":7,"column":22}}],"line":7},"4":{"loc":{"start":{"line":8,"column":2},"end":{"line":8,"column":20}},"type":"default-arg","locations":[{"start":{"line":8,"column":14},"end":{"line":8,"column":20}}],"line":8},"5":{"loc":{"start":{"line":17,"column":4},"end":{"line":19,"column":5}},"type":"if","locations":[{"start":{"line":17,"column":4},"end":{"line":19,"column":5}},{"start":{},"end":{}}],"line":17},"6":{"loc":{"start":{"line":17,"column":8},"end":{"line":17,"column":61}},"type":"binary-expr","locations":[{"start":{"line":17,"column":8},"end":{"line":17,"column":22}},{"start":{"line":17,"column":26},"end":{"line":17,"column":45}},{"start":{"line":17,"column":49},"end":{"line":17,"column":61}}],"line":17}},"s":{"0":0,"1":0,"2":0,"3":0,"4":0,"5":0,"6":0,"7":0,"8":0,"9":0,"10":0,"11":0,"12":0,"13":0,"14":0,"15":0,"16":0,"17":0,"18":0,"19":0,"20":0,"21":0,"22":0,"23":0,"24":0,"25":0,"26":0},"f":{"0":0,"1":0,"2":0,"3":0,"4":0,"5":0,"6":0},"b":{"0":[0],"1":[0],"2":[0],"3":[0],"4":[0],"5":[0,0],"6":[0,0,0]}}
,"/Users/hridhaygarg/AgentCFO/.worktrees/feature/layer-roi-phase-4-frontend/frontend/src/api/prospectApi.js": {"path":"/Users/hridhaygarg/AgentCFO/.worktrees/feature/layer-roi-phase-4-frontend/frontend/src/api/prospectApi.js","statementMap":{"0":{"start":{"line":3,"column":30},"end":{"line":24,"column":1}},"1":{"start":{"line":10,"column":17},"end":{"line":10,"column":38}},"2":{"start":{"line":11,"column":2},"end":{"line":11,"column":30}},"3":{"start":{"line":12,"column":2},"end":{"line":12,"column":32}},"4":{"start":{"line":13,"column":2},"end":{"line":13,"column":34}},"5":{"start":{"line":14,"column":2},"end":{"line":14,"column":40}},"6":{"start":{"line":16,"column":2},"end":{"line":20,"column":5}},"7":{"start":{"line":17,"column":4},"end":{"line":19,"column":5}},"8":{"start":{"line":18,"column":6},"end":{"line":18,"column":45}},"9":{"start":{"line":22,"column":19},"end":{"line":22,"column":73}},"10":{"start":{"line":23,"column":2},"end":{"line":23,"column":23}},"11":{"start":{"line":26,"column":27},"end":{"line":29,"column":1}},"12":{"start":{"line":27,"column":19},"end":{"line":27,"column":58}},"13":{"start":{"line":28,"column":2},"end":{"line":28,"column":23}},"14":{"start":{"line":31,"column":30},"end":{"line":34,"column":1}},"15":{"start":{"line":32,"column":19},"end":{"line":32,"column":59}},"16":{"start":{"line":33,"column":2},"end":{"line":33,"column":23}},"17":{"start":{"line":36,"column":30},"end":{"line":40,"column":1}},"18":{"start":{"line":37,"column":32},"end":{"line":37,"column":36}},"19":{"start":{"line":38,"column":19},"end":{"line":38,"column":70}},"20":{"start":{"line":39,"column":2},"end":{"line":39,"column":23}},"21":{"start":{"line":42,"column":30},"end":{"line":45,"column":1}},"22":{"start":{"line":43,"column":19},"end":{"line":43,"column":61}},"23":{"start":{"line":44,"column":2},"end":{"line":44,"column":23}},"24":{"start":{"line":47,"column":35},"end":{"line":50,"column":1}},"25":{"start":{"line":48,"column":19},"end":{"line":48,"column":86}},"26":{"start":{"line":49,"column":2},"end":{"line":49,"column":23}}},"fnMap":{"0":{"name":"(anonymous_0)","decl":{"start":{"line":3,"column":30},"end":{"line":3,"column":31}},"loc":{"start":{"line":9,"column":6},"end":{"line":24,"column":1}},"line":9},"1":{"name":"(anonymous_1)","decl":{"start":{"line":16,"column":34},"end":{"line":16,"column":35}},"loc":{"start":{"line":16,"column":52},"end":{"line":20,"column":3}},"line":16},"2":{"name":"(anonymous_2)","decl":{"start":{"line":26,"column":27},"end":{"line":26,"column":28}},"loc":{"start":{"line":26,"column":41},"end":{"line":29,"column":1}},"line":26},"3":{"name":"(anonymous_3)","decl":{"start":{"line":31,"column":30},"end":{"line":31,"column":31}},"loc":{"start":{"line":31,"column":46},"end":{"line":34,"column":1}},"line":31},"4":{"name":"(anonymous_4)","decl":{"start":{"line":36,"column":30},"end":{"line":36,"column":31}},"loc":{"start":{"line":36,"column":46},"end":{"line":40,"column":1}},"line":36},"5":{"name":"(anonymous_5)","decl":{"start":{"line":42,"column":30},"end":{"line":42,"column":31}},"loc":{"start":{"line":42,"column":44},"end":{"line":45,"column":1}},"line":42},"6":{"name":"(anonymous_6)","decl":{"start":{"line":47,"column":35},"end":{"line":47,"column":36}},"loc":{"start":{"line":47,"column":51},"end":{"line":50,"column":1}},"line":47}},"branchMap":{"0":{"loc":{"start":{"line":4,"column":2},"end":{"line":4,"column":10}},"type":"default-arg","locations":[{"start":{"line":4,"column":9},"end":{"line":4,"column":10}}],"line":4},"1":{"loc":{"start":{"line":5,"column":2},"end":{"line":5,"column":12}},"type":"default-arg","locations":[{"start":{"line":5,"column":10},"end":{"line":5,"column":12}}],"line":5},"2":{"loc":{"start":{"line":6,"column":2},"end":{"line":6,"column":14}},"type":"default-arg","locations":[{"start":{"line":6,"column":12},"end":{"line":6,"column":14}}],"line":6},"3":{"loc":{"start":{"line":7,"column":2},"end":{"line":7,"column":22}},"type":"default-arg","locations":[{"start":{"line":7,"column":11},"end":{"line":7,"column":22}}],"line":7},"4":{"loc":{"start":{"line":8,"column":2},"end":{"line":8,"column":20}},"type":"default-arg","locations":[{"start":{"line":8,"column":14},"end":{"line":8,"column":20}}],"line":8},"5":{"loc":{"start":{"line":17,"column":4},"end":{"line":19,"column":5}},"type":"if","locations":[{"start":{"line":17,"column":4},"end":{"line":19,"column":5}},{"start":{},"end":{}}],"line":17},"6":{"loc":{"start":{"line":17,"column":8},"end":{"line":17,"column":61}},"type":"binary-expr","locations":[{"start":{"line":17,"column":8},"end":{"line":17,"column":22}},{"start":{"line":17,"column":26},"end":{"line":17,"column":45}},{"start":{"line":17,"column":49},"end":{"line":17,"column":61}}],"line":17}},"s":{"0":1,"1":0,"2":0,"3":0,"4":0,"5":0,"6":0,"7":0,"8":0,"9":0,"10":0,"11":1,"12":0,"13":0,"14":1,"15":0,"16":0,"17":1,"18":0,"19":0,"20":0,"21":1,"22":0,"23":0,"24":1,"25":0,"26":0},"f":{"0":0,"1":0,"2":0,"3":0,"4":0,"5":0,"6":0},"b":{"0":[0],"1":[0],"2":[0],"3":[0],"4":[0],"5":[0,0],"6":[0,0,0]},"_coverageSchema":"1a1c01bbd47fc00a2c39e90264f33305004495a9","hash":"73581dfc5a2b237998322214b7063bad59d3c10a"}
,"/Users/hridhaygarg/AgentCFO/.worktrees/feature/layer-roi-phase-4-frontend/frontend/src/api/webhooksApi.js": {"path":"/Users/hridhaygarg/AgentCFO/.worktrees/feature/layer-roi-phase-4-frontend/frontend/src/api/webhooksApi.js","statementMap":{"0":{"start":{"line":3,"column":29},"end":{"line":6,"column":1}},"1":{"start":{"line":4,"column":19},"end":{"line":4,"column":51}},"2":{"start":{"line":5,"column":2},"end":{"line":5,"column":23}},"3":{"start":{"line":8,"column":26},"end":{"line":11,"column":1}},"4":{"start":{"line":9,"column":19},"end":{"line":9,"column":57}},"5":{"start":{"line":10,"column":2},"end":{"line":10,"column":23}},"6":{"start":{"line":13,"column":29},"end":{"line":16,"column":1}},"7":{"start":{"line":14,"column":19},"end":{"line":14,"column":58}},"8":{"start":{"line":15,"column":2},"end":{"line":15,"column":23}},"9":{"start":{"line":18,"column":29},"end":{"line":22,"column":1}},"10":{"start":{"line":19,"column":32},"end":{"line":19,"column":36}},"11":{"start":{"line":20,"column":19},"end":{"line":20,"column":69}},"12":{"start":{"line":21,"column":2},"end":{"line":21,"column":23}},"13":{"start":{"line":24,"column":29},"end":{"line":27,"column":1}},"14":{"start":{"line":25,"column":19},"end":{"line":25,"column":60}},"15":{"start":{"line":26,"column":2},"end":{"line":26,"column":23}},"16":{"start":{"line":29,"column":27},"end":{"line":32,"column":1}},"17":{"start":{"line":30,"column":19},"end":{"line":30,"column":63}},"18":{"start":{"line":31,"column":2},"end":{"line":31,"column":23}},"19":{"start":{"line":34,"column":30},"end":{"line":37,"column":1}},"20":{"start":{"line":35,"column":19},"end":{"line":35,"column":62}},"21":{"start":{"line":36,"column":2},"end":{"line":36,"column":23}}},"fnMap":{"0":{"name":"(anonymous_0)","decl":{"start":{"line":3,"column":29},"end":{"line":3,"column":30}},"loc":{"start":{"line":3,"column":41},"end":{"line":6,"column":1}},"line":3},"1":{"name":"(anonymous_1)","decl":{"start":{"line":8,"column":26},"end":{"line":8,"column":27}},"loc":{"start":{"line":8,"column":40},"end":{"line":11,"column":1}},"line":8},"2":{"name":"(anonymous_2)","decl":{"start":{"line":13,"column":29},"end":{"line":13,"column":30}},"loc":{"start":{"line":13,"column":45},"end":{"line":16,"column":1}},"line":13},"3":{"name":"(anonymous_3)","decl":{"start":{"line":18,"column":29},"end":{"line":18,"column":30}},"loc":{"start":{"line":18,"column":45},"end":{"line":22,"column":1}},"line":18},"4":{"name":"(anonymous_4)","decl":{"start":{"line":24,"column":29},"end":{"line":24,"column":30}},"loc":{"start":{"line":24,"column":43},"end":{"line":27,"column":1}},"line":24},"5":{"name":"(anonymous_5)","decl":{"start":{"line":29,"column":27},"end":{"line":29,"column":28}},"loc":{"start":{"line":29,"column":41},"end":{"line":32,"column":1}},"line":29},"6":{"name":"(anonymous_6)","decl":{"start":{"line":34,"column":30},"end":{"line":34,"column":31}},"loc":{"start":{"line":34,"column":44},"end":{"line":37,"column":1}},"line":34}},"branchMap":{},"s":{"0":0,"1":0,"2":0,"3":0,"4":0,"5":0,"6":0,"7":0,"8":0,"9":0,"10":0,"11":0,"12":0,"13":0,"14":0,"15":0,"16":0,"17":0,"18":0,"19":0,"20":0,"21":0},"f":{"0":0,"1":0,"2":0,"3":0,"4":0,"5":0,"6":0},"b":{}}
,"/Users/hridhaygarg/AgentCFO/.worktrees/feature/layer-roi-phase-4-frontend/frontend/src/components/AgentMetrics.jsx": {"path":"/Users/hridhaygarg/AgentCFO/.worktrees/feature/layer-roi-phase-4-frontend/frontend/src/components/AgentMetrics.jsx","statementMap":{"0":{"start":{"line":4,"column":2},"end":{"line":12,"column":3}},"1":{"start":{"line":5,"column":4},"end":{"line":11,"column":5}},"2":{"start":{"line":14,"column":2},"end":{"line":61,"column":3}},"3":{"start":{"line":17,"column":8},"end":{"line":58,"column":26}},"4":{"start":{"line":22,"column":12},"end":{"line":22,"column":76}},"5":{"start":{"line":23,"column":12},"end":{"line":23,"column":65}},"6":{"start":{"line":25,"column":12},"end":{"line":25,"column":75}},"7":{"start":{"line":26,"column":12},"end":{"line":26,"column":62}}},"fnMap":{"0":{"name":"AgentMetrics","decl":{"start":{"line":3,"column":24},"end":{"line":3,"column":36}},"loc":{"start":{"line":3,"column":54},"end":{"line":62,"column":1}},"line":3},"1":{"name":"(anonymous_1)","decl":{"start":{"line":16,"column":18},"end":{"line":16,"column":19}},"loc":{"start":{"line":17,"column":8},"end":{"line":58,"column":26}},"line":17},"2":{"name":"(anonymous_2)","decl":{"start":{"line":21,"column":27},"end":{"line":21,"column":28}},"loc":{"start":{"line":21,"column":34},"end":{"line":24,"column":11}},"line":21},"3":{"name":"(anonymous_3)","decl":{"start":{"line":24,"column":27},"end":{"line":24,"column":28}},"loc":{"start":{"line":24,"column":34},"end":{"line":27,"column":11}},"line":24}},"branchMap":{"0":{"loc":{"start":{"line":3,"column":39},"end":{"line":3,"column":50}},"type":"default-arg","locations":[{"start":{"line":3,"column":48},"end":{"line":3,"column":50}}],"line":3},"1":{"loc":{"start":{"line":4,"column":2},"end":{"line":12,"column":3}},"type":"if","locations":[{"start":{"line":4,"column":2},"end":{"line":12,"column":3}},{"start":{},"end":{}}],"line":4},"2":{"loc":{"start":{"line":33,"column":69},"end":{"line":33,"column":106}},"type":"binary-expr","locations":[{"start":{"line":33,"column":69},"end":{"line":33,"column":96}},{"start":{"line":33,"column":100},"end":{"line":33,"column":106}}],"line":33},"3":{"loc":{"start":{"line":38,"column":57},"end":{"line":38,"column":73}},"type":"binary-expr","locations":[{"start":{"line":38,"column":57},"end":{"line":38,"column":68}},{"start":{"line":38,"column":72},"end":{"line":38,"column":73}}],"line":38},"4":{"loc":{"start":{"line":43,"column":58},"end":{"line":43,"column":104}},"type":"binary-expr","locations":[{"start":{"line":43,"column":58},"end":{"line":43,"column":90}},{"start":{"line":43,"column":94},"end":{"line":43,"column":104}}],"line":43},"5":{"loc":{"start":{"line":49,"column":102},"end":{"line":49,"column":183}},"type":"cond-expr","locations":[{"start":{"line":49,"column":126},"end":{"line":49,"column":151}},{"start":{"line":49,"column":154},"end":{"line":49,"column":183}}],"line":49},"6":{"loc":{"start":{"line":50,"column":31},"end":{"line":50,"column":83}},"type":"cond-expr","locations":[{"start":{"line":50,"column":55},"end":{"line":50,"column":74}},{"start":{"line":50,"column":77},"end":{"line":50,"column":83}}],"line":50},"7":{"loc":{"start":{"line":52,"column":21},"end":{"line":52,"column":72}},"type":"cond-expr","locations":[{"start":{"line":52,"column":45},"end":{"line":52,"column":59}},{"start":{"line":52,"column":62},"end":{"line":52,"column":72}}],"line":52}},"s":{"0":0,"1":0,"2":0,"3":0,"4":0,"5":0,"6":0,"7":0},"f":{"0":0,"1":0,"2":0,"3":0},"b":{"0":[0],"1":[0,0],"2":[0,0],"3":[0,0],"4":[0,0],"5":[0,0],"6":[0,0],"7":[0,0]}}
,"/Users/hridhaygarg/AgentCFO/.worktrees/feature/layer-roi-phase-4-frontend/frontend/src/components/AgentPLTable.jsx": {"path":"/Users/hridhaygarg/AgentCFO/.worktrees/feature/layer-roi-phase-4-frontend/frontend/src/components/AgentPLTable.jsx","statementMap":{"0":{"start":{"line":8,"column":34},"end":{"line":8,"column":48}},"1":{"start":{"line":10,"column":20},"end":{"line":14,"column":3}},"2":{"start":{"line":11,"column":4},"end":{"line":11,"column":76}},"3":{"start":{"line":11,"column":17},"end":{"line":11,"column":76}},"4":{"start":{"line":12,"column":4},"end":{"line":12,"column":74}},"5":{"start":{"line":12,"column":19},"end":{"line":12,"column":74}},"6":{"start":{"line":13,"column":4},"end":{"line":13,"column":65}},"7":{"start":{"line":16,"column":2},"end":{"line":92,"column":4}},"8":{"start":{"line":40,"column":29},"end":{"line":40,"column":49}},"9":{"start":{"line":41,"column":33},"end":{"line":41,"column":54}},"10":{"start":{"line":42,"column":14},"end":{"line":86,"column":16}},"11":{"start":{"line":45,"column":35},"end":{"line":45,"column":76}},"12":{"start":{"line":52,"column":22},"end":{"line":52,"column":76}},"13":{"start":{"line":54,"column":22},"end":{"line":54,"column":111}}},"fnMap":{"0":{"name":"AgentPLTable","decl":{"start":{"line":7,"column":24},"end":{"line":7,"column":36}},"loc":{"start":{"line":7,"column":49},"end":{"line":93,"column":1}},"line":7},"1":{"name":"(anonymous_1)","decl":{"start":{"line":10,"column":20},"end":{"line":10,"column":21}},"loc":{"start":{"line":10,"column":29},"end":{"line":14,"column":3}},"line":10},"2":{"name":"(anonymous_2)","decl":{"start":{"line":39,"column":24},"end":{"line":39,"column":25}},"loc":{"start":{"line":39,"column":40},"end":{"line":87,"column":13}},"line":39},"3":{"name":"(anonymous_3)","decl":{"start":{"line":45,"column":29},"end":{"line":45,"column":30}},"loc":{"start":{"line":45,"column":35},"end":{"line":45,"column":76}},"line":45},"4":{"name":"(anonymous_4)","decl":{"start":{"line":51,"column":37},"end":{"line":51,"column":38}},"loc":{"start":{"line":51,"column":44},"end":{"line":53,"column":21}},"line":51},"5":{"name":"(anonymous_5)","decl":{"start":{"line":53,"column":37},"end":{"line":53,"column":38}},"loc":{"start":{"line":53,"column":44},"end":{"line":55,"column":21}},"line":53}},"branchMap":{"0":{"loc":{"start":{"line":11,"column":4},"end":{"line":11,"column":76}},"type":"if","locations":[{"start":{"line":11,"column":4},"end":{"line":11,"column":76}},{"start":{},"end":{}}],"line":11},"1":{"loc":{"start":{"line":12,"column":4},"end":{"line":12,"column":74}},"type":"if","locations":[{"start":{"line":12,"column":4},"end":{"line":12,"column":74}},{"start":{},"end":{}}],"line":12},"2":{"loc":{"start":{"line":45,"column":47},"end":{"line":45,"column":75}},"type":"cond-expr","locations":[{"start":{"line":45,"column":60},"end":{"line":45,"column":64}},{"start":{"line":45,"column":67},"end":{"line":45,"column":75}}],"line":45},"3":{"loc":{"start":{"line":49,"column":34},"end":{"line":49,"column":87}},"type":"cond-expr","locations":[{"start":{"line":49,"column":47},"end":{"line":49,"column":71}},{"start":{"line":49,"column":74},"end":{"line":49,"column":87}}],"line":49},"4":{"loc":{"start":{"line":54,"column":57},"end":{"line":54,"column":110}},"type":"cond-expr","locations":[{"start":{"line":54,"column":70},"end":{"line":54,"column":94}},{"start":{"line":54,"column":97},"end":{"line":54,"column":110}}],"line":54},"5":{"loc":{"start":{"line":79,"column":35},"end":{"line":79,"column":69}},"type":"cond-expr","locations":[{"start":{"line":79,"column":48},"end":{"line":79,"column":64}},{"start":{"line":79,"column":67},"end":{"line":79,"column":69}}],"line":79},"6":{"loc":{"start":{"line":84,"column":19},"end":{"line":84,"column":167}},"type":"binary-expr","locations":[{"start":{"line":84,"column":19},"end":{"line":84,"column":29}},{"start":{"line":84,"column":33},"end":{"line":84,"column":167}}],"line":84}},"s":{"0":0,"1":0,"2":0,"3":0,"4":0,"5":0,"6":0,"7":0,"8":0,"9":0,"10":0,"11":0,"12":0,"13":0},"f":{"0":0,"1":0,"2":0,"3":0,"4":0,"5":0},"b":{"0":[0,0],"1":[0,0],"2":[0,0],"3":[0,0],"4":[0,0],"5":[0,0],"6":[0,0]}}
,"/Users/hridhaygarg/AgentCFO/.worktrees/feature/layer-roi-phase-4-frontend/frontend/src/components/AgentRowExpanded.jsx": {"path":"/Users/hridhaygarg/AgentCFO/.worktrees/feature/layer-roi-phase-4-frontend/frontend/src/components/AgentRowExpanded.jsx","statementMap":{"0":{"start":{"line":4,"column":2},"end":{"line":32,"column":4}}},"fnMap":{"0":{"name":"AgentRowExpanded","decl":{"start":{"line":3,"column":24},"end":{"line":3,"column":40}},"loc":{"start":{"line":3,"column":52},"end":{"line":33,"column":1}},"line":3}},"branchMap":{"0":{"loc":{"start":{"line":26,"column":80},"end":{"line":26,"column":137}},"type":"cond-expr","locations":[{"start":{"line":26,"column":96},"end":{"line":26,"column":115}},{"start":{"line":26,"column":118},"end":{"line":26,"column":137}}],"line":26}},"s":{"0":0},"f":{"0":0},"b":{"0":[0,0]}}
,"/Users/hridhaygarg/AgentCFO/.worktrees/feature/layer-roi-phase-4-frontend/frontend/src/components/AnimatedSection.jsx": {"path":"/Users/hridhaygarg/AgentCFO/.worktrees/feature/layer-roi-phase-4-frontend/frontend/src/components/AnimatedSection.jsx","statementMap":{"0":{"start":{"line":11,"column":34},"end":{"line":11,"column":84}},"1":{"start":{"line":13,"column":23},"end":{"line":27,"column":3}},"2":{"start":{"line":14,"column":4},"end":{"line":14,"column":70}},"3":{"start":{"line":14,"column":24},"end":{"line":14,"column":70}},"4":{"start":{"line":15,"column":4},"end":{"line":26,"column":5}},"5":{"start":{"line":17,"column":8},"end":{"line":17,"column":57}},"6":{"start":{"line":19,"column":8},"end":{"line":19,"column":58}},"7":{"start":{"line":21,"column":8},"end":{"line":21,"column":57}},"8":{"start":{"line":23,"column":8},"end":{"line":23,"column":57}},"9":{"start":{"line":25,"column":8},"end":{"line":25,"column":57}},"10":{"start":{"line":29,"column":2},"end":{"line":42,"column":4}}},"fnMap":{"0":{"name":"AnimatedSection","decl":{"start":{"line":3,"column":16},"end":{"line":3,"column":31}},"loc":{"start":{"line":10,"column":3},"end":{"line":43,"column":1}},"line":10},"1":{"name":"(anonymous_1)","decl":{"start":{"line":13,"column":23},"end":{"line":13,"column":24}},"loc":{"start":{"line":13,"column":29},"end":{"line":27,"column":3}},"line":13}},"branchMap":{"0":{"loc":{"start":{"line":5,"column":2},"end":{"line":5,"column":22}},"type":"default-arg","locations":[{"start":{"line":5,"column":14},"end":{"line":5,"column":22}}],"line":5},"1":{"loc":{"start":{"line":6,"column":2},"end":{"line":6,"column":11}},"type":"default-arg","locations":[{"start":{"line":6,"column":10},"end":{"line":6,"column":11}}],"line":6},"2":{"loc":{"start":{"line":7,"column":2},"end":{"line":7,"column":18}},"type":"default-arg","locations":[{"start":{"line":7,"column":14},"end":{"line":7,"column":18}}],"line":7},"3":{"loc":{"start":{"line":8,"column":2},"end":{"line":8,"column":16}},"type":"default-arg","locations":[{"start":{"line":8,"column":14},"end":{"line":8,"column":16}}],"line":8},"4":{"loc":{"start":{"line":9,"column":2},"end":{"line":9,"column":12}},"type":"default-arg","locations":[{"start":{"line":9,"column":10},"end":{"line":9,"column":12}}],"line":9},"5":{"loc":{"start":{"line":14,"column":4},"end":{"line":14,"column":70}},"type":"if","locations":[{"start":{"line":14,"column":4},"end":{"line":14,"column":70}},{"start":{},"end":{}}],"line":14},"6":{"loc":{"start":{"line":15,"column":4},"end":{"line":26,"column":5}},"type":"switch","locations":[{"start":{"line":16,"column":6},"end":{"line":17,"column":57}},{"start":{"line":18,"column":6},"end":{"line":19,"column":58}},{"start":{"line":20,"column":6},"end":{"line":21,"column":57}},{"start":{"line":22,"column":6},"end":{"line":23,"column":57}},{"start":{"line":24,"column":6},"end":{"line":25,"column":57}}],"line":15},"7":{"loc":{"start":{"line":34,"column":17},"end":{"line":34,"column":39}},"type":"cond-expr","locations":[{"start":{"line":34,"column":34},"end":{"line":34,"column":35}},{"start":{"line":34,"column":38},"end":{"line":34,"column":39}}],"line":34}},"s":{"0":0,"1":0,"2":0,"3":0,"4":0,"5":0,"6":0,"7":0,"8":0,"9":0,"10":0},"f":{"0":0,"1":0},"b":{"0":[0],"1":[0],"2":[0],"3":[0],"4":[0],"5":[0,0],"6":[0,0,0,0,0],"7":[0,0]}}
,"/Users/hridhaygarg/AgentCFO/.worktrees/feature/layer-roi-phase-4-frontend/frontend/src/components/Dashboard.jsx": {"path":"/Users/hridhaygarg/AgentCFO/.worktrees/feature/layer-roi-phase-4-frontend/frontend/src/components/Dashboard.jsx","statementMap":{"0":{"start":{"line":5,"column":24},"end":{"line":13,"column":3}},"1":{"start":{"line":15,"column":26},"end":{"line":15,"column":79}},"2":{"start":{"line":15,"column":61},"end":{"line":15,"column":75}},"3":{"start":{"line":17,"column":2},"end":{"line":88,"column":3}},"4":{"start":{"line":24,"column":10},"end":{"line":24,"column":74}},"5":{"start":{"line":25,"column":10},"end":{"line":25,"column":63}},"6":{"start":{"line":27,"column":10},"end":{"line":27,"column":73}},"7":{"start":{"line":28,"column":10},"end":{"line":28,"column":60}},"8":{"start":{"line":36,"column":45},"end":{"line":36,"column":67}},"9":{"start":{"line":59,"column":10},"end":{"line":59,"column":74}},"10":{"start":{"line":60,"column":10},"end":{"line":60,"column":63}},"11":{"start":{"line":62,"column":10},"end":{"line":62,"column":73}},"12":{"start":{"line":63,"column":10},"end":{"line":63,"column":60}},"13":{"start":{"line":67,"column":92},"end":{"line":70,"column":13}},"14":{"start":{"line":74,"column":45},"end":{"line":74,"column":67}}},"fnMap":{"0":{"name":"Dashboard","decl":{"start":{"line":4,"column":24},"end":{"line":4,"column":33}},"loc":{"start":{"line":4,"column":50},"end":{"line":89,"column":1}},"line":4},"1":{"name":"(anonymous_1)","decl":{"start":{"line":15,"column":47},"end":{"line":15,"column":48}},"loc":{"start":{"line":15,"column":61},"end":{"line":15,"column":75}},"line":15},"2":{"name":"(anonymous_2)","decl":{"start":{"line":23,"column":25},"end":{"line":23,"column":26}},"loc":{"start":{"line":23,"column":32},"end":{"line":26,"column":9}},"line":23},"3":{"name":"(anonymous_3)","decl":{"start":{"line":26,"column":25},"end":{"line":26,"column":26}},"loc":{"start":{"line":26,"column":32},"end":{"line":29,"column":9}},"line":26},"4":{"name":"(anonymous_4)","decl":{"start":{"line":36,"column":34},"end":{"line":36,"column":35}},"loc":{"start":{"line":36,"column":45},"end":{"line":36,"column":67}},"line":36},"5":{"name":"(anonymous_5)","decl":{"start":{"line":58,"column":25},"end":{"line":58,"column":26}},"loc":{"start":{"line":58,"column":32},"end":{"line":61,"column":9}},"line":58},"6":{"name":"(anonymous_6)","decl":{"start":{"line":61,"column":25},"end":{"line":61,"column":26}},"loc":{"start":{"line":61,"column":32},"end":{"line":64,"column":9}},"line":61},"7":{"name":"(anonymous_7)","decl":{"start":{"line":67,"column":73},"end":{"line":67,"column":74}},"loc":{"start":{"line":67,"column":92},"end":{"line":70,"column":13}},"line":67},"8":{"name":"(anonymous_8)","decl":{"start":{"line":74,"column":34},"end":{"line":74,"column":35}},"loc":{"start":{"line":74,"column":45},"end":{"line":74,"column":67}},"line":74}},"branchMap":{"0":{"loc":{"start":{"line":4,"column":36},"end":{"line":4,"column":46}},"type":"default-arg","locations":[{"start":{"line":4,"column":44},"end":{"line":4,"column":46}}],"line":4},"1":{"loc":{"start":{"line":67,"column":28},"end":{"line":70,"column":20}},"type":"cond-expr","locations":[{"start":{"line":67,"column":47},"end":{"line":70,"column":15}},{"start":{"line":70,"column":18},"end":{"line":70,"column":20}}],"line":67},"2":{"loc":{"start":{"line":69,"column":20},"end":{"line":69,"column":39}},"type":"binary-expr","locations":[{"start":{"line":69,"column":20},"end":{"line":69,"column":34}},{"start":{"line":69,"column":38},"end":{"line":69,"column":39}}],"line":69},"3":{"loc":{"start":{"line":82,"column":11},"end":{"line":84,"column":11}},"type":"binary-expr","locations":[{"start":{"line":82,"column":11},"end":{"line":82,"column":42}},{"start":{"line":83,"column":12},"end":{"line":83,"column":160}}],"line":82}},"s":{"0":0,"1":0,"2":0,"3":0,"4":0,"5":0,"6":0,"7":0,"8":0,"9":0,"10":0,"11":0,"12":0,"13":0,"14":0},"f":{"0":0,"1":0,"2":0,"3":0,"4":0,"5":0,"6":0,"7":0,"8":0},"b":{"0":[0],"1":[0,0],"2":[0,0],"3":[0,0]}}
,"/Users/hridhaygarg/AgentCFO/.worktrees/feature/layer-roi-phase-4-frontend/frontend/src/components/EmptyState.jsx": {"path":"/Users/hridhaygarg/AgentCFO/.worktrees/feature/layer-roi-phase-4-frontend/frontend/src/components/EmptyState.jsx","statementMap":{"0":{"start":{"line":1,"column":15},"end":{"line":9,"column":1}},"1":{"start":{"line":19,"column":2},"end":{"line":118,"column":4}},"2":{"start":{"line":79,"column":14},"end":{"line":79,"column":60}},"3":{"start":{"line":80,"column":14},"end":{"line":80,"column":74}},"4":{"start":{"line":83,"column":14},"end":{"line":83,"column":57}},"5":{"start":{"line":84,"column":14},"end":{"line":84,"column":48}},"6":{"start":{"line":105,"column":14},"end":{"line":105,"column":53}},"7":{"start":{"line":106,"column":14},"end":{"line":106,"column":67}},"8":{"start":{"line":109,"column":14},"end":{"line":109,"column":50}},"9":{"start":{"line":110,"column":14},"end":{"line":110,"column":41}}},"fnMap":{"0":{"name":"EmptyState","decl":{"start":{"line":11,"column":24},"end":{"line":11,"column":34}},"loc":{"start":{"line":18,"column":3},"end":{"line":119,"column":1}},"line":18},"1":{"name":"(anonymous_1)","decl":{"start":{"line":78,"column":26},"end":{"line":78,"column":27}},"loc":{"start":{"line":78,"column":33},"end":{"line":81,"column":13}},"line":78},"2":{"name":"(anonymous_2)","decl":{"start":{"line":82,"column":26},"end":{"line":82,"column":27}},"loc":{"start":{"line":82,"column":33},"end":{"line":85,"column":13}},"line":82},"3":{"name":"(anonymous_3)","decl":{"start":{"line":104,"column":26},"end":{"line":104,"column":27}},"loc":{"start":{"line":104,"column":33},"end":{"line":107,"column":13}},"line":104},"4":{"name":"(anonymous_4)","decl":{"start":{"line":108,"column":26},"end":{"line":108,"column":27}},"loc":{"start":{"line":108,"column":33},"end":{"line":111,"column":13}},"line":108}},"branchMap":{"0":{"loc":{"start":{"line":12,"column":2},"end":{"line":12,"column":29}},"type":"default-arg","locations":[{"start":{"line":12,"column":10},"end":{"line":12,"column":29}}],"line":12},"1":{"loc":{"start":{"line":13,"column":2},"end":{"line":13,"column":56}},"type":"default-arg","locations":[{"start":{"line":13,"column":16},"end":{"line":13,"column":56}}],"line":13},"2":{"loc":{"start":{"line":14,"column":2},"end":{"line":14,"column":13}},"type":"default-arg","locations":[{"start":{"line":14,"column":9},"end":{"line":14,"column":13}}],"line":14},"3":{"loc":{"start":{"line":15,"column":2},"end":{"line":15,"column":15}},"type":"default-arg","locations":[{"start":{"line":15,"column":11},"end":{"line":15,"column":15}}],"line":15},"4":{"loc":{"start":{"line":16,"column":2},"end":{"line":16,"column":28}},"type":"default-arg","locations":[{"start":{"line":16,"column":15},"end":{"line":16,"column":28}}],"line":16},"5":{"loc":{"start":{"line":17,"column":2},"end":{"line":17,"column":27}},"type":"default-arg","locations":[{"start":{"line":17,"column":15},"end":{"line":17,"column":27}}],"line":17},"6":{"loc":{"start":{"line":63,"column":7},"end":{"line":116,"column":7}},"type":"binary-expr","locations":[{"start":{"line":63,"column":8},"end":{"line":63,"column":14}},{"start":{"line":63,"column":18},"end":{"line":63,"column":28}},{"start":{"line":64,"column":8},"end":{"line":115,"column":9}}],"line":63},"7":{"loc":{"start":{"line":64,"column":8},"end":{"line":115,"column":9}},"type":"cond-expr","locations":[{"start":{"line":65,"column":10},"end":{"line":88,"column":19}},{"start":{"line":90,"column":10},"end":{"line":114,"column":14}}],"line":64}},"s":{"0":0,"1":0,"2":0,"3":0,"4":0,"5":0,"6":0,"7":0,"8":0,"9":0},"f":{"0":0,"1":0,"2":0,"3":0,"4":0},"b":{"0":[0],"1":[0],"2":[0],"3":[0],"4":[0],"5":[0],"6":[0,0,0],"7":[0,0]}}
[...]
,"line":233},"14":{"loc":{"start":{"line":233,"column":6},"end":{"line":233,"column":65}},"type":"binary-expr","locations":[{"start":{"line":233,"column":6},"end":{"line":233,"column":25}},{"start":{"line":233,"column":29},"end":{"line":233,"column":65}}],"line":233},"15":{"loc":{"start":{"line":240,"column":9},"end":{"line":240,"column":42}},"type":"cond-expr","locations":[{"start":{"line":240,"column":14},"end":{"line":240,"column":38}},{"start":{"line":240,"column":41},"end":{"line":240,"column":42}}],"line":240},"16":{"loc":{"start":{"line":249,"column":2},"end":{"line":251,"column":3}},"type":"if","locations":[{"start":{"line":249,"column":2},"end":{"line":251,"column":3}},{"start":{},"end":{}}],"line":249},"17":{"loc":{"start":{"line":249,"column":6},"end":{"line":249,"column":65}},"type":"binary-expr","locations":[{"start":{"line":249,"column":6},"end":{"line":249,"column":25}},{"start":{"line":249,"column":29},"end":{"line":249,"column":65}}],"line":249},"18":{"loc":{"start":{"line":256,"column":9},"end":{"line":256,"column":44}},"type":"cond-expr","locations":[{"start":{"line":256,"column":15},"end":{"line":256,"column":40}},{"start":{"line":256,"column":43},"end":{"line":256,"column":44}}],"line":256},"19":{"loc":{"start":{"line":265,"column":2},"end":{"line":267,"column":3}},"type":"if","locations":[{"start":{"line":265,"column":2},"end":{"line":267,"column":3}},{"start":{},"end":{}}],"line":265},"20":{"loc":{"start":{"line":265,"column":6},"end":{"line":265,"column":65}},"type":"binary-expr","locations":[{"start":{"line":265,"column":6},"end":{"line":265,"column":25}},{"start":{"line":265,"column":29},"end":{"line":265,"column":65}}],"line":265},"21":{"loc":{"start":{"line":278,"column":2},"end":{"line":280,"column":3}},"type":"if","locations":[{"start":{"line":278,"column":2},"end":{"line":280,"column":3}},{"start":{},"end":{}}],"line":278},"22":{"loc":{"start":{"line":278,"column":6},"end":{"line":278,"column":65}},"type":"binary-expr","locations":[{"start":{"line":278,"column":6},"end":{"line":278,"column":25}},{"start":{"line":278,"column":29},"end":{"line":278,"column":65}}],"line":278},"23":{"loc":{"start":{"line":283,"column":56},"end":{"line":283,"column":82}},"type":"binary-expr","locations":[{"start":{"line":283,"column":56},"end":{"line":283,"column":77}},{"start":{"line":283,"column":81},"end":{"line":283,"column":82}}],"line":283},"24":{"loc":{"start":{"line":293,"column":33},"end":{"line":293,"column":47}},"type":"default-arg","locations":[{"start":{"line":293,"column":45},"end":{"line":293,"column":47}}],"line":293},"25":{"loc":{"start":{"line":297,"column":2},"end":{"line":310,"column":3}},"type":"if","locations":[{"start":{"line":297,"column":2},"end":{"line":310,"column":3}},{"start":{},"end":{}}],"line":297},"26":{"loc":{"start":{"line":297,"column":6},"end":{"line":297,"column":54}},"type":"binary-expr","locations":[{"start":{"line":297,"column":6},"end":{"line":297,"column":19}},{"start":{"line":297,"column":23},"end":{"line":297,"column":54}}],"line":297},"27":{"loc":{"start":{"line":302,"column":22},"end":{"line":302,"column":64}},"type":"binary-expr","locations":[{"start":{"line":302,"column":22},"end":{"line":302,"column":42}},{"start":{"line":302,"column":46},"end":{"line":302,"column":64}}],"line":302},"28":{"loc":{"start":{"line":313,"column":2},"end":{"line":326,"column":3}},"type":"if","locations":[{"start":{"line":313,"column":2},"end":{"line":326,"column":3}},{"start":{},"end":{}}],"line":313},"29":{"loc":{"start":{"line":313,"column":6},"end":{"line":313,"column":54}},"type":"binary-expr","locations":[{"start":{"line":313,"column":6},"end":{"line":313,"column":19}},{"start":{"line":313,"column":23},"end":{"line":313,"column":54}}],"line":313},"30":{"loc":{"start":{"line":329,"column":2},"end":{"line":346,"column":3}},"type":"if","locations":[{"start":{"line":329,"column":2},"end":{"line":346,"column":3}},{"start":{},"end":{}}],"line":329},"31":{"loc":{"start":{"line":329,"column":6},"end":{"line":329,"column":54}},"type":"binary-expr","locations":[{"start":{"line":329,"column":6},"end":{"line":329,"column":19}},{"start":{"line":329,"column":23},"end":{"line":329,"column":54}}],"line":329},"32":{"loc":{"start":{"line":334,"column":10},"end":{"line":337,"column":11}},"type":"if","locations":[{"start":{"line":334,"column":10},"end":{"line":337,"column":11}},{"start":{},"end":{}}],"line":334},"33":{"loc":{"start":{"line":395,"column":2},"end":{"line":399,"column":3}},"type":"if","locations":[{"start":{"line":395,"column":2},"end":{"line":399,"column":3}},{"start":{"line":397,"column":9},"end":{"line":399,"column":3}}],"line":395}},"s":{"0":1,"1":1,"2":3,"3":3,"4":1,"5":1,"6":1,"7":4,"8":2,"9":2,"10":2,"11":1,"12":0,"13":0,"14":0,"15":0,"16":0,"17":0,"18":0,"19":0,"20":0,"21":0,"22":0,"23":0,"24":0,"25":0,"26":0,"27":0,"28":0,"29":0,"30":0,"31":0,"32":0,"33":0,"34":0,"35":0,"36":0,"37":0,"38":0,"39":0,"40":0,"41":0,"42":0,"43":0,"44":0,"45":0,"46":0,"47":0,"48":0,"49":0,"50":0,"51":0,"52":0,"53":0,"54":0,"55":0,"56":0,"57":0,"58":0,"59":0,"60":0,"61":0,"62":0,"63":0,"64":0,"65":0,"66":0,"67":0,"68":1,"69":0,"70":1,"71":1,"72":1,"73":1,"74":1,"75":0,"76":1,"77":1,"78":2,"79":1,"80":0,"81":0,"82":0,"83":0,"84":0,"85":0,"86":0,"87":0,"88":0,"89":0,"90":0,"91":0,"92":0,"93":0,"94":0,"95":0,"96":0,"97":0,"98":0,"99":0,"100":0,"101":0,"102":0,"103":0,"104":0,"105":0,"106":0,"107":0,"108":0,"109":0,"110":0,"111":0,"112":0,"113":0,"114":0,"115":0,"116":0,"117":0,"118":0,"119":0,"120":0,"121":0,"122":0,"123":0,"124":0,"125":0,"126":0,"127":0,"128":0,"129":0,"130":0,"131":0},"f":{"0":1,"1":3,"2":1,"3":1,"4":4,"5":1,"6":0,"7":0,"8":0,"9":0,"10":0,"11":0,"12":0,"13":0,"14":0,"15":0,"16":1,"17":1,"18":1,"19":2,"20":0,"21":0,"22":0,"23":0,"24":0,"25":0,"26":0,"27":0,"28":0,"29":0,"30":0,"31":0,"32":0,"33":0,"34":0,"35":0,"36":0,"37":0,"38":0},"b":{"0":[0],"1":[0],"2":[2,2],"3":[0],"4":[0,0],"5":[0,0],"6":[0],"7":[0],"8":[0,0,0,0,0],"9":[0,0],"10":[0,0],"11":[0,0],"12":[0,0],"13":[0,1],"14":[1,1],"15":[1,0],"16":[0,1],"17":[1,1],"18":[1,0],"19":[0,0],"20":[0,0],"21":[0,0],"22":[0,0],"23":[0,0],"24":[0],"25":[0,0],"26":[0,0],"27":[0,0],"28":[0,0],"29":[0,0],"30":[0,0],"31":[0,0],"32":[0,0],"33":[0,0]},"_coverageSchema":"1a1c01bbd47fc00a2c39e90264f33305004495a9","hash":"5e15ff316d6f03b5aad63b4652e93446f0ab164b"}
,"/Users/hridhaygarg/AgentCFO/.worktrees/feature/layer-roi-phase-4-frontend/frontend/src/utils/websocketManager.js": {"path":"/Users/hridhaygarg/AgentCFO/.worktrees/feature/layer-roi-phase-4-frontend/frontend/src/utils/websocketManager.js","statementMap":{"0":{"start":{"line":3,"column":4},"end":{"line":3,"column":76}},"1":{"start":{"line":4,"column":4},"end":{"line":4,"column":19}},"2":{"start":{"line":5,"column":4},"end":{"line":5,"column":24}},"3":{"start":{"line":6,"column":4},"end":{"line":6,"column":34}},"4":{"start":{"line":7,"column":4},"end":{"line":7,"column":31}},"5":{"start":{"line":8,"column":4},"end":{"line":8,"column":34}},"6":{"start":{"line":9,"column":4},"end":{"line":9,"column":34}},"7":{"start":{"line":10,"column":4},"end":{"line":10,"column":34}},"8":{"start":{"line":11,"column":4},"end":{"line":11,"column":33}},"9":{"start":{"line":15,"column":4},"end":{"line":17,"column":5}},"10":{"start":{"line":16,"column":6},"end":{"line":16,"column":36}},"11":{"start":{"line":19,"column":4},"end":{"line":53,"column":7}},"12":{"start":{"line":20,"column":6},"end":{"line":20,"column":39}},"13":{"start":{"line":21,"column":6},"end":{"line":21,"column":37}},"14":{"start":{"line":23,"column":6},"end":{"line":52,"column":7}},"15":{"start":{"line":24,"column":8},"end":{"line":24,"column":42}},"16":{"start":{"line":26,"column":8},"end":{"line":29,"column":10}},"17":{"start":{"line":27,"column":10},"end":{"line":27,"column":37}},"18":{"start":{"line":28,"column":10},"end":{"line":28,"column":35}},"19":{"start":{"line":31,"column":8},"end":{"line":38,"column":10}},"20":{"start":{"line":32,"column":10},"end":{"line":37,"column":11}},"21":{"start":{"line":33,"column":28},"end":{"line":33,"column":50}},"22":{"start":{"line":34,"column":12},"end":{"line":34,"column":40}},"23":{"start":{"line":36,"column":12},"end":{"line":36,"column":71}},"24":{"start":{"line":40,"column":8},"end":{"line":43,"column":10}},"25":{"start":{"line":41,"column":10},"end":{"line":41,"column":51}},"26":{"start":{"line":42,"column":10},"end":{"line":42,"column":39}},"27":{"start":{"line":45,"column":8},"end":{"line":49,"column":10}},"28":{"start":{"line":46,"column":10},"end":{"line":46,"column":25}},"29":{"start":{"line":47,"column":10},"end":{"line":47,"column":31}},"30":{"start":{"line":48,"column":10},"end":{"line":48,"column":34}},"31":{"start":{"line":51,"column":8},"end":{"line":51,"column":37}},"32":{"start":{"line":55,"column":4},"end":{"line":55,"column":34}},"33":{"start":{"line":59,"column":27},"end":{"line":59,"column":34}},"34":{"start":{"line":60,"column":4},"end":{"line":68,"column":5}},"35":{"start":{"line":61,"column":6},"end":{"line":67,"column":9}},"36":{"start":{"line":62,"column":8},"end":{"line":66,"column":9}},"37":{"start":{"line":63,"column":10},"end":{"line":63,"column":28}},"38":{"start":{"line":65,"column":10},"end":{"line":65,"column":71}},"39":{"start":{"line":72,"column":4},"end":{"line":74,"column":5}},"40":{"start":{"line":73,"column":6},"end":{"line":73,"column":33}},"41":{"start":{"line":75,"column":4},"end":{"line":75,"column":41}},"42":{"start":{"line":78,"column":4},"end":{"line":83,"column":6}},"43":{"start":{"line":79,"column":6},"end":{"line":79,"column":84}},"44":{"start":{"line":79,"column":67},"end":{"line":79,"column":82}},"45":{"start":{"line":80,"column":6},"end":{"line":82,"column":7}},"46":{"start":{"line":81,"column":8},"end":{"line":81,"column":37}},"47":{"start":{"line":87,"column":4},"end":{"line":89,"column":5}},"48":{"start":{"line":88,"column":6},"end":{"line":88,"column":52}},"49":{"start":{"line":91,"column":20},"end":{"line":94,"column":5}},"50":{"start":{"line":96,"column":4},"end":{"line":96,"column":42}},"51":{"start":{"line":100,"column":4},"end":{"line":102,"column":5}},"52":{"start":{"line":101,"column":6},"end":{"line":101,"column":13}},"53":{"start":{"line":104,"column":4},"end":{"line":112,"column":14}},"54":{"start":{"line":105,"column":6},"end":{"line":111,"column":7}},"55":{"start":{"line":106,"column":8},"end":{"line":110,"column":9}},"56":{"start":{"line":107,"column":10},"end":{"line":107,"column":32}},"57":{"start":{"line":109,"column":10},"end":{"line":109,"column":52}},"58":{"start":{"line":116,"column":4},"end":{"line":119,"column":5}},"59":{"start":{"line":117,"column":6},"end":{"line":117,"column":44}},"60":{"start":{"line":118,"column":6},"end":{"line":118,"column":36}},"61":{"start":{"line":123,"column":4},"end":{"line":126,"column":5}},"62":{"start":{"line":124,"column":6},"end":{"line":124,"column":57}},"63":{"start":{"line":125,"column":6},"end":{"line":125,"column":13}},"64":{"start":{"line":128,"column":4},"end":{"line":128,"column":32}},"65":{"start":{"line":129,"column":18},"end":{"line":129,"column":81}},"66":{"start":{"line":131,"column":4},"end":{"line":138,"column":14}},"67":{"start":{"line":132,"column":6},"end":{"line":137,"column":7}},"68":{"start":{"line":133,"column":8},"end":{"line":133,"column":38}},"69":{"start":{"line":134,"column":8},"end":{"line":136,"column":11}},"70":{"start":{"line":135,"column":10},"end":{"line":135,"column":63}},"71":{"start":{"line":142,"column":4},"end":{"line":142,"column":25}},"72":{"start":{"line":144,"column":4},"end":{"line":147,"column":5}},"73":{"start":{"line":145,"column":6},"end":{"line":145,"column":22}},"74":{"start":{"line":146,"column":6},"end":{"line":146,"column":21}},"75":{"start":{"line":149,"column":4},"end":{"line":149,"column":24}},"76":{"start":{"line":150,"column":4},"end":{"line":150,"column":34}}},"fnMap":{"0":{"name":"(anonymous_0)","decl":{"start":{"line":2,"column":2},"end":{"line":2,"column":3}},"loc":{"start":{"line":2,"column":19},"end":{"line":12,"column":3}},"line":2},"1":{"name":"(anonymous_1)","decl":{"start":{"line":14,"column":2},"end":{"line":14,"column":3}},"loc":{"start":{"line":14,"column":12},"end":{"line":56,"column":3}},"line":14},"2":{"name":"(anonymous_2)","decl":{"start":{"line":19,"column":41},"end":{"line":19,"column":42}},"loc":{"start":{"line":19,"column":62},"end":{"line":53,"column":5}},"line":19},"3":{"name":"(anonymous_3)","decl":{"start":{"line":26,"column":25},"end":{"line":26,"column":26}},"loc":{"start":{"line":26,"column":31},"end":{"line":29,"column":9}},"line":26},"4":{"name":"(anonymous_4)","decl":{"start":{"line":31,"column":28},"end":{"line":31,"column":29}},"loc":{"start":{"line":31,"column":39},"end":{"line":38,"column":9}},"line":31},"5":{"name":"(anonymous_5)","decl":{"start":{"line":40,"column":26},"end":{"line":40,"column":27}},"loc":{"start":{"line":40,"column":37},"end":{"line":43,"column":9}},"line":40},"6":{"name":"(anonymous_6)","decl":{"start":{"line":45,"column":26},"end":{"line":45,"column":27}},"loc":{"start":{"line":45,"column":32},"end":{"line":49,"column":9}},"line":45},"7":{"name":"(anonymous_7)","decl":{"start":{"line":58,"column":2},"end":{"line":58,"column":3}},"loc":{"start":{"line":58,"column":25},"end":{"line":69,"column":3}},"line":58},"8":{"name":"(anonymous_8)","decl":{"start":{"line":61,"column":35},"end":{"line":61,"column":36}},"loc":{"start":{"line":61,"column":49},"end":{"line":67,"column":7}},"line":61},"9":{"name":"(anonymous_9)","decl":{"start":{"line":71,"column":2},"end":{"line":71,"column":3}},"loc":{"start":{"line":71,"column":22},"end":{"line":84,"column":3}},"line":71},"10":{"name":"(anonymous_10)","decl":{"start":{"line":78,"column":11},"end":{"line":78,"column":12}},"loc":{"start":{"line":78,"column":17},"end":{"line":83,"column":5}},"line":78},"11":{"name":"(anonymous_11)","decl":{"start":{"line":79,"column":59},"end":{"line":79,"column":60}},"loc":{"start":{"line":79,"column":67},"end":{"line":79,"column":82}},"line":79},"12":{"name":"(anonymous_12)","decl":{"start":{"line":86,"column":2},"end":{"line":86,"column":3}},"loc":{"start":{"line":86,"column":20},"end":{"line":97,"column":3}},"line":86},"13":{"name":"(anonymous_13)","decl":{"start":{"line":99,"column":2},"end":{"line":99,"column":3}},"loc":{"start":{"line":99,"column":19},"end":{"line":113,"column":3}},"line":99},"14":{"name":"(anonymous_14)","decl":{"start":{"line":104,"column":41},"end":{"line":104,"column":42}},"loc":{"start":{"line":104,"column":47},"end":{"line":112,"column":5}},"line":104},"15":{"name":"(anonymous_15)","decl":{"start":{"line":115,"column":2},"end":{"line":115,"column":3}},"loc":{"start":{"line":115,"column":18},"end":{"line":120,"column":3}},"line":115},"16":{"name":"(anonymous_16)","decl":{"start":{"line":122,"column":2},"end":{"line":122,"column":3}},"loc":{"start":{"line":122,"column":21},"end":{"line":139,"column":3}},"line":122},"17":{"name":"(anonymous_17)","decl":{"start":{"line":131,"column":15},"end":{"line":131,"column":16}},"loc":{"start":{"line":131,"column":21},"end":{"line":138,"column":5}},"line":131},"18":{"name":"(anonymous_18)","decl":{"start":{"line":134,"column":29},"end":{"line":134,"column":30}},"loc":{"start":{"line":134,"column":40},"end":{"line":136,"column":9}},"line":134},"19":{"name":"(anonymous_19)","decl":{"start":{"line":141,"column":2},"end":{"line":141,"column":3}},"loc":{"start":{"line":141,"column":15},"end":{"line":151,"column":3}},"line":141}},"branchMap":{"0":{"loc":{"start":{"line":3,"column":15},"end":{"line":3,"column":75}},"type":"binary-expr","locations":[{"start":{"line":3,"column":15},"end":{"line":3,"column":18}},{"start":{"line":3,"column":22},"end":{"line":3,"column":50}},{"start":{"line":3,"column":54},"end":{"line":3,"column":75}}],"line":3},"1":{"loc":{"start":{"line":15,"column":4},"end":{"line":17,"column":5}},"type":"if","locations":[{"start":{"line":15,"column":4},"end":{"line":17,"column":5}},{"start":{},"end":{}}],"line":15},"2":{"loc":{"start":{"line":60,"column":4},"end":{"line":68,"column":5}},"type":"if","locations":[{"start":{"line":60,"column":4},"end":{"line":68,"column":5}},{"start":{},"end":{}}],"line":60},"3":{"loc":{"start":{"line":60,"column":8},"end":{"line":60,"column":36}},"type":"binary-expr","locations":[{"start":{"line":60,"column":8},"end":{"line":60,"column":12}},{"start":{"line":60,"column":16},"end":{"line":60,"column":36}}],"line":60},"4":{"loc":{"start":{"line":72,"column":4},"end":{"line":74,"column":5}},"type":"if","locations":[{"start":{"line":72,"column":4},"end":{"line":74,"column":5}},{"start":{},"end":{}}],"line":72},"5":{"loc":{"start":{"line":80,"column":6},"end":{"line":82,"column":7}},"type":"if","locations":[{"start":{"line":80,"column":6},"end":{"line":82,"column":7}},{"start":{},"end":{}}],"line":80},"6":{"loc":{"start":{"line":87,"column":4},"end":{"line":89,"column":5}},"type":"if","locations":[{"start":{"line":87,"column":4},"end":{"line":89,"column":5}},{"start":{},"end":{}}],"line":87},"7":{"loc":{"start":{"line":87,"column":8},"end":{"line":87,"column":44}},"type":"binary-expr","locations":[{"start":{"line":87,"column":8},"end":{"line":87,"column":16}},{"start":{"line":87,"column":20},"end":{"line":87,"column":44}}],"line":87},"8":{"loc":{"start":{"line":100,"column":4},"end":{"line":102,"column":5}},"type":"if","locations":[{"start":{"line":100,"column":4},"end":{"line":102,"column":5}},{"start":{},"end":{}}],"line":100},"9":{"loc":{"start":{"line":105,"column":6},"end":{"line":111,"column":7}},"type":"if","locations":[{"start":{"line":105,"column":6},"end":{"line":111,"column":7}},{"start":{},"end":{}}],"line":105},"10":{"loc":{"start":{"line":105,"column":10},"end":{"line":105,"column":45}},"type":"binary-expr","locations":[{"start":{"line":105,"column":10},"end":{"line":105,"column":17}},{"start":{"line":105,"column":21},"end":{"line":105,"column":45}}],"line":105},"11":{"loc":{"start":{"line":116,"column":4},"end":{"line":119,"column":5}},"type":"if","locations":[{"start":{"line":116,"column":4},"end":{"line":119,"column":5}},{"start":{},"end":{}}],"line":116},"12":{"loc":{"start":{"line":123,"column":4},"end":{"line":126,"column":5}},"type":"if","locations":[{"start":{"line":123,"column":4},"end":{"line":126,"column":5}},{"start":{},"end":{}}],"line":123},"13":{"loc":{"start":{"line":132,"column":6},"end":{"line":137,"column":7}},"type":"if","locations":[{"start":{"line":132,"column":6},"end":{"line":137,"column":7}},{"start":{},"end":{}}],"line":132},"14":{"loc":{"start":{"line":132,"column":10},"end":{"line":132,"column":46}},"type":"binary-expr","locations":[{"start":{"line":132,"column":10},"end":{"line":132,"column":18}},{"start":{"line":132,"column":22},"end":{"line":132,"column":46}}],"line":132},"15":{"loc":{"start":{"line":144,"column":4},"end":{"line":147,"column":5}},"type":"if","locations":[{"start":{"line":144,"column":4},"end":{"line":147,"column":5}},{"start":{},"end":{}}],"line":144}},"s":{"0":18,"1":18,"2":18,"3":18,"4":18,"5":18,"6":18,"7":18,"8":18,"9":14,"10":0,"11":14,"12":14,"13":14,"14":14,"15":14,"16":14,"17":14,"18":14,"19":14,"20":0,"21":0,"22":0,"23":0,"24":14,"25":0,"26":0,"27":14,"28":14,"29":14,"30":14,"31":0,"32":14,"33":6,"34":6,"35":4,"36":5,"37":5,"38":0,"39":6,"40":5,"41":6,"42":6,"43":1,"44":1,"45":1,"46":1,"47":4,"48":1,"49":3,"50":3,"51":3,"52":0,"53":3,"54":2,"55":2,"56":2,"57":0,"58":35,"59":3,"60":3,"61":17,"62":2,"63":2,"64":15,"65":15,"66":15,"67":0,"68":0,"69":0,"70":0,"71":20,"72":20,"73":14,"74":12,"75":18,"76":18},"f":{"0":18,"1":14,"2":14,"3":14,"4":0,"5":0,"6":14,"7":6,"8":5,"9":6,"10":1,"11":1,"12":4,"13":3,"14":2,"15":35,"16":17,"17":0,"18":0,"19":20},"b":{"0":[18,0,0],"1":[0,14],"2":[4,2],"3":[6,6],"4":[5,1],"5":[1,0],"6":[1,3],"7":[4,3],"8":[0,3],"9":[2,0],"10":[2,2],"11":[3,32],"12":[2,15],"13":[0,0],"14":[0,0],"15":[14,6]},"_coverageSchema":"1a1c01bbd47fc00a2c39e90264f33305004495a9","hash":"06ddfe298de76f6206b11b295ffce4ef84ed94a2"}
}
