TN:
SF:src/App.jsx
FN:9,(anonymous_0)
FN:10,(anonymous_1)
FN:11,(anonymous_2)
FN:12,(anonymous_3)
FN:13,(anonymous_4)
FN:14,(anonymous_5)
FN:15,(anonymous_6)
FN:16,(anonymous_7)
FN:19,(anonymous_8)
FN:41,App
FN:64,(anonymous_10)
FN:72,(anonymous_11)
FN:73,(anonymous_12)
FN:77,(anonymous_13)
FN:80,(anonymous_14)
FN:81,(anonymous_15)
FN:91,(anonymous_16)
FN:94,(anonymous_17)
FN:95,(anonymous_18)
FN:103,(anonymous_19)
FN:124,(anonymous_20)
FN:158,(anonymous_21)
FN:178,(anonymous_22)
FN:200,(anonymous_23)
FN:210,(anonymous_24)
FN:211,(anonymous_25)
FN:270,(anonymous_26)
FN:273,(anonymous_27)
FN:290,(anonymous_28)
FN:291,(anonymous_29)
FN:328,(anonymous_30)
FN:345,(anonymous_31)
FN:365,(anonymous_32)
FN:428,(anonymous_33)
FN:431,(anonymous_34)
FNF:35
FNH:0
FNDA:0,(anonymous_0)
FNDA:0,(anonymous_1)
FNDA:0,(anonymous_2)
FNDA:0,(anonymous_3)
FNDA:0,(anonymous_4)
FNDA:0,(anonymous_5)
FNDA:0,(anonymous_6)
FNDA:0,(anonymous_7)
FNDA:0,(anonymous_8)
FNDA:0,App
FNDA:0,(anonymous_10)
FNDA:0,(anonymous_11)
FNDA:0,(anonymous_12)
FNDA:0,(anonymous_13)
FNDA:0,(anonymous_14)
FNDA:0,(anonymous_15)
FNDA:0,(anonymous_16)
FNDA:0,(anonymous_17)
FNDA:0,(anonymous_18)
FNDA:0,(anonymous_19)
FNDA:0,(anonymous_20)
FNDA:0,(anonymous_21)
FNDA:0,(anonymous_22)
FNDA:0,(anonymous_23)
FNDA:0,(anonymous_24)
FNDA:0,(anonymous_25)
FNDA:0,(anonymous_26)
FNDA:0,(anonymous_27)
FNDA:0,(anonymous_28)
FNDA:0,(anonymous_29)
FNDA:0,(anonymous_30)
FNDA:0,(anonymous_31)
FNDA:0,(anonymous_32)
FNDA:0,(anonymous_33)
FNDA:0,(anonymous_34)
DA:9,0
DA:10,0
DA:11,0
DA:12,0
DA:13,0
DA:14,0
DA:15,0
DA:16,0
DA:19,0
DA:20,0
DA:28,0
DA:42,0
DA:43,0
DA:44,0
DA:45,0
DA:46,0
DA:49,0
DA:51,0
DA:61,0
DA:64,0
DA:65,0
DA:66,0
DA:72,0
DA:73,0
DA:74,0
DA:76,0
DA:77,0
DA:80,0
DA:81,0
DA:82,0
DA:83,0
DA:84,0
DA:86,0
DA:89,0
DA:90,0
DA:91,0
DA:94,0
DA:95,0
DA:96,0
DA:97,0
DA:98,0
DA:102,0
DA:103,0
DA:106,0
DA:115,0
DA:118,0
DA:119,0
DA:123,0
DA:124,0
DA:128,0
DA:129,0
DA:133,0
DA:134,0
DA:135,0
DA:139,0
DA:140,0
DA:158,0
DA:178,0
DA:200,0
DA:210,0
DA:211,0
DA:271,0
DA:273,0
DA:290,0
DA:291,0
DA:311,0
DA:328,0
DA:345,0
DA:365,0
DA:429,0
DA:431,0
LF:71
LH:0
BRDA:49,0,0,0
BRDA:49,0,1,0
BRDA:61,1,0,0
BRDA:61,1,1,0
BRDA:65,2,0,0
BRDA:65,2,1,0
BRDA:97,3,0,0
BRDA:97,3,1,0
BRDA:115,4,0,0
BRDA:115,4,1,0
BRDA:118,5,0,0
BRDA:118,5,1,0
BRDA:118,6,0,0
BRDA:118,6,1,0
BRDA:123,7,0,0
BRDA:123,7,1,0
BRDA:128,8,0,0
BRDA:128,8,1,0
BRDA:133,9,0,0
BRDA:133,9,1,0
BRDA:133,10,0,0
BRDA:133,10,1,0
BRDA:139,11,0,0
BRDA:139,11,1,0
BRDA:141,12,0,0
BRDA:141,12,1,0
BRDA:143,13,0,0
BRDA:143,13,1,0
BRDA:146,14,0,0
BRDA:146,14,1,0
BRDA:146,14,2,0
BRDA:163,15,0,0
BRDA:163,15,1,0
BRDA:163,15,2,0
BRDA:183,16,0,0
BRDA:183,16,1,0
BRDA:183,17,0,0
BRDA:183,17,1,0
BRDA:192,18,0,0
BRDA:192,18,1,0
BRDA:198,19,0,0
BRDA:198,19,1,0
BRDA:218,20,0,0
BRDA:218,20,1,0
BRDA:222,21,0,0
BRDA:222,21,1,0
BRDA:224,22,0,0
BRDA:224,22,1,0
BRDA:226,23,0,0
BRDA:226,23,1,0
BRDA:227,24,0,0
BRDA:227,24,1,0
BRDA:234,25,0,0
BRDA:234,25,1,0
BRDA:236,26,0,0
BRDA:236,26,1,0
BRDA:238,27,0,0
BRDA:238,27,1,0
BRDA:239,28,0,0
BRDA:239,28,1,0
BRDA:246,29,0,0
BRDA:246,29,1,0
BRDA:254,30,0,0
BRDA:254,30,1,0
BRDA:283,31,0,0
BRDA:283,31,1,0
BRDA:285,32,0,0
BRDA:285,32,1,0
BRDA:288,33,0,0
BRDA:288,33,1,0
BRDA:290,34,0,0
BRDA:290,34,1,0
BRDA:291,35,0,0
BRDA:291,35,1,0
BRDA:294,36,0,0
BRDA:294,36,1,0
BRDA:295,37,0,0
BRDA:295,37,1,0
BRDA:296,38,0,0
BRDA:296,38,1,0
BRDA:297,39,0,0
BRDA:297,39,1,0
BRDA:298,40,0,0
BRDA:298,40,1,0
BRDA:299,41,0,0
BRDA:299,41,1,0
BRDA:312,42,0,0
BRDA:312,42,1,0
BRDA:314,43,0,0
BRDA:314,43,1,0
BRDA:317,44,0,0
BRDA:317,44,1,0
BRDA:317,44,2,0
BRDA:333,45,0,0
BRDA:333,45,1,0
BRDA:333,45,2,0
BRDA:349,46,0,0
BRDA:349,46,1,0
BRDA:349,47,0,0
BRDA:349,47,1,0
BRDA:357,48,0,0
BRDA:357,48,1,0
BRDA:363,49,0,0
BRDA:363,49,1,0
BRDA:380,50,0,0
BRDA:380,50,1,0
BRDA:384,51,0,0
BRDA:384,51,1,0
BRDA:386,52,0,0
BRDA:386,52,1,0
BRDA:388,53,0,0
BRDA:388,53,1,0
BRDA:389,54,0,0
BRDA:389,54,1,0
BRDA:396,55,0,0
BRDA:396,55,1,0
BRDA:398,56,0,0
BRDA:398,56,1,0
BRDA:400,57,0,0
BRDA:400,57,1,0
BRDA:401,58,0,0
BRDA:401,58,1,0
BRDA:406,59,0,0
BRDA:406,59,1,0
BRDA:414,60,0,0
BRDA:414,60,1,0
BRDA:441,61,0,0
BRDA:441,61,1,0
BRDA:443,62,0,0
BRDA:443,62,1,0
BRDA:445,63,0,0
BRDA:445,63,1,0
BRDA:449,64,0,0
BRDA:449,64,1,0
BRDA:450,65,0,0
BRDA:450,65,1,0
BRDA:451,66,0,0
BRDA:451,66,1,0
BRDA:452,67,0,0
BRDA:452,67,1,0
BRDA:453,68,0,0
BRDA:453,68,1,0
BRDA:454,69,0,0
BRDA:454,69,1,0
BRF:144
BRH:0
end_of_record
TN:
SF:src/index.js
FNF:0
FNH:0
DA:6,0
DA:7,0
LF:2
LH:0
BRF:0
BRH:0
end_of_record
TN:
SF:src/main.jsx
FN:27,(anonymous_0)
FNF:1
FNH:0
FNDA:0,(anonymous_0)
DA:15,0
DA:16,0
DA:17,0
DA:18,0
DA:19,0
DA:22,0
DA:23,0
DA:26,0
DA:27,0
DA:28,0
DA:31,0
DA:34,0
LF:12
LH:0
BRDA:26,0,0,0
BRDA:26,0,1,0
BRF:2
BRH:0
end_of_record
TN:
SF:src/api/analyticsApi.js
FN:3,(anonymous_0)
FN:12,(anonymous_1)
FN:22,(anonymous_2)
FN:34,(anonymous_3)
FNF:4
FNH:0
FNDA:0,(anonymous_0)
FNDA:0,(anonymous_1)
FNDA:0,(anonymous_2)
FNDA:0,(anonymous_3)
DA:3,0
DA:8,0
DA:9,0
DA:10,0
DA:12,0
DA:13,0
DA:14,0
DA:18,0
DA:19,0
DA:22,0
DA:26,0
DA:27,0
DA:28,0
DA:30,0
DA:31,0
DA:34,0
DA:39,0
DA:40,0
DA:41,0
DA:42,0
DA:44,0
DA:45,0
LF:22
LH:0
BRDA:6,0,0,0
BRDA:9,1,0,0
BRDA:9,1,1,0
BRDA:10,2,0,0
BRDA:10,2,1,0
BRDA:13,3,0,0
BRDA:13,3,1,0
BRDA:13,4,0,0
BRDA:13,4,1,0
BRDA:13,4,2,0
BRDA:27,5,0,0
BRDA:27,5,1,0
BRDA:28,6,0,0
BRDA:28,6,1,0
BRDA:40,7,0,0
BRDA:40,7,1,0
BRDA:41,8,0,0
BRDA:41,8,1,0
BRDA:42,9,0,0
BRDA:42,9,1,0
BRF:20
BRH:0
end_of_record
TN:
SF:src/api/client.js
FN:15,(anonymous_0)
FN:22,(anonymous_1)
FN:29,(anonymous_2)
FN:30,(anonymous_3)
FNF:4
FNH:0
FNDA:0,(anonymous_0)
FNDA:0,(anonymous_1)
FNDA:0,(anonymous_2)
FNDA:0,(anonymous_3)
DA:4,1
DA:6,1
DA:14,1
DA:16,0
DA:17,0
DA:18,0
DA:20,0
DA:23,0
DA:28,1
DA:29,0
DA:32,0
DA:33,0
DA:34,0
DA:37,0
DA:38,0
DA:42,0
LF:16
LH:4
BRDA:4,0,0,1
BRDA:4,0,1,1
BRDA:17,1,0,0
BRDA:17,1,1,0
BRDA:32,2,0,0
BRDA:32,2,1,0
BRDA:37,3,0,0
BRDA:37,3,1,0
BRF:8
BRH:2
end_of_record
TN:
SF:src/api/integrationsApi.js
FN:3,(anonymous_0)
FN:8,(anonymous_1)
FN:13,(anonymous_2)
FN:18,(anonymous_3)
FN:24,(anonymous_4)
FN:29,(anonymous_5)
FN:34,(anonymous_6)
FNF:7
FNH:0
FNDA:0,(anonymous_0)
FNDA:0,(anonymous_1)
FNDA:0,(anonymous_2)
FNDA:0,(anonymous_3)
FNDA:0,(anonymous_4)
FNDA:0,(anonymous_5)
FNDA:0,(anonymous_6)
DA:3,0
DA:4,0
DA:5,0
DA:8,0
DA:9,0
DA:10,0
DA:13,0
DA:14,0
DA:15,0
DA:18,0
DA:19,0
DA:20,0
DA:21,0
DA:24,0
DA:25,0
DA:26,0
DA:29,0
DA:30,0
DA:31,0
DA:34,0
DA:35,0
DA:36,0
LF:22
LH:0
BRF:0
BRH:0
end_of_record
TN:
SF:src/api/outreachApi.js
FN:3,(anonymous_0)
FN:16,(anonymous_1)
FN:26,(anonymous_2)
FN:31,(anonymous_3)
FN:36,(anonymous_4)
FN:42,(anonymous_5)
FN:47,(anonymous_6)
FNF:7
FNH:0
FNDA:0,(anonymous_0)
FNDA:0,(anonymous_1)
FNDA:0,(anonymous_2)
FNDA:0,(anonymous_3)
FNDA:0,(anonymous_4)
FNDA:0,(anonymous_5)
FNDA:0,(anonymous_6)
DA:3,0
DA:10,0
DA:11,0
DA:12,0
DA:13,0
DA:14,0
DA:16,0
DA:17,0
DA:18,0
DA:22,0
DA:23,0
DA:26,0
DA:27,0
DA:28,0
DA:31,0
DA:32,0
DA:33,0
DA:36,0
DA:37,0
DA:38,0
DA:39,0
DA:42,0
DA:43,0
DA:44,0
DA:47,0
DA:48,0
DA:49,0
LF:27
LH:0
BRDA:4,0,0,0
BRDA:5,1,0,0
BRDA:6,2,0,0
BRDA:7,3,0,0
BRDA:8,4,0,0
BRDA:17,5,0,0
BRDA:17,5,1,0
BRDA:17,6,0,0
BRDA:17,6,1,0
BRDA:17,6,2,0
BRF:10
BRH:0
end_of_record
TN:
SF:src/api/prospectApi.js
FN:3,(anonymous_0)
FN:16,(anonymous_1)
FN:26,(anonymous_2)
FN:31,(anonymous_3)
FN:36,(anonymous_4)
FN:42,(anonymous_5)
FN:47,(anonymous_6)
FNF:7
FNH:0
FNDA:0,(anonymous_0)
FNDA:0,(anonymous_1)
FNDA:0,(anonymous_2)
FNDA:0,(anonymous_3)
FNDA:0,(anonymous_4)
FNDA:0,(anonymous_5)
FNDA:0,(anonymous_6)
DA:3,1
DA:10,0
DA:11,0
DA:12,0
DA:13,0
DA:14,0
DA:16,0
DA:17,0
DA:18,0
DA:22,0
DA:23,0
DA:26,1
DA:27,0
DA:28,0
DA:31,1
DA:32,0
DA:33,0
DA:36,1
DA:37,0
DA:38,0
DA:39,0
DA:42,1
DA:43,0
DA:44,0
DA:47,1
DA:48,0
DA:49,0
LF:27
LH:6
BRDA:4,0,0,0
BRDA:5,1,0,0
BRDA:6,2,0,0
BRDA:7,3,0,0
BRDA:8,4,0,0
BRDA:17,5,0,0
BRDA:17,5,1,0
BRDA:17,6,0,0
BRDA:17,6,1,0
BRDA:17,6,2,0
BRF:10
BRH:0
end_of_record
TN:
SF:src/api/webhooksApi.js
FN:3,(anonymous_0)
FN:8,(anonymous_1)
FN:13,(anonymous_2)
FN:18,(anonymous_3)
FN:24,(anonymous_4)
FN:29,(anonymous_5)
FN:34,(anonymous_6)
FNF:7
FNH:0
FNDA:0,(anonymous_0)
FNDA:0,(anonymous_1)
FNDA:0,(anonymous_2)
FNDA:0,(anonymous_3)
FNDA:0,(anonymous_4)
FNDA:0,(anonymous_5)
FNDA:0,(anonymous_6)
DA:3,0
DA:4,0
DA:5,0
DA:8,0
DA:9,0
DA:10,0
DA:13,0
DA:14,0
DA:15,0
DA:18,0
DA:19,0
DA:20,0
DA:21,0
DA:24,0
DA:25,0
DA:26,0
DA:29,0
DA:30,0
DA:31,0
DA:34,0
DA:35,0
DA:36,0
LF:22
LH:0
BRF:0
BRH:0
end_of_record
TN:
SF:src/components/AgentMetrics.jsx
FN:3,AgentMetrics
FN:16,(anonymous_1)
FN:21,(anonymous_2)
FN:24,(anonymous_3)
FNF:4
FNH:0
FNDA:0,AgentMetrics
FNDA:0,(anonymous_1)
FNDA:0,(anonymous_2)
FNDA:0,(anonymous_3)
DA:4,0
DA:5,0
DA:14,0
DA:17,0
DA:22,0
DA:23,0
DA:25,0
DA:26,0
LF:8
LH:0
BRDA:3,0,0,0
BRDA:4,1,0,0
BRDA:4,1,1,0
BRDA:33,2,0,0
BRDA:33,2,1,0
BRDA:38,3,0,0
BRDA:38,3,1,0
BRDA:43,4,0,0
BRDA:43,4,1,0
BRDA:49,5,0,0
BRDA:49,5,1,0
BRDA:50,6,0,0
BRDA:50,6,1,0
BRDA:52,7,0,0
BRDA:52,7,1,0
BRF:15
BRH:0
end_of_record
TN:
SF:src/components/AgentPLTable.jsx
FN:7,AgentPLTable
FN:10,(anonymous_1)
FN:39,(anonymous_2)
FN:45,(anonymous_3)
FN:51,(anonymous_4)
FN:53,(anonymous_5)
FNF:6
FNH:0
FNDA:0,AgentPLTable
FNDA:0,(anonymous_1)
FNDA:0,(anonymous_2)
FNDA:0,(anonymous_3)
FNDA:0,(anonymous_4)
FNDA:0,(anonymous_5)
DA:8,0
DA:10,0
DA:11,0
DA:12,0
DA:13,0
DA:16,0
DA:40,0
DA:41,0
DA:42,0
DA:45,0
DA:52,0
DA:54,0
LF:12
LH:0
BRDA:11,0,0,0
BRDA:11,0,1,0
BRDA:12,1,0,0
BRDA:12,1,1,0
BRDA:45,2,0,0
BRDA:45,2,1,0
BRDA:49,3,0,0
BRDA:49,3,1,0
BRDA:54,4,0,0
BRDA:54,4,1,0
BRDA:79,5,0,0
BRDA:79,5,1,0
BRDA:84,6,0,0
BRDA:84,6,1,0
BRF:14
BRH:0
end_of_record
TN:
SF:src/components/AgentRowExpanded.jsx
FN:3,AgentRowExpanded
FNF:1
FNH:0
FNDA:0,AgentRowExpanded
DA:4,0
LF:1
LH:0
BRDA:26,0,0,0
BRDA:26,0,1,0
BRF:2
BRH:0
end_of_record
TN:
SF:src/components/AnimatedSection.jsx
FN:3,AnimatedSection
FN:13,(anonymous_1)
FNF:2
FNH:0
FNDA:0,AnimatedSection
FNDA:0,(anonymous_1)
DA:11,0
DA:13,0
DA:14,0
DA:15,0
DA:17,0
DA:19,0
DA:21,0
DA:23,0
DA:25,0
DA:29,0
LF:10
LH:0
BRDA:5,0,0,0
BRDA:6,1,0,0
BRDA:7,2,0,0
BRDA:8,3,0,0
BRDA:9,4,0,0
BRDA:14,5,0,0
BRDA:14,5,1,0
BRDA:15,6,0,0
BRDA:15,6,1,0
BRDA:15,6,2,0
BRDA:15,6,3,0
BRDA:15,6,4,0
BRDA:34,7,0,0
BRDA:34,7,1,0
BRF:14
BRH:0
end_of_record
TN:
SF:src/components/Dashboard.jsx
FN:4,Dashboard
FN:15,(anonymous_1)
FN:23,(anonymous_2)
FN:26,(anonymous_3)
FN:36,(anonymous_4)
FN:58,(anonymous_5)
FN:61,(anonymous_6)
FN:67,(anonymous_7)
FN:74,(anonymous_8)
FNF:9
FNH:0
FNDA:0,Dashboard
FNDA:0,(anonymous_1)
FNDA:0,(anonymous_2)
FNDA:0,(anonymous_3)
FNDA:0,(anonymous_4)
FNDA:0,(anonymous_5)
FNDA:0,(anonymous_6)
FNDA:0,(anonymous_7)
FNDA:0,(anonymous_8)
DA:5,0
DA:15,0
DA:17,0
DA:24,0
DA:25,0
DA:27,0
DA:28,0
DA:36,0
DA:59,0
DA:60,0
DA:62,0
DA:63,0
DA:67,0
DA:74,0
LF:14
LH:0
BRDA:4,0,0,0
BRDA:67,1,0,0
BRDA:67,1,1,0
BRDA:69,2,0,0
BRDA:69,2,1,0
BRDA:82,3,0,0
BRDA:82,3,1,0
BRF:7
BRH:0
end_of_record
TN:
SF:src/components/EmptyState.jsx
FN:11,EmptyState
FN:78,(anonymous_1)
FN:82,(anonymous_2)
FN:104,(anonymous_3)
FN:108,(anonymous_4)
FNF:5
FNH:0
FNDA:0,EmptyState
FNDA:0,(anonymous_1)
FNDA:0,(anonymous_2)
FNDA:0,(anonymous_3)
FNDA:0,(anonymous_4)
DA:1,0
DA:19,0
DA:79,0
DA:80,0
DA:83,0
DA:84,0
DA:105,0
DA:106,0
DA:109,0
DA:110,0
LF:10
LH:0
BRDA:12,0,0,0
BRDA:13,1,0,0
BRDA:14,2,0,0
BRDA:15,3,0,0
BRDA:16,4,0,0
BRDA:17,5,0,0
BRDA:63,6,0,0
BRDA:63,6,1,0
BRDA:63,6,2,0
BRDA:64,7,0,0
BRDA:64,7,1,0
BRF:11
BRH:0
end_of_record
TN:
SF:src/components/ErrorBoundary.jsx
FN:13,(anonymous_0)
FN:23,(anonymous_1)
FN:27,(anonymous_2)
FN:28,(anonymous_3)
FN:38,(anonymous_4)
FN:46,(anonymous_5)
FN:137,(anonymous_6)
FN:141,(anonymous_7)
FNF:8
FNH:0
FNDA:0,(anonymous_0)
FNDA:0,(anonymous_1)
FNDA:0,(anonymous_2)
FNDA:0,(anonymous_3)
FNDA:0,(anonymous_4)
FNDA:0,(anonymous_5)
FNDA:0,(anonymous_6)
FNDA:0,(anonymous_7)
DA:3,0
DA:14,0
DA:15,0
DA:24,0
DA:28,0
DA:35,0
DA:38,0
DA:39,0
DA:47,0
DA:48,0
DA:138,0
DA:139,0
DA:142,0
DA:143,0
DA:186,0
LF:15
LH:0
BRDA:47,0,0,0
BRDA:47,0,1,0
BRDA:91,1,0,0
BRDA:91,1,1,0
BRDA:91,1,2,0
BRDA:168,2,0,0
BRDA:168,2,1,0
BRF:7
BRH:0
end_of_record
TN:
SF:src/components/MetricCard.jsx
FN:4,MetricCard
FN:21,(anonymous_1)
FN:24,(anonymous_2)
FNF:3
FNH:0
FNDA:0,MetricCard
FNDA:0,(anonymous_1)
FNDA:0,(anonymous_2)
DA:5,0
DA:11,0
DA:22,0
DA:23,0
DA:25,0
DA:26,0
LF:6
LH:0
BRDA:4,0,0,0
BRDA:4,1,0,0
BRDA:4,2,0,0
BRDA:40,3,0,0
BRDA:40,3,1,0
BRF:5
BRH:0
end_of_record
TN:
SF:src/components/MobileMenu.jsx
FN:10,MobileMenu
FN:13,(anonymous_1)
FN:17,(anonymous_2)
FN:52,(anonymous_3)
FN:103,(anonymous_4)
FN:138,(anonymous_5)
FN:149,(anonymous_6)
FN:160,(anonymous_7)
FN:213,(anonymous_8)
FN:221,(anonymous_9)
FNF:10
FNH:8
FNDA:7,MobileMenu
FNDA:1,(anonymous_1)
FNDA:1,(anonymous_2)
FNDA:1,(anonymous_3)
FNDA:0,(anonymous_4)
FNDA:2,(anonymous_5)
FNDA:12,(anonymous_6)
FNDA:2,(anonymous_7)
FNDA:2,(anonymous_8)
FNDA:0,(anonymous_9)
DA:11,7
DA:13,7
DA:14,1
DA:17,7
DA:18,1
DA:19,1
DA:21,1
DA:25,7
DA:37,7
DA:42,7
DA:47,7
DA:52,1
DA:103,0
DA:138,2
DA:150,12
DA:161,2
DA:162,1
DA:164,1
DA:214,2
DA:221,0
LF:20
LH:18
BRDA:10,0,0,0
BRDA:14,1,0,0
BRDA:14,1,1,1
BRDA:18,2,0,1
BRDA:18,2,1,0
BRDA:54,3,0,5
BRDA:54,3,1,2
BRDA:69,4,0,5
BRDA:69,4,1,2
BRDA:95,5,0,7
BRDA:95,5,1,5
BRDA:116,6,0,7
BRDA:116,6,1,5
BRDA:148,7,0,4
BRDA:148,7,1,1
BRDA:161,8,0,1
BRDA:161,8,1,1
BRDA:185,9,0,12
BRDA:185,9,1,4
BRDA:187,10,0,1
BRDA:187,10,1,3
BRDA:198,11,0,12
BRDA:198,11,1,4
BRDA:198,11,2,1
BRF:24
BRH:21
end_of_record
TN:
SF:src/components/PremiumButton.jsx
FN:3,PremiumButton
FN:70,PremiumIconButton
FNF:2
FNH:0
FNDA:0,PremiumButton
FNDA:0,PremiumIconButton
DA:14,0
DA:20,0
DA:26,0
DA:40,0
DA:71,0
LF:5
LH:0
BRDA:5,0,0,0
BRDA:6,1,0,0
BRDA:7,2,0,0
BRDA:8,3,0,0
BRDA:9,4,0,0
BRDA:11,5,0,0
BRDA:12,6,0,0
BRDA:43,7,0,0
BRDA:43,7,1,0
BRDA:45,8,0,0
BRDA:45,8,1,0
BRDA:45,9,0,0
BRDA:45,9,1,0
BRDA:46,10,0,0
BRDA:46,10,1,0
BRDA:46,11,0,0
BRDA:46,11,1,0
BRDA:48,12,0,0
BRDA:48,12,1,0
BRDA:50,13,0,0
BRDA:50,13,1,0
BRDA:58,14,0,0
BRDA:58,14,1,0
BRDA:70,15,0,0
BRDA:70,16,0,0
BRF:25
BRH:0
end_of_record
TN:
SF:src/components/PremiumCard.jsx
FN:3,PremiumCard
FN:41,PremiumCardGrid
FNF:2
FNH:0
FNDA:0,PremiumCard
FNDA:0,PremiumCardGrid
DA:12,0
DA:42,0
LF:2
LH:0
BRDA:5,0,0,0
BRDA:6,1,0,0
BRDA:7,2,0,0
BRDA:8,3,0,0
BRDA:10,4,0,0
BRDA:14,5,0,0
BRDA:14,5,1,0
BRDA:24,6,0,0
BRDA:24,6,1,0
BRDA:24,7,0,0
BRDA:24,7,1,0
BRDA:32,8,0,0
BRDA:32,8,1,0
BRDA:34,9,0,0
BRDA:34,9,1,0
BRDA:34,10,0,0
BRDA:34,10,1,0
BRDA:41,11,0,0
BRDA:41,12,0,0
BRF:19
BRH:0
end_of_record
TN:
SF:src/components/PremiumInput.jsx
FN:4,PremiumInput
FN:54,(anonymous_1)
FN:55,(anonymous_2)
FNF:3
FNH:0
FNDA:0,PremiumInput
FNDA:0,(anonymous_1)
FNDA:0,(anonymous_2)
DA:16,0
DA:18,0
DA:54,0
DA:55,0
LF:4
LH:0
BRDA:7,0,0,0
BRDA:14,1,0,0
BRDA:20,2,0,0
BRDA:20,2,1,0
BRDA:24,3,0,0
BRDA:24,3,1,0
BRDA:24,4,0,0
BRDA:24,4,1,0
BRDA:25,5,0,0
BRDA:25,5,1,0
BRDA:25,6,0,0
BRDA:25,6,1,0
BRDA:36,7,0,0
BRDA:36,7,1,0
BRDA:36,8,0,0
BRDA:36,8,1,0
BRDA:36,9,0,0
BRDA:36,9,1,0
BRDA:39,10,0,0
BRDA:39,10,1,0
BRDA:42,11,0,0
BRDA:42,11,1,0
BRDA:56,12,0,0
BRDA:56,12,1,0
BRDA:62,13,0,0
BRDA:62,13,1,0
BRDA:72,14,0,0
BRDA:72,14,1,0
BRDA:83,15,0,0
BRDA:83,15,1,0
BRDA:93,16,0,0
BRDA:93,16,1,0
BRF:32
BRH:0
end_of_record
TN:
SF:src/components/PremiumMetricCard.jsx
FN:3,PremiumMetricCard
FNF:1
FNH:0
FNDA:0,PremiumMetricCard
DA:12,0
DA:19,0
LF:2
LH:0
BRDA:6,0,0,0
BRDA:7,1,0,0
BRDA:8,2,0,0
BRDA:9,3,0,0
BRDA:10,4,0,0
BRDA:52,5,0,0
BRDA:52,5,1,0
BRDA:58,6,0,0
BRDA:58,6,1,0
BRDA:61,7,0,0
BRDA:61,7,1,0
BRDA:69,8,0,0
BRDA:69,8,1,0
BRF:13
BRH:0
end_of_record
TN:
SF:src/components/PremiumNav.jsx
FN:4,PremiumNav
FN:28,(anonymous_1)
FN:32,(anonymous_2)
FN:33,(anonymous_3)
FN:37,(anonymous_4)
FN:62,(anonymous_5)
FN:96,(anonymous_6)
FN:100,(anonymous_7)
FNF:8
FNH:0
FNDA:0,PremiumNav
FNDA:0,(anonymous_1)
FNDA:0,(anonymous_2)
FNDA:0,(anonymous_3)
FNDA:0,(anonymous_4)
FNDA:0,(anonymous_5)
FNDA:0,(anonymous_6)
FNDA:0,(anonymous_7)
DA:5,0
DA:6,0
DA:8,0
DA:29,0
DA:32,0
DA:33,0
DA:37,0
DA:62,0
DA:97,0
DA:101,0
DA:102,0
LF:11
LH:0
BRDA:4,0,0,0
BRDA:39,1,0,0
BRDA:39,1,1,0
BRDA:46,2,0,0
BRDA:46,2,1,0
BRDA:63,3,0,0
BRDA:63,3,1,0
BRDA:68,4,0,0
BRDA:68,4,1,0
BRDA:69,5,0,0
BRDA:69,5,1,0
BRDA:75,6,0,0
BRDA:75,6,1,0
BRDA:81,7,0,0
BRDA:81,7,1,0
BRDA:82,8,0,0
BRDA:82,8,1,0
BRDA:89,9,0,0
BRDA:89,9,1,0
BRF:19
BRH:0
end_of_record
TN:
SF:src/components/SpendValueChart.jsx
FN:5,SpendValueChart
FN:16,(anonymous_1)
FN:19,(anonymous_2)
FN:43,(anonymous_3)
FNF:4
FNH:0
FNDA:0,SpendValueChart
FNDA:0,(anonymous_1)
FNDA:0,(anonymous_2)
FNDA:0,(anonymous_3)
DA:6,0
DA:17,0
DA:18,0
DA:20,0
DA:21,0
DA:43,0
LF:6
LH:0
BRDA:5,0,0,0
BRF:1
BRH:0
end_of_record
TN:
SF:src/components/Toast.jsx
FN:5,ToastProvider
FN:9,(anonymous_1)
FN:11,(anonymous_2)
FN:12,(anonymous_3)
FN:16,(anonymous_4)
FN:18,(anonymous_5)
FN:18,(anonymous_6)
FN:22,(anonymous_7)
FN:23,(anonymous_8)
FN:24,(anonymous_9)
FN:25,(anonymous_10)
FN:49,(anonymous_11)
FN:74,(anonymous_12)
FN:87,(anonymous_13)
FNF:14
FNH:0
FNDA:0,ToastProvider
FNDA:0,(anonymous_1)
FNDA:0,(anonymous_2)
FNDA:0,(anonymous_3)
FNDA:0,(anonymous_4)
FNDA:0,(anonymous_5)
FNDA:0,(anonymous_6)
FNDA:0,(anonymous_7)
FNDA:0,(anonymous_8)
FNDA:0,(anonymous_9)
FNDA:0,(anonymous_10)
FNDA:0,(anonymous_11)
FNDA:0,(anonymous_12)
FNDA:0,(anonymous_13)
DA:3,0
DA:6,0
DA:7,0
DA:9,0
DA:10,0
DA:11,0
DA:12,0
DA:13,0
DA:16,0
DA:17,0
DA:18,0
DA:21,0
DA:22,0
DA:23,0
DA:24,0
DA:25,0
DA:28,0
DA:35,0
DA:50,0
DA:51,0
DA:74,0
DA:87,0
LF:22
LH:0
BRDA:9,0,0,0
BRDA:9,1,0,0
BRF:2
BRH:0
end_of_record
TN:
SF:src/components/core/Accordion.jsx
FN:5,(anonymous_0)
FN:12,(anonymous_1)
FN:24,(anonymous_2)
FN:32,(anonymous_3)
FN:38,(anonymous_4)
FN:48,(anonymous_5)
FN:58,(anonymous_6)
FNF:7
FNH:6
FNDA:25,(anonymous_0)
FNDA:20,(anonymous_1)
FNDA:5,(anonymous_2)
FNDA:4,(anonymous_3)
FNDA:0,(anonymous_4)
FNDA:61,(anonymous_5)
FNDA:5,(anonymous_6)
DA:5,1
DA:12,25
DA:13,20
DA:14,19
DA:16,1
DA:20,25
DA:21,25
DA:23,25
DA:25,5
DA:27,1
DA:28,1
DA:32,4
DA:33,4
DA:35,4
DA:38,0
DA:46,25
DA:49,61
DA:51,61
DA:58,5
DA:95,1
LF:20
LH:19
BRDA:6,0,0,0
BRDA:7,1,0,19
BRDA:8,2,0,23
BRDA:9,3,0,23
BRDA:13,4,0,19
BRDA:13,4,1,1
BRDA:21,5,0,2
BRDA:21,5,1,23
BRDA:25,6,0,1
BRDA:25,6,1,4
BRDA:27,7,0,1
BRDA:27,7,1,0
BRDA:33,8,0,4
BRDA:33,8,1,0
BRDA:35,9,0,1
BRDA:35,9,1,3
BRDA:38,10,0,0
BRDA:38,10,1,0
BRDA:64,11,0,24
BRDA:64,11,1,37
BRDA:73,12,0,61
BRDA:73,12,1,24
BRF:22
BRH:17
end_of_record
TN:
SF:src/components/core/Accordion.stories.jsx
FN:49,(anonymous_0)
FN:55,(anonymous_1)
FN:56,(anonymous_2)
FN:58,(anonymous_3)
FNF:4
FNH:0
FNDA:0,(anonymous_0)
FNDA:0,(anonymous_1)
FNDA:0,(anonymous_2)
FNDA:0,(anonymous_3)
DA:16,0
DA:34,0
DA:41,0
DA:48,0
DA:50,0
DA:51,0
DA:56,0
DA:57,0
DA:58,0
DA:59,0
DA:60,0
DA:62,0
DA:75,0
DA:96,0
LF:14
LH:0
BRDA:57,0,0,0
BRDA:57,0,1,0
BRDA:59,1,0,0
BRDA:59,1,1,0
BRF:4
BRH:0
end_of_record
TN:
SF:src/components/core/Alert.jsx
FN:40,(anonymous_0)
FNF:1
FNH:1
FNDA:18,(anonymous_0)
DA:4,1
DA:39,1
DA:52,18
DA:53,18
DA:55,18
DA:62,18
DA:98,1
LF:7
LH:7
BRDA:42,0,0,14
BRDA:46,1,0,17
BRDA:47,2,0,17
BRDA:52,3,0,18
BRDA:52,3,1,0
BRDA:72,4,0,18
BRDA:72,4,1,15
BRDA:77,5,0,18
BRDA:77,5,1,5
BRDA:83,6,0,18
BRDA:83,6,1,17
BRDA:83,6,2,2
BRF:12
BRH:11
end_of_record
TN:
SF:src/components/core/Alert.stories.jsx
FN:82,(anonymous_0)
FN:87,(anonymous_1)
FN:97,(anonymous_2)
FNF:3
FNH:0
FNDA:0,(anonymous_0)
FNDA:0,(anonymous_1)
FNDA:0,(anonymous_2)
DA:29,0
DA:38,0
DA:47,0
DA:56,0
DA:65,0
DA:73,0
DA:81,0
DA:83,0
DA:84,0
DA:85,0
DA:87,0
DA:94,0
DA:97,0
LF:13
LH:0
BRDA:84,0,0,0
BRDA:84,0,1,0
BRF:2
BRH:0
end_of_record
TN:
SF:src/components/core/Avatar.jsx
FN:10,(anonymous_0)
FNF:1
FNH:1
FNDA:18,(anonymous_0)
DA:3,1
DA:9,1
DA:21,18
DA:23,18
DA:29,18
DA:30,7
DA:41,11
DA:53,1
LF:8
LH:8
BRDA:14,0,0,14
BRDA:15,1,0,12
BRDA:16,2,0,16
BRDA:21,3,0,18
BRDA:21,3,1,0
BRDA:29,4,0,7
BRDA:29,4,1,11
BRDA:47,5,0,11
BRDA:47,5,1,1
BRF:9
BRH:8
end_of_record
TN:
SF:src/components/core/Avatar.stories.jsx
FN:65,(anonymous_0)
FNF:1
FNH:0
FNDA:0,(anonymous_0)
DA:28,0
DA:35,0
DA:42,0
DA:49,0
DA:56,0
DA:64,0
DA:66,0
DA:74,0
LF:8
LH:0
BRF:0
BRH:0
end_of_record
TN:
SF:src/components/core/Badge.jsx
FN:18,(anonymous_0)
FNF:1
FNH:1
FNDA:15,(anonymous_0)
DA:3,1
DA:11,1
DA:17,1
DA:28,15
DA:29,15
DA:31,15
DA:38,15
DA:50,1
LF:8
LH:8
BRDA:21,0,0,10
BRDA:22,1,0,11
BRDA:23,2,0,14
BRDA:28,3,0,15
BRDA:28,3,1,0
BRDA:29,4,0,15
BRDA:29,4,1,0
BRF:7
BRH:5
end_of_record
TN:
SF:src/components/core/Badge.stories.jsx
FN:82,(anonymous_0)
FN:94,(anonymous_1)
FNF:2
FNH:0
FNDA:0,(anonymous_0)
FNDA:0,(anonymous_1)
DA:25,0
DA:33,0
DA:41,0
DA:49,0
DA:57,0
DA:65,0
DA:73,0
DA:81,0
DA:83,0
DA:93,0
DA:95,0
LF:11
LH:0
BRF:0
BRH:0
end_of_record
TN:
SF:src/components/core/Button.jsx
FN:5,(anonymous_0)
FNF:1
FNH:1
FNDA:19,(anonymous_0)
DA:4,1
DA:19,19
DA:26,19
DA:33,19
DA:35,19
DA:44,19
DA:58,1
LF:7
LH:7
BRDA:8,0,0,16
BRDA:9,1,0,16
BRDA:10,2,0,17
BRDA:11,3,0,17
BRDA:12,4,0,18
BRDA:13,5,0,18
BRDA:39,6,0,1
BRDA:39,6,1,18
BRDA:40,7,0,2
BRDA:40,7,1,17
BRDA:48,8,0,19
BRDA:48,8,1,17
BRDA:51,9,0,19
BRDA:51,9,1,2
BRF:14
BRH:14
end_of_record
TN:
SF:src/components/core/Button.stories.jsx
FNF:0
FNH:0
DA:37,0
DA:45,0
DA:53,0
DA:61,0
DA:69,0
DA:77,0
DA:85,0
DA:93,0
LF:8
LH:0
BRF:0
BRH:0
end_of_record
TN:
SF:src/components/core/Card.jsx
FN:10,(anonymous_0)
FN:32,(anonymous_1)
FN:51,(anonymous_2)
FN:69,(anonymous_3)
FNF:4
FNH:4
FNDA:17,(anonymous_0)
FNDA:5,(anonymous_1)
FNDA:4,(anonymous_2)
FNDA:4,(anonymous_3)
DA:3,1
DA:9,1
DA:11,17
DA:13,17
DA:15,17
DA:21,17
DA:29,1
DA:32,1
DA:34,5
DA:36,5
DA:41,5
DA:48,1
DA:51,1
DA:52,4
DA:54,4
DA:59,4
DA:66,1
DA:69,1
DA:71,4
DA:73,4
DA:78,4
DA:85,1
DA:88,1
DA:89,1
DA:90,1
LF:25
LH:25
BRDA:10,0,0,16
BRDA:10,1,0,14
BRDA:11,2,0,17
BRDA:11,2,1,0
BRDA:32,3,0,5
BRDA:51,4,0,4
BRDA:69,5,0,4
BRF:7
BRH:6
end_of_record
TN:
SF:src/components/core/Card.stories.jsx
FNF:0
FNH:0
DA:20,0
DA:27,0
DA:34,0
DA:41,0
DA:62,0
LF:5
LH:0
BRF:0
BRH:0
end_of_record
TN:
SF:src/components/core/Checkbox.jsx
FN:5,(anonymous_0)
FNF:1
FNH:1
FNDA:19,(anonymous_0)
DA:4,1
DA:17,19
DA:19,19
DA:57,1
LF:4
LH:4
BRDA:7,0,0,14
BRDA:9,1,0,16
BRDA:12,2,0,18
BRDA:17,3,0,19
BRDA:17,3,1,17
BRDA:37,4,0,3
BRDA:37,4,1,16
BRDA:38,5,0,3
BRDA:38,5,1,16
BRDA:42,6,0,19
BRDA:42,6,1,3
BRDA:44,7,0,19
BRDA:44,7,1,4
BRDA:47,8,0,1
BRDA:47,8,1,3
BRF:15
BRH:15
end_of_record
TN:
SF:src/components/core/Checkbox.stories.jsx
FN:61,(anonymous_0)
FN:68,(anonymous_1)
FN:82,(anonymous_2)
FN:85,(anonymous_3)
FN:97,(anonymous_4)
FN:102,(anonymous_5)
FNF:6
FNH:0
FNDA:0,(anonymous_0)
FNDA:0,(anonymous_1)
FNDA:0,(anonymous_2)
FNDA:0,(anonymous_3)
FNDA:0,(anonymous_4)
FNDA:0,(anonymous_5)
DA:24,0
DA:31,0
DA:38,0
DA:46,0
DA:54,0
DA:60,0
DA:62,0
DA:63,0
DA:68,0
DA:81,0
DA:83,0
DA:85,0
DA:86,0
DA:87,0
DA:88,0
DA:90,0
DA:92,0
DA:95,0
DA:98,0
DA:102,0
LF:20
LH:0
BRDA:71,0,0,0
BRDA:71,0,1,0
BRDA:87,1,0,0
BRDA:87,1,1,0
BRF:4
BRH:0
end_of_record
TN:
SF:src/components/core/DatePicker.jsx
FN:5,(anonymous_0)
FN:22,(anonymous_1)
FN:23,(anonymous_2)
FN:33,(anonymous_3)
FN:36,(anonymous_4)
FN:40,(anonymous_5)
FN:44,(anonymous_6)
FN:54,(anonymous_7)
FN:60,(anonymous_8)
FN:68,(anonymous_9)
FN:69,(anonymous_10)
FN:95,(anonymous_11)
FN:128,(anonymous_12)
FN:139,(anonymous_13)
FN:142,(anonymous_14)
FN:145,(anonymous_15)
FNF:16
FNH:13
FNDA:20,(anonymous_0)
FNDA:15,(anonymous_1)
FNDA:0,(anonymous_2)
FNDA:15,(anonymous_3)
FNDA:20,(anonymous_4)
FNDA:20,(anonymous_5)
FNDA:1,(anonymous_6)
FNDA:0,(anonymous_7)
FNDA:0,(anonymous_8)
FNDA:600,(anonymous_9)
FNDA:58,(anonymous_10)
FNDA:4,(anonymous_11)
FNDA:28,(anonymous_12)
FNDA:12,(anonymous_13)
FNDA:120,(anonymous_14)
FNDA:1,(anonymous_15)
DA:4,1
DA:16,20
DA:17,20
DA:20,20
DA:22,20
DA:23,15
DA:24,0
DA:28,0
DA:32,15
DA:33,15
DA:36,20
DA:37,20
DA:40,20
DA:41,20
DA:44,20
DA:45,1
DA:50,1
DA:51,1
DA:54,20
DA:55,0
DA:60,20
DA:61,0
DA:66,20
DA:67,20
DA:68,600
DA:69,58
DA:71,20
DA:80,20
DA:82,20
DA:87,20
DA:95,4
DA:129,28
DA:140,12
DA:143,120
DA:145,1
DA:170,1
LF:36
LH:32
BRDA:9,0,0,18
BRDA:10,1,0,19
BRDA:11,2,0,19
BRDA:18,3,0,1
BRDA:18,3,1,19
BRDA:24,4,0,0
BRDA:24,4,1,0
BRDA:25,5,0,0
BRDA:25,5,1,0
BRDA:71,6,0,1
BRDA:71,6,1,19
BRDA:95,7,0,4
BRDA:95,7,1,4
BRDA:104,8,0,20
BRDA:104,8,1,4
BRDA:147,9,0,0
BRDA:147,9,1,120
BRF:17
BRH:12
end_of_record
TN:
SF:src/components/core/Divider.jsx
FN:4,(anonymous_0)
FNF:1
FNH:1
FNDA:11,(anonymous_0)
DA:3,1
DA:13,11
DA:14,11
DA:16,11
DA:23,11
DA:34,1
LF:6
LH:6
BRDA:6,0,0,9
BRDA:7,1,0,8
BRDA:8,2,0,10
BRDA:14,3,0,2
BRDA:14,3,1,9
BRF:5
BRH:5
end_of_record
TN:
SF:src/components/core/EmptyState.jsx
FN:4,(anonymous_0)
FNF:1
FNH:1
FNDA:15,(anonymous_0)
DA:4,1
DA:11,15
DA:13,15
DA:40,1
LF:4
LH:4
BRDA:9,0,0,15
BRDA:11,1,0,15
BRDA:11,1,1,0
BRDA:15,2,0,15
BRDA:15,2,1,15
BRDA:18,3,0,15
BRDA:18,3,1,15
BRDA:23,4,0,15
BRDA:23,4,1,15
BRDA:28,5,0,15
BRDA:28,5,1,2
BRF:11
BRH:10
end_of_record
TN:
SF:src/components/core/EmptyState.stories.jsx
FN:34,(anonymous_0)
FN:62,(anonymous_1)
FN:74,(anonymous_2)
FN:94,(anonymous_3)
FNF:4
FNH:0
FNDA:0,(anonymous_0)
FNDA:0,(anonymous_1)
FNDA:0,(anonymous_2)
FNDA:0,(anonymous_3)
DA:27,0
DA:34,0
DA:39,0
DA:47,0
DA:55,0
DA:62,0
DA:67,0
DA:74,0
DA:79,0
DA:87,0
DA:94,0
DA:99,0
LF:12
LH:0
BRF:0
BRH:0
end_of_record
TN:
SF:src/components/core/Input.jsx
FN:5,(anonymous_0)
FNF:1
FNH:1
FNDA:26,(anonymous_0)
DA:4,1
DA:21,26
DA:23,26
DA:25,26
DA:31,26
DA:59,1
LF:6
LH:6
BRDA:7,0,0,23
BRDA:11,1,0,21
BRDA:13,2,0,22
BRDA:14,3,0,25
BRDA:15,4,0,25
BRDA:23,5,0,5
BRDA:23,5,1,21
BRDA:45,6,0,26
BRDA:45,6,1,5
BRDA:51,7,0,26
BRDA:51,7,1,5
BRDA:51,7,2,3
BRF:12
BRH:12
end_of_record
TN:
SF:src/components/core/Input.stories.jsx
FNF:0
FNH:0
DA:37,0
DA:44,0
DA:51,0
DA:58,0
DA:65,0
DA:74,0
DA:82,0
LF:7
LH:0
BRF:0
BRH:0
end_of_record
TN:
SF:src/components/core/List.jsx
FN:4,(anonymous_0)
FN:14,(anonymous_1)
FN:32,(anonymous_2)
FN:49,(anonymous_3)
FN:57,(anonymous_4)
FN:68,(anonymous_5)
FN:81,(anonymous_6)
FNF:7
FNH:6
FNDA:24,(anonymous_0)
FNDA:10,(anonymous_1)
FNDA:66,(anonymous_2)
FNDA:0,(anonymous_3)
FNDA:66,(anonymous_4)
FNDA:10,(anonymous_5)
FNDA:1,(anonymous_6)
DA:4,1
DA:10,24
DA:14,24
DA:15,10
DA:16,3
DA:17,7
DA:18,5
DA:19,5
DA:20,0
DA:22,5
DA:24,5
DA:27,10
DA:28,2
DA:32,24
DA:33,66
DA:34,15
DA:35,51
DA:36,21
DA:38,30
DA:41,24
DA:42,1
DA:49,23
DA:50,0
DA:51,0
DA:52,0
DA:55,23
DA:58,66
DA:62,66
DA:68,10
DA:82,1
DA:83,1
DA:96,1
LF:32
LH:28
BRDA:5,0,0,0
BRDA:7,1,0,12
BRDA:8,2,0,24
BRDA:11,3,0,5
BRDA:11,3,1,19
BRDA:15,4,0,3
BRDA:15,4,1,7
BRDA:17,5,0,5
BRDA:17,5,1,2
BRDA:19,6,0,0
BRDA:19,6,1,5
BRDA:27,7,0,2
BRDA:27,7,1,8
BRDA:33,8,0,15
BRDA:33,8,1,51
BRDA:35,9,0,21
BRDA:35,9,1,30
BRDA:41,10,0,1
BRDA:41,10,1,23
BRDA:50,11,0,0
BRDA:50,11,1,0
BRDA:52,12,0,0
BRDA:52,12,1,0
BRDA:58,13,0,3
BRDA:58,13,1,63
BRDA:66,14,0,12
BRDA:66,14,1,54
BRDA:71,15,0,66
BRDA:71,15,1,3
BRDA:78,16,0,66
BRDA:78,16,1,3
BRF:31
BRH:25
end_of_record
TN:
SF:src/components/core/List.stories.jsx
FN:32,(anonymous_0)
FN:38,(anonymous_1)
FN:44,(anonymous_2)
FN:93,(anonymous_3)
FNF:4
FNH:0
FNDA:0,(anonymous_0)
FNDA:0,(anonymous_1)
FNDA:0,(anonymous_2)
FNDA:0,(anonymous_3)
DA:20,0
DA:27,0
DA:32,0
DA:38,0
DA:44,0
DA:48,0
DA:54,0
DA:61,0
DA:68,0
DA:74,0
DA:80,0
DA:91,0
DA:93,0
LF:13
LH:0
BRF:0
BRH:0
end_of_record
TN:
SF:src/components/core/LoadingState.jsx
FN:3,(anonymous_0)
FN:8,(anonymous_1)
FN:17,(anonymous_2)
FN:29,(anonymous_3)
FN:32,(anonymous_4)
FN:45,(anonymous_5)
FN:48,(anonymous_6)
FNF:7
FNH:7
FNDA:16,(anonymous_0)
FNDA:6,(anonymous_1)
FNDA:13,(anonymous_2)
FNDA:6,(anonymous_3)
FNDA:21,(anonymous_4)
FNDA:4,(anonymous_5)
FNDA:5,(anonymous_6)
DA:3,1
DA:8,16
DA:9,6
DA:18,13
DA:29,16
DA:30,6
DA:33,21
DA:45,16
DA:46,4
DA:49,5
DA:68,16
DA:70,6
DA:72,5
DA:74,4
DA:76,1
DA:80,1
LF:16
LH:16
BRDA:4,0,0,0
BRDA:5,1,0,1
BRDA:6,2,0,16
BRDA:68,3,0,6
BRDA:68,3,1,5
BRDA:68,3,2,4
BRDA:68,3,3,1
BRF:7
BRH:6
end_of_record
TN:
SF:src/components/core/Modal.jsx
FN:11,(anonymous_0)
FN:22,(anonymous_1)
FN:25,(anonymous_2)
FN:40,(anonymous_3)
FN:53,(anonymous_4)
FN:81,(anonymous_5)
FNF:6
FNH:6
FNDA:17,(anonymous_0)
FNDA:17,(anonymous_1)
FNDA:1,(anonymous_2)
FNDA:16,(anonymous_3)
FNDA:1,(anonymous_4)
FNDA:2,(anonymous_5)
DA:5,1
DA:11,1
DA:18,17
DA:19,17
DA:22,17
DA:23,17
DA:25,16
DA:26,1
DA:27,1
DA:32,16
DA:35,16
DA:38,16
DA:40,16
DA:41,16
DA:42,16
DA:45,16
DA:46,16
DA:52,17
DA:55,1
DA:56,1
DA:62,17
DA:64,17
DA:81,2
DA:120,1
LF:24
LH:24
BRDA:16,0,0,14
BRDA:23,1,0,1
BRDA:23,1,1,16
BRDA:26,2,0,1
BRDA:26,2,1,0
BRDA:45,3,0,16
BRDA:45,3,1,0
BRDA:55,4,0,1
BRDA:55,4,1,0
BRDA:62,5,0,17
BRDA:62,5,1,0
BRDA:66,6,0,17
BRDA:66,6,1,16
BRDA:84,7,0,16
BRDA:84,7,1,15
BRDA:97,8,0,16
BRDA:97,8,1,1
BRF:17
BRH:13
end_of_record
TN:
SF:src/components/core/Modal.stories.jsx
FN:30,(anonymous_0)
FN:35,(anonymous_1)
FN:40,(anonymous_2)
FN:52,(anonymous_3)
FN:57,(anonymous_4)
FN:62,(anonymous_5)
FN:74,(anonymous_6)
FN:79,(anonymous_7)
FN:84,(anonymous_8)
FN:117,(anonymous_9)
FN:122,(anonymous_10)
FN:127,(anonymous_11)
FNF:12
FNH:0
FNDA:0,(anonymous_0)
FNDA:0,(anonymous_1)
FNDA:0,(anonymous_2)
FNDA:0,(anonymous_3)
FNDA:0,(anonymous_4)
FNDA:0,(anonymous_5)
FNDA:0,(anonymous_6)
FNDA:0,(anonymous_7)
FNDA:0,(anonymous_8)
FNDA:0,(anonymous_9)
FNDA:0,(anonymous_10)
FNDA:0,(anonymous_11)
DA:29,0
DA:31,0
DA:32,0
DA:35,0
DA:40,0
DA:51,0
DA:53,0
DA:54,0
DA:57,0
DA:62,0
DA:73,0
DA:75,0
DA:76,0
DA:79,0
DA:84,0
DA:116,0
DA:118,0
DA:119,0
DA:122,0
DA:127,0
LF:20
LH:0
BRF:0
BRH:0
end_of_record
TN:
SF:src/components/core/Pagination.jsx
FN:4,(anonymous_0)
FN:12,(anonymous_1)
FN:18,(anonymous_2)
FN:24,(anonymous_3)
FN:30,(anonymous_4)
FN:34,(anonymous_5)
FN:44,(anonymous_6)
FN:76,(anonymous_7)
FN:79,(anonymous_8)
FNF:9
FNH:9
FNDA:23,(anonymous_0)
FNDA:1,(anonymous_1)
FNDA:1,(anonymous_2)
FNDA:1,(anonymous_3)
FNDA:2,(anonymous_4)
FNDA:2,(anonymous_5)
FNDA:23,(anonymous_6)
FNDA:111,(anonymous_7)
FNDA:1,(anonymous_8)
DA:4,1
DA:10,23
DA:12,23
DA:13,1
DA:14,1
DA:18,23
DA:19,1
DA:20,1
DA:24,23
DA:25,1
DA:26,1
DA:30,23
DA:31,2
DA:34,23
DA:35,2
DA:36,2
DA:37,2
DA:38,1
DA:39,1
DA:44,23
DA:45,23
DA:46,23
DA:47,23
DA:48,23
DA:50,23
DA:51,2
DA:54,23
DA:55,111
DA:58,23
DA:61,23
DA:63,23
DA:77,111
DA:79,1
DA:120,1
LF:34
LH:34
BRDA:5,0,0,0
BRDA:6,1,0,0
BRDA:8,2,0,23
BRDA:13,3,0,1
BRDA:13,3,1,0
BRDA:19,4,0,1
BRDA:19,4,1,0
BRDA:25,5,0,1
BRDA:25,5,1,0
BRDA:25,6,0,1
BRDA:25,6,1,1
BRDA:31,7,0,2
BRDA:31,7,1,0
BRDA:35,8,0,2
BRDA:35,8,1,0
BRDA:37,9,0,1
BRDA:37,9,1,1
BRDA:37,10,0,2
BRDA:37,10,1,2
BRDA:50,11,0,2
BRDA:50,11,1,21
BRDA:81,12,0,23
BRDA:81,12,1,88
BRF:23
BRH:16
end_of_record
TN:
SF:src/components/core/Progress.jsx
FN:12,(anonymous_0)
FNF:1
FNH:1
FNDA:22,(anonymous_0)
DA:3,1
DA:11,1
DA:23,22
DA:24,22
DA:25,22
DA:27,22
DA:32,22
DA:57,1
LF:8
LH:8
BRDA:14,0,0,0
BRDA:15,1,0,18
BRDA:16,2,0,20
BRDA:17,3,0,16
BRDA:18,4,0,21
BRDA:25,5,0,22
BRDA:25,5,1,0
BRDA:47,6,0,22
BRDA:47,6,1,2
BRF:9
BRH:7
end_of_record
TN:
SF:src/components/core/Progress.stories.jsx
FN:113,(anonymous_0)
FNF:1
FNH:0
FNDA:0,(anonymous_0)
DA:28,0
DA:36,0
DA:44,0
DA:52,0
DA:60,0
DA:68,0
DA:76,0
DA:83,0
DA:90,0
DA:97,0
DA:104,0
DA:112,0
DA:114,0
LF:13
LH:0
BRF:0
BRH:0
end_of_record
TN:
SF:src/components/core/Radio.jsx
FN:4,(anonymous_0)
FNF:1
FNH:1
FNDA:21,(anonymous_0)
DA:3,1
DA:18,21
DA:20,21
DA:62,1
LF:4
LH:4
BRDA:6,0,0,16
BRDA:8,1,0,19
BRDA:13,2,0,20
BRDA:18,3,0,21
BRDA:18,3,1,20
BRDA:40,4,0,3
BRDA:40,4,1,18
BRDA:41,5,0,2
BRDA:41,5,1,19
BRDA:45,6,0,21
BRDA:45,6,1,3
BRDA:49,7,0,21
BRDA:49,7,1,5
BRDA:52,8,0,1
BRDA:52,8,1,4
BRF:15
BRH:15
end_of_record
TN:
SF:src/components/core/Radio.stories.jsx
FN:61,(anonymous_0)
FN:71,(anonymous_1)
FN:78,(anonymous_2)
FN:85,(anonymous_3)
FN:93,(anonymous_4)
FN:103,(anonymous_5)
FN:110,(anonymous_6)
FN:117,(anonymous_7)
FNF:8
FNH:0
FNDA:0,(anonymous_0)
FNDA:0,(anonymous_1)
FNDA:0,(anonymous_2)
FNDA:0,(anonymous_3)
FNDA:0,(anonymous_4)
FNDA:0,(anonymous_5)
FNDA:0,(anonymous_6)
FNDA:0,(anonymous_7)
DA:24,0
DA:31,0
DA:38,0
DA:46,0
DA:54,0
DA:60,0
DA:62,0
DA:64,0
DA:71,0
DA:78,0
DA:85,0
DA:92,0
DA:94,0
DA:96,0
DA:103,0
DA:110,0
DA:117,0
LF:17
LH:0
BRF:0
BRH:0
end_of_record
TN:
SF:src/components/core/SearchBox.jsx
FN:5,(anonymous_0)
FN:17,(anonymous_1)
FNF:2
FNH:2
FNDA:15,(anonymous_0)
FNDA:2,(anonymous_1)
DA:4,1
DA:17,15
DA:18,2
DA:19,2
DA:23,15
DA:25,15
DA:30,15
DA:58,1
LF:8
LH:8
BRDA:7,0,0,9
BRDA:10,1,0,14
BRDA:11,2,0,14
BRDA:12,3,0,14
BRDA:43,4,0,15
BRDA:43,4,1,5
BRF:6
BRH:6
end_of_record
TN:
SF:src/components/core/Select.jsx
FN:5,(anonymous_0)
FN:29,(anonymous_1)
FN:35,(anonymous_2)
FN:47,(anonymous_3)
FN:53,(anonymous_4)
FN:71,(anonymous_5)
FN:72,(anonymous_6)
FN:84,(anonymous_7)
FN:90,(anonymous_8)
FN:97,(anonymous_9)
FN:104,(anonymous_10)
FN:116,(anonymous_11)
FN:124,(anonymous_12)
FN:166,(anonymous_13)
FN:190,(anonymous_14)
FN:202,(anonymous_15)
FN:205,(anonymous_16)
FN:226,(anonymous_17)
FNF:18
FNH:17
FNDA:121,(anonymous_0)
FNDA:27,(anonymous_1)
FNDA:121,(anonymous_2)
FNDA:7,(anonymous_3)
FNDA:6,(anonymous_4)
FNDA:44,(anonymous_5)
FNDA:3,(anonymous_6)
FNDA:44,(anonymous_7)
FNDA:73,(anonymous_8)
FNDA:73,(anonymous_9)
FNDA:20,(anonymous_10)
FNDA:14,(anonymous_11)
FNDA:2,(anonymous_12)
FNDA:24,(anonymous_13)
FNDA:3,(anonymous_14)
FNDA:191,(anonymous_15)
FNDA:4,(anonymous_16)
FNDA:0,(anonymous_17)
DA:4,1
DA:21,121
DA:22,121
DA:23,121
DA:24,121
DA:25,121
DA:28,121
DA:30,27
DA:35,121
DA:36,121
DA:37,16
DA:38,14
DA:40,2
DA:44,105
DA:45,98
DA:47,7
DA:48,7
DA:53,121
DA:54,6
DA:55,3
DA:56,3
DA:57,3
DA:58,0
DA:60,3
DA:62,3
DA:64,3
DA:65,3
DA:66,3
DA:71,121
DA:72,44
DA:73,3
DA:77,0
DA:78,0
DA:79,0
DA:83,44
DA:84,44
DA:85,44
DA:90,121
DA:91,73
DA:92,2
DA:97,121
DA:98,73
DA:99,49
DA:104,121
DA:106,20
DA:107,0
DA:108,0
DA:109,0
DA:112,20
DA:114,14
DA:115,14
DA:116,14
DA:117,14
DA:120,14
DA:122,2
DA:123,2
DA:124,2
DA:125,2
DA:128,2
DA:130,2
DA:131,2
DA:132,2
DA:133,2
DA:134,2
DA:135,1
DA:138,2
DA:140,2
DA:141,2
DA:142,2
DA:144,0
DA:149,121
DA:151,121
DA:153,121
DA:160,121
DA:166,24
DA:190,3
DA:203,191
DA:205,4
DA:248,1
LF:79
LH:71
BRDA:7,0,0,0
BRDA:11,1,0,118
BRDA:12,2,0,105
BRDA:13,3,0,112
BRDA:14,4,0,118
BRDA:16,5,0,120
BRDA:28,6,0,9
BRDA:28,6,1,112
BRDA:36,7,0,16
BRDA:36,7,1,105
BRDA:37,8,0,14
BRDA:37,8,1,2
BRDA:37,9,0,16
BRDA:37,9,1,3
BRDA:38,10,0,14
BRDA:38,10,1,13
BRDA:40,11,0,1
BRDA:40,11,1,1
BRDA:44,12,0,98
BRDA:44,12,1,7
BRDA:45,13,0,98
BRDA:45,13,1,90
BRDA:48,14,0,7
BRDA:48,14,1,0
BRDA:54,15,0,3
BRDA:54,15,1,3
BRDA:55,16,0,0
BRDA:55,16,1,3
BRDA:57,17,0,0
BRDA:57,17,1,3
BRDA:73,18,0,0
BRDA:73,18,1,3
BRDA:74,19,0,3
BRDA:74,19,1,3
BRDA:91,20,0,2
BRDA:91,20,1,71
BRDA:91,21,0,73
BRDA:91,21,1,24
BRDA:91,21,2,2
BRDA:98,22,0,49
BRDA:98,22,1,24
BRDA:106,23,0,0
BRDA:106,23,1,20
BRDA:106,24,0,20
BRDA:106,24,1,0
BRDA:112,25,0,14
BRDA:112,25,1,2
BRDA:112,25,2,2
BRDA:112,25,3,2
BRDA:112,25,4,0
BRDA:115,26,0,14
BRDA:115,26,1,0
BRDA:117,27,0,13
BRDA:117,27,1,1
BRDA:123,28,0,2
BRDA:123,28,1,0
BRDA:125,29,0,1
BRDA:125,29,1,1
BRDA:131,30,0,2
BRDA:131,30,1,0
BRDA:131,31,0,2
BRDA:131,31,1,2
BRDA:134,32,0,1
BRDA:134,32,1,1
BRDA:151,33,0,3
BRDA:151,33,1,118
BRDA:156,34,0,3
BRDA:156,34,1,118
BRDA:166,35,0,24
BRDA:166,35,1,24
BRDA:167,36,0,118
BRDA:167,36,1,3
BRDA:176,37,0,67
BRDA:176,37,1,54
BRDA:181,38,0,121
BRDA:181,38,1,67
BRDA:181,38,2,67
BRDA:183,39,0,67
BRDA:183,39,1,7
BRDA:197,40,0,2
BRDA:197,40,1,65
BRDA:207,41,0,4
BRDA:207,41,1,187
BRDA:207,42,0,27
BRDA:207,42,1,164
BRDA:212,43,0,16
BRDA:212,43,1,175
BRDA:215,44,0,27
BRDA:215,44,1,164
BRDA:216,45,0,27
BRDA:216,45,1,27
BRDA:220,46,0,191
BRDA:220,46,1,27
BRDA:225,47,0,27
BRDA:225,47,1,27
BRDA:240,48,0,121
BRDA:240,48,1,3
BRDA:240,48,2,2
BRF:98
BRH:87
end_of_record
TN:
SF:src/components/core/Select.stories.jsx
FNF:0
FNH:0
DA:36,0
DA:43,0
DA:50,0
DA:58,0
DA:66,0
DA:75,0
DA:84,0
LF:7
LH:0
BRF:0
BRH:0
end_of_record
TN:
SF:src/components/core/Table.jsx
FN:4,(anonymous_0)
FN:21,(anonymous_1)
FN:35,(anonymous_2)
FN:48,(anonymous_3)
FN:80,(anonymous_4)
FN:86,(anonymous_5)
FN:105,(anonymous_6)
FN:117,(anonymous_7)
FN:125,(anonymous_8)
FN:137,(anonymous_9)
FNF:10
FNH:10
FNDA:22,(anonymous_0)
FNDA:4,(anonymous_1)
FNDA:1,(anonymous_2)
FNDA:1,(anonymous_3)
FNDA:63,(anonymous_4)
FNDA:4,(anonymous_5)
FNDA:63,(anonymous_6)
FNDA:1,(anonymous_7)
FNDA:1,(anonymous_8)
FNDA:189,(anonymous_9)
DA:4,1
DA:17,22
DA:18,22
DA:19,22
DA:21,22
DA:22,4
DA:24,3
DA:25,3
DA:26,1
DA:29,3
DA:30,3
DA:31,3
DA:35,22
DA:36,1
DA:37,1
DA:38,0
DA:40,1
DA:42,1
DA:43,1
DA:44,1
DA:48,22
DA:49,1
DA:50,1
DA:51,0
DA:53,1
DA:55,1
DA:56,1
DA:57,1
DA:61,22
DA:62,1
DA:69,21
DA:81,63
DA:86,4
DA:106,63
DA:117,1
DA:125,1
DA:138,189
DA:160,1
LF:38
LH:36
BRDA:5,0,0,0
BRDA:6,1,0,0
BRDA:10,2,0,18
BRDA:11,3,0,19
BRDA:12,4,0,21
BRDA:13,5,0,21
BRDA:14,6,0,21
BRDA:15,7,0,22
BRDA:22,8,0,1
BRDA:22,8,1,3
BRDA:25,9,0,1
BRDA:25,9,1,2
BRDA:25,10,0,3
BRDA:25,10,1,1
BRDA:30,11,0,3
BRDA:30,11,1,0
BRDA:37,12,0,0
BRDA:37,12,1,1
BRDA:43,13,0,1
BRDA:43,13,1,0
BRDA:50,14,0,0
BRDA:50,14,1,1
BRDA:56,15,0,1
BRDA:56,15,1,0
BRDA:61,16,0,1
BRDA:61,16,1,21
BRDA:74,17,0,21
BRDA:74,17,1,3
BRDA:79,18,0,21
BRDA:79,18,1,3
BRDA:84,19,0,42
BRDA:84,19,1,21
BRDA:90,20,0,63
BRDA:90,20,1,42
BRDA:90,20,2,3
BRDA:92,21,0,2
BRDA:92,21,1,1
BRDA:107,22,0,63
BRDA:107,22,1,0
BRDA:109,23,0,42
BRDA:109,23,1,21
BRDA:112,24,0,63
BRDA:112,24,1,9
BRDA:122,25,0,63
BRDA:122,25,1,9
BRDA:129,26,0,1
BRDA:129,26,1,8
BRDA:139,27,0,189
BRDA:139,27,1,0
BRDA:149,28,0,21
BRDA:149,28,1,1
BRF:51
BRH:42
end_of_record
TN:
SF:src/components/core/Table.stories.jsx
FNF:0
FNH:0
DA:31,0
DA:38,0
DA:46,0
DA:53,0
DA:61,0
DA:73,0
DA:81,0
DA:91,0
DA:98,0
DA:110,0
LF:10
LH:0
BRF:0
BRH:0
end_of_record
TN:
SF:src/components/core/Tabs.jsx
FN:3,(anonymous_0)
FN:8,(anonymous_1)
FN:11,(anonymous_2)
FN:38,(anonymous_3)
FN:39,(anonymous_4)
FN:50,(anonymous_5)
FN:57,(anonymous_6)
FNF:7
FNH:7
FNDA:18,(anonymous_0)
FNDA:4,(anonymous_1)
FNDA:7,(anonymous_2)
FNDA:18,(anonymous_3)
FNDA:22,(anonymous_4)
FNDA:45,(anonymous_5)
FNDA:2,(anonymous_6)
DA:3,1
DA:4,18
DA:7,18
DA:9,4
DA:11,7
DA:12,4
DA:14,4
DA:16,2
DA:17,2
DA:18,2
DA:19,2
DA:21,2
DA:22,2
DA:23,2
DA:24,2
DA:27,0
DA:29,0
DA:31,0
DA:38,18
DA:39,22
DA:40,18
DA:43,18
DA:51,45
DA:57,2
DA:86,1
LF:25
LH:22
BRDA:3,0,0,18
BRDA:9,1,0,0
BRDA:9,1,1,4
BRDA:14,2,0,2
BRDA:14,2,1,2
BRDA:14,2,2,0
BRDA:14,2,3,0
BRDA:14,2,4,0
BRDA:17,3,0,1
BRDA:17,3,1,1
BRDA:22,4,0,1
BRDA:22,4,1,1
BRDA:40,5,0,18
BRDA:40,5,1,0
BRDA:57,6,0,2
BRDA:57,6,1,2
BRDA:62,7,0,18
BRDA:62,7,1,27
BRF:18
BRH:13
end_of_record
TN:
SF:src/components/core/Tabs.stories.jsx
FN:17,(anonymous_0)
FN:35,(anonymous_1)
FNF:2
FNH:0
FNDA:0,(anonymous_0)
FNDA:0,(anonymous_1)
DA:10,0
DA:16,0
DA:18,0
DA:19,0
DA:34,0
DA:36,0
DA:37,0
DA:43,0
LF:8
LH:0
BRF:0
BRH:0
end_of_record
TN:
SF:src/components/core/TextArea.jsx
FN:5,(anonymous_0)
FNF:1
FNH:1
FNDA:18,(anonymous_0)
DA:4,1
DA:21,18
DA:23,18
DA:25,18
DA:31,18
DA:59,1
LF:6
LH:6
BRDA:10,0,0,13
BRDA:12,1,0,17
BRDA:13,2,0,17
BRDA:14,3,0,17
BRDA:15,4,0,17
BRDA:23,5,0,3
BRDA:23,5,1,15
BRDA:45,6,0,18
BRDA:45,6,1,3
BRDA:51,7,0,18
BRDA:51,7,1,3
BRDA:51,7,2,1
BRF:12
BRH:12
end_of_record
TN:
SF:src/components/core/TextArea.stories.jsx
FN:91,(anonymous_0)
FN:98,(anonymous_1)
FNF:2
FNH:0
FNDA:0,(anonymous_0)
FNDA:0,(anonymous_1)
DA:36,0
DA:43,0
DA:50,0
DA:57,0
DA:65,0
DA:74,0
DA:82,0
DA:90,0
DA:92,0
DA:93,0
DA:98,0
LF:11
LH:0
BRF:0
BRH:0
end_of_record
TN:
SF:src/components/core/TimePicker.jsx
FN:5,(anonymous_0)
FN:24,(anonymous_1)
FN:31,(anonymous_2)
FN:56,(anonymous_3)
FN:77,(anonymous_4)
FN:94,(anonymous_5)
FN:104,(anonymous_6)
FNF:7
FNH:6
FNDA:25,(anonymous_0)
FNDA:1,(anonymous_1)
FNDA:0,(anonymous_2)
FNDA:6,(anonymous_3)
FNDA:168,(anonymous_4)
FNDA:420,(anonymous_5)
FNDA:1,(anonymous_6)
DA:4,1
DA:16,25
DA:17,25
DA:20,25
DA:24,25
DA:25,1
DA:26,1
DA:27,1
DA:28,1
DA:31,25
DA:32,0
DA:33,0
DA:34,0
DA:35,0
DA:38,25
DA:41,25
DA:43,25
DA:48,25
DA:56,6
DA:78,168
DA:95,420
DA:104,1
DA:116,1
LF:23
LH:19
BRDA:9,0,0,23
BRDA:10,1,0,24
BRDA:11,2,0,24
BRDA:18,3,0,4
BRDA:18,3,1,21
BRDA:21,4,0,4
BRDA:21,4,1,21
BRDA:38,5,0,25
BRDA:38,5,1,21
BRDA:56,6,0,6
BRDA:56,6,1,6
BRDA:65,7,0,25
BRDA:65,7,1,7
BRF:13
BRH:13
end_of_record
TN:
SF:src/components/core/Toast.jsx
FN:36,(anonymous_0)
FN:50,(anonymous_1)
FN:52,(anonymous_2)
FN:55,(anonymous_3)
FNF:4
FNH:4
FNDA:14,(anonymous_0)
FNDA:14,(anonymous_1)
FNDA:1,(anonymous_2)
FNDA:13,(anonymous_3)
DA:4,1
DA:35,1
DA:47,14
DA:48,14
DA:50,14
DA:51,14
DA:52,13
DA:53,1
DA:55,13
DA:59,14
DA:67,14
DA:83,1
LF:12
LH:12
BRDA:39,0,0,10
BRDA:40,1,0,12
BRDA:42,2,0,13
BRDA:47,3,0,14
BRDA:47,3,1,0
BRDA:51,4,0,13
BRDA:51,4,1,1
BRF:7
BRH:6
end_of_record
TN:
SF:src/components/core/Toast.stories.jsx
FN:58,(anonymous_0)
FN:63,(anonymous_1)
FN:73,(anonymous_2)
FN:93,(anonymous_3)
FN:99,(anonymous_4)
FN:105,(anonymous_5)
FN:111,(anonymous_6)
FN:117,(anonymous_7)
FNF:8
FNH:0
FNDA:0,(anonymous_0)
FNDA:0,(anonymous_1)
FNDA:0,(anonymous_2)
FNDA:0,(anonymous_3)
FNDA:0,(anonymous_4)
FNDA:0,(anonymous_5)
FNDA:0,(anonymous_6)
FNDA:0,(anonymous_7)
DA:25,0
DA:33,0
DA:41,0
DA:49,0
DA:57,0
DA:59,0
DA:60,0
DA:61,0
DA:63,0
DA:70,0
DA:73,0
DA:84,0
DA:92,0
DA:94,0
LF:14
LH:0
BRDA:60,0,0,0
BRDA:60,0,1,0
BRF:2
BRH:0
end_of_record
TN:
SF:src/components/core/Toggle.jsx
FN:4,(anonymous_0)
FNF:1
FNH:1
FNDA:21,(anonymous_0)
DA:3,1
DA:16,21
DA:18,21
DA:64,1
LF:4
LH:4
BRDA:6,0,0,14
BRDA:8,1,0,19
BRDA:11,2,0,20
BRDA:16,3,0,21
BRDA:16,3,1,20
BRDA:38,4,0,4
BRDA:38,4,1,17
BRDA:39,5,0,2
BRDA:39,5,1,19
BRDA:47,6,0,4
BRDA:47,6,1,17
BRDA:51,7,0,21
BRDA:51,7,1,3
BRDA:54,8,0,1
BRDA:54,8,1,2
BRF:15
BRH:15
end_of_record
TN:
SF:src/components/core/Toggle.stories.jsx
FN:61,(anonymous_0)
FN:68,(anonymous_1)
FN:82,(anonymous_2)
FN:89,(anonymous_3)
FN:90,(anonymous_4)
FN:101,(anonymous_5)
FN:106,(anonymous_6)
FN:111,(anonymous_7)
FNF:8
FNH:0
FNDA:0,(anonymous_0)
FNDA:0,(anonymous_1)
FNDA:0,(anonymous_2)
FNDA:0,(anonymous_3)
FNDA:0,(anonymous_4)
FNDA:0,(anonymous_5)
FNDA:0,(anonymous_6)
FNDA:0,(anonymous_7)
DA:24,0
DA:31,0
DA:38,0
DA:46,0
DA:54,0
DA:60,0
DA:62,0
DA:63,0
DA:68,0
DA:81,0
DA:83,0
DA:89,0
DA:90,0
DA:96,0
DA:101,0
DA:106,0
DA:111,0
LF:17
LH:0
BRDA:71,0,0,0
BRDA:71,0,1,0
BRF:2
BRH:0
end_of_record
TN:
SF:src/components/core/index.js
FNF:0
FNH:0
LF:0
LH:0
BRF:0
BRH:0
end_of_record
TN:
SF:src/config/api.js
FN:3,(anonymous_0)
FN:14,(anonymous_1)
FN:14,(anonymous_2)
FN:15,(anonymous_3)
FN:15,(anonymous_4)
FN:16,(anonymous_5)
FN:16,(anonymous_6)
FN:17,(anonymous_7)
FN:17,(anonymous_8)
FNF:9
FNH:0
FNDA:0,(anonymous_0)
FNDA:0,(anonymous_1)
FNDA:0,(anonymous_2)
FNDA:0,(anonymous_3)
FNDA:0,(anonymous_4)
FNDA:0,(anonymous_5)
FNDA:0,(anonymous_6)
FNDA:0,(anonymous_7)
FNDA:0,(anonymous_8)
DA:1,0
DA:3,0
DA:4,0
DA:5,0
DA:6,0
DA:13,0
DA:14,0
DA:15,0
DA:16,0
DA:17,0
LF:10
LH:0
BRDA:1,0,0,0
BRDA:1,0,1,0
BRDA:8,1,0,0
BRDA:8,1,1,0
BRDA:9,2,0,0
BRDA:9,2,1,0
BRF:6
BRH:0
end_of_record
TN:
SF:src/hooks/useAnalytics.js
FN:9,useAnalytics
FN:17,(anonymous_1)
FN:18,(anonymous_2)
FN:23,(anonymous_3)
FN:24,(anonymous_4)
FN:74,(anonymous_5)
FN:82,(anonymous_6)
FN:97,(anonymous_7)
FN:104,(anonymous_8)
FN:118,(anonymous_9)
FN:126,(anonymous_10)
FNF:11
FNH:0
FNDA:0,useAnalytics
FNDA:0,(anonymous_1)
FNDA:0,(anonymous_2)
FNDA:0,(anonymous_3)
FNDA:0,(anonymous_4)
FNDA:0,(anonymous_5)
FNDA:0,(anonymous_6)
FNDA:0,(anonymous_7)
FNDA:0,(anonymous_8)
FNDA:0,(anonymous_9)
FNDA:0,(anonymous_10)
DA:5,0
DA:6,0
DA:10,0
DA:11,0
DA:12,0
DA:13,0
DA:14,0
DA:15,0
DA:17,0
DA:18,0
DA:19,0
DA:20,0
DA:21,0
DA:23,0
DA:24,0
DA:25,0
DA:48,0
DA:49,0
DA:50,0
DA:52,0
DA:54,0
DA:58,0
DA:61,0
DA:74,0
DA:80,0
DA:83,0
DA:97,0
DA:102,0
DA:105,0
DA:118,0
DA:124,0
DA:127,0
LF:32
LH:0
BRDA:9,0,0,0
BRDA:52,1,0,0
BRDA:52,1,1,0
BRDA:74,2,0,0
BRDA:77,3,0,0
BRDA:78,4,0,0
BRDA:90,5,0,0
BRDA:90,5,1,0
BRDA:90,5,2,0
BRDA:97,6,0,0
BRDA:100,7,0,0
BRDA:111,8,0,0
BRDA:111,8,1,0
BRDA:111,8,2,0
BRDA:118,9,0,0
BRDA:122,10,0,0
BRDA:134,11,0,0
BRDA:134,11,1,0
BRDA:134,11,2,0
BRDA:134,11,3,0
BRF:20
BRH:0
end_of_record
TN:
SF:src/hooks/useCountUp.js
FN:3,useCountUp
FN:8,(anonymous_1)
FN:10,(anonymous_2)
FN:16,(anonymous_3)
FN:18,(anonymous_4)
FN:32,(anonymous_5)
FNF:6
FNH:0
FNDA:0,useCountUp
FNDA:0,(anonymous_1)
FNDA:0,(anonymous_2)
FNDA:0,(anonymous_3)
FNDA:0,(anonymous_4)
FNDA:0,(anonymous_5)
DA:4,0
DA:5,0
DA:6,0
DA:8,0
DA:10,0
DA:11,0
DA:13,0
DA:14,0
DA:16,0
DA:18,0
DA:19,0
DA:20,0
DA:21,0
DA:22,0
DA:24,0
DA:26,0
DA:27,0
DA:31,0
DA:32,0
DA:35,0
LF:20
LH:0
BRDA:3,0,0,0
BRDA:3,1,0,0
BRDA:11,2,0,0
BRDA:11,2,1,0
BRDA:11,3,0,0
BRDA:11,3,1,0
BRDA:26,4,0,0
BRDA:26,4,1,0
BRF:8
BRH:0
end_of_record
TN:
SF:src/hooks/useIntegrations.js
FN:10,(anonymous_0)
FN:13,(anonymous_1)
FN:23,(anonymous_2)
FN:26,(anonymous_3)
FN:36,(anonymous_4)
FN:40,(anonymous_5)
FN:41,(anonymous_6)
FN:44,(anonymous_7)
FN:54,(anonymous_8)
FN:58,(anonymous_9)
FN:59,(anonymous_10)
FN:63,(anonymous_11)
FN:73,(anonymous_12)
FN:77,(anonymous_13)
FN:78,(anonymous_14)
FN:81,(anonymous_15)
FN:91,(anonymous_16)
FN:93,(anonymous_17)
FN:94,(anonymous_18)
FN:104,(anonymous_19)
FN:108,(anonymous_20)
FN:109,(anonymous_21)
FN:112,(anonymous_22)
FNF:23
FNH:0
FNDA:0,(anonymous_0)
FNDA:0,(anonymous_1)
FNDA:0,(anonymous_2)
FNDA:0,(anonymous_3)
FNDA:0,(anonymous_4)
FNDA:0,(anonymous_5)
FNDA:0,(anonymous_6)
FNDA:0,(anonymous_7)
FNDA:0,(anonymous_8)
FNDA:0,(anonymous_9)
FNDA:0,(anonymous_10)
FNDA:0,(anonymous_11)
FNDA:0,(anonymous_12)
FNDA:0,(anonymous_13)
FNDA:0,(anonymous_14)
FNDA:0,(anonymous_15)
FNDA:0,(anonymous_16)
FNDA:0,(anonymous_17)
FNDA:0,(anonymous_18)
FNDA:0,(anonymous_19)
FNDA:0,(anonymous_20)
FNDA:0,(anonymous_21)
FNDA:0,(anonymous_22)
DA:4,0
DA:5,0
DA:10,0
DA:11,0
DA:13,0
DA:23,0
DA:24,0
DA:26,0
DA:36,0
DA:37,0
DA:39,0
DA:40,0
DA:42,0
DA:45,0
DA:46,0
DA:54,0
DA:55,0
DA:57,0
DA:58,0
DA:60,0
DA:61,0
DA:64,0
DA:65,0
DA:73,0
DA:74,0
DA:76,0
DA:77,0
DA:79,0
DA:82,0
DA:83,0
DA:91,0
DA:92,0
DA:93,0
DA:95,0
DA:96,0
DA:104,0
DA:105,0
DA:107,0
DA:108,0
DA:110,0
DA:113,0
DA:114,0
LF:42
LH:0
BRDA:10,0,0,0
BRDA:23,1,0,0
BRDA:29,2,0,0
BRDA:29,2,1,0
BRF:4
BRH:0
end_of_record
TN:
SF:src/hooks/useIntersectionObserver.js
FN:3,useIntersectionObserver
FN:8,(anonymous_1)
FN:12,(anonymous_2)
FN:28,(anonymous_3)
FNF:4
FNH:0
FNDA:0,useIntersectionObserver
FNDA:0,(anonymous_1)
FNDA:0,(anonymous_2)
FNDA:0,(anonymous_3)
DA:4,0
DA:5,0
DA:6,0
DA:8,0
DA:9,0
DA:10,0
DA:12,0
DA:13,0
DA:14,0
DA:15,0
DA:16,0
DA:17,0
DA:20,0
DA:27,0
DA:28,0
DA:31,0
LF:16
LH:0
BRDA:3,0,0,0
BRDA:10,1,0,0
BRDA:10,1,1,0
BRDA:13,2,0,0
BRDA:13,2,1,0
BRDA:16,3,0,0
BRDA:16,3,1,0
BRDA:23,4,0,0
BRDA:23,4,1,0
BRDA:24,5,0,0
BRDA:24,5,1,0
BRF:11
BRH:0
end_of_record
TN:
SF:src/hooks/useMediaQuery.js
FN:15,useMediaQuery
FN:18,(anonymous_1)
FN:26,(anonymous_2)
FN:33,(anonymous_3)
FN:38,(anonymous_4)
FNF:5
FNH:3
FNDA:17,useMediaQuery
FNDA:17,(anonymous_1)
FNDA:0,(anonymous_2)
FNDA:17,(anonymous_3)
FNDA:0,(anonymous_4)
DA:16,17
DA:18,17
DA:20,17
DA:23,17
DA:26,17
DA:27,0
DA:31,17
DA:32,17
DA:33,17
DA:37,0
DA:38,0
DA:42,17
LF:12
LH:9
BRDA:31,0,0,17
BRDA:31,0,1,0
BRF:2
BRH:1
end_of_record
TN:
SF:src/hooks/useOutreach.js
FN:10,(anonymous_0)
FN:20,(anonymous_1)
FN:37,(anonymous_2)
FN:40,(anonymous_3)
FN:50,(anonymous_4)
FN:54,(anonymous_5)
FN:55,(anonymous_6)
FN:58,(anonymous_7)
FN:68,(anonymous_8)
FN:72,(anonymous_9)
FN:73,(anonymous_10)
FN:77,(anonymous_11)
FN:87,(anonymous_12)
FN:91,(anonymous_13)
FN:92,(anonymous_14)
FN:95,(anonymous_15)
FN:105,(anonymous_16)
FN:109,(anonymous_17)
FN:110,(anonymous_18)
FN:113,(anonymous_19)
FNF:20
FNH:0
FNDA:0,(anonymous_0)
FNDA:0,(anonymous_1)
FNDA:0,(anonymous_2)
FNDA:0,(anonymous_3)
FNDA:0,(anonymous_4)
FNDA:0,(anonymous_5)
FNDA:0,(anonymous_6)
FNDA:0,(anonymous_7)
FNDA:0,(anonymous_8)
FNDA:0,(anonymous_9)
FNDA:0,(anonymous_10)
FNDA:0,(anonymous_11)
FNDA:0,(anonymous_12)
FNDA:0,(anonymous_13)
FNDA:0,(anonymous_14)
FNDA:0,(anonymous_15)
FNDA:0,(anonymous_16)
FNDA:0,(anonymous_17)
FNDA:0,(anonymous_18)
FNDA:0,(anonymous_19)
DA:4,0
DA:5,0
DA:10,0
DA:18,0
DA:21,0
DA:37,0
DA:38,0
DA:40,0
DA:50,0
DA:51,0
DA:53,0
DA:54,0
DA:56,0
DA:59,0
DA:60,0
DA:68,0
DA:69,0
DA:71,0
DA:72,0
DA:74,0
DA:75,0
DA:78,0
DA:79,0
DA:87,0
DA:88,0
DA:90,0
DA:91,0
DA:93,0
DA:96,0
DA:97,0
DA:105,0
DA:106,0
DA:108,0
DA:109,0
DA:111,0
DA:114,0
DA:115,0
LF:37
LH:0
BRDA:10,0,0,0
BRDA:11,1,0,0
BRDA:12,2,0,0
BRDA:13,3,0,0
BRDA:14,4,0,0
BRDA:15,5,0,0
BRDA:16,6,0,0
BRDA:37,7,0,0
BRDA:43,8,0,0
BRDA:43,8,1,0
BRF:10
BRH:0
end_of_record
TN:
SF:src/hooks/usePageTitle.js
FN:7,usePageTitle
FN:8,(anonymous_1)
FN:12,(anonymous_2)
FNF:3
FNH:0
FNDA:0,usePageTitle
FNDA:0,(anonymous_1)
FNDA:0,(anonymous_2)
DA:8,0
DA:9,0
DA:10,0
DA:12,0
DA:13,0
LF:5
LH:0
BRDA:10,0,0,0
BRDA:10,0,1,0
BRF:2
BRH:0
end_of_record
TN:
SF:src/hooks/useProspects.js
FN:11,(anonymous_0)
FN:21,(anonymous_1)
FN:38,(anonymous_2)
FN:41,(anonymous_3)
FN:51,(anonymous_4)
FN:55,(anonymous_5)
FN:56,(anonymous_6)
FN:62,(anonymous_7)
FN:72,(anonymous_8)
FN:76,(anonymous_9)
FN:77,(anonymous_10)
FN:88,(anonymous_11)
FN:98,(anonymous_12)
FN:102,(anonymous_13)
FN:103,(anonymous_14)
FN:107,(anonymous_15)
FN:117,(anonymous_16)
FN:121,(anonymous_17)
FN:122,(anonymous_18)
FN:128,(anonymous_19)
FNF:20
FNH:17
FNDA:6,(anonymous_0)
FNDA:3,(anonymous_1)
FNDA:0,(anonymous_2)
FNDA:0,(anonymous_3)
FNDA:3,(anonymous_4)
FNDA:1,(anonymous_5)
FNDA:0,(anonymous_6)
FNDA:1,(anonymous_7)
FNDA:4,(anonymous_8)
FNDA:2,(anonymous_9)
FNDA:1,(anonymous_10)
FNDA:1,(anonymous_11)
FNDA:4,(anonymous_12)
FNDA:2,(anonymous_13)
FNDA:1,(anonymous_14)
FNDA:1,(anonymous_15)
FNDA:4,(anonymous_16)
FNDA:2,(anonymous_17)
FNDA:1,(anonymous_18)
FNDA:1,(anonymous_19)
DA:5,1
DA:6,1
DA:11,1
DA:19,6
DA:22,3
DA:38,1
DA:39,0
DA:41,0
DA:51,1
DA:52,3
DA:54,3
DA:55,1
DA:58,0
DA:60,0
DA:63,1
DA:64,1
DA:72,1
DA:73,4
DA:75,4
DA:76,2
DA:79,1
DA:82,1
DA:86,1
DA:89,1
DA:90,1
DA:98,1
DA:99,4
DA:101,4
DA:102,2
DA:105,1
DA:108,1
DA:109,1
DA:117,1
DA:118,4
DA:120,4
DA:121,2
DA:124,1
DA:126,1
DA:129,1
DA:130,1
LF:40
LH:36
BRDA:11,0,0,0
BRDA:12,1,0,0
BRDA:13,2,0,0
BRDA:14,3,0,4
BRDA:15,4,0,4
BRDA:16,5,0,4
BRDA:17,6,0,6
BRDA:38,7,0,0
BRDA:44,8,0,0
BRDA:44,8,1,0
BRF:10
BRH:4
end_of_record
TN:
SF:src/hooks/useResponsive.js
FN:16,useResponsive
FNF:1
FNH:1
FNDA:2,useResponsive
DA:18,2
DA:21,2
DA:24,2
DA:27,2
DA:30,2
DA:33,2
DA:36,2
DA:39,2
DA:41,2
LF:9
LH:9
BRF:0
BRH:0
end_of_record
TN:
SF:src/hooks/useScrollProgress.js
FN:3,useScrollProgress
FN:6,(anonymous_1)
FN:7,(anonymous_2)
FN:15,(anonymous_3)
FNF:4
FNH:0
FNDA:0,useScrollProgress
FNDA:0,(anonymous_1)
FNDA:0,(anonymous_2)
FNDA:0,(anonymous_3)
DA:4,0
DA:6,0
DA:7,0
DA:8,0
DA:9,0
DA:10,0
DA:11,0
DA:14,0
DA:15,0
DA:18,0
LF:10
LH:0
BRDA:10,0,0,0
BRDA:10,0,1,0
BRF:2
BRH:0
end_of_record
TN:
SF:src/hooks/useWebSocket.js
FN:5,useWebSocket
FN:11,(anonymous_1)
FN:20,(anonymous_2)
FN:25,(anonymous_3)
FN:29,(anonymous_4)
FN:36,(anonymous_5)
FN:42,(anonymous_6)
FN:48,(anonymous_7)
FN:54,(anonymous_8)
FN:60,(anonymous_9)
FN:66,(anonymous_10)
FN:78,(anonymous_11)
FN:80,(anonymous_12)
FNF:13
FNH:2
FNDA:12,useWebSocket
FNDA:12,(anonymous_1)
FNDA:0,(anonymous_2)
FNDA:0,(anonymous_3)
FNDA:0,(anonymous_4)
FNDA:0,(anonymous_5)
FNDA:0,(anonymous_6)
FNDA:0,(anonymous_7)
FNDA:0,(anonymous_8)
FNDA:0,(anonymous_9)
FNDA:0,(anonymous_10)
FNDA:0,(anonymous_11)
FNDA:0,(anonymous_12)
DA:6,12
DA:7,12
DA:8,12
DA:9,12
DA:11,12
DA:13,12
DA:14,12
DA:17,12
DA:20,12
DA:21,0
DA:25,0
DA:26,0
DA:30,0
DA:31,0
DA:37,0
DA:43,0
DA:49,0
DA:55,0
DA:61,0
DA:66,0
DA:67,0
DA:68,0
DA:72,0
DA:75,0
DA:78,0
DA:80,0
DA:81,0
DA:83,0
DA:86,0
DA:87,0
DA:93,12
LF:31
LH:10
BRDA:13,0,0,12
BRDA:13,0,1,0
BRDA:86,1,0,0
BRDA:86,1,1,0
BRDA:93,2,0,0
BRDA:93,2,1,12
BRF:6
BRH:2
end_of_record
TN:
SF:src/hooks/useWebhooks.js
FN:10,(anonymous_0)
FN:13,(anonymous_1)
FN:23,(anonymous_2)
FN:26,(anonymous_3)
FN:36,(anonymous_4)
FN:40,(anonymous_5)
FN:41,(anonymous_6)
FN:44,(anonymous_7)
FN:54,(anonymous_8)
FN:58,(anonymous_9)
FN:59,(anonymous_10)
FN:63,(anonymous_11)
FN:73,(anonymous_12)
FN:77,(anonymous_13)
FN:78,(anonymous_14)
FN:81,(anonymous_15)
FN:91,(anonymous_16)
FN:93,(anonymous_17)
FN:94,(anonymous_18)
FN:104,(anonymous_19)
FN:107,(anonymous_20)
FNF:21
FNH:0
FNDA:0,(anonymous_0)
FNDA:0,(anonymous_1)
FNDA:0,(anonymous_2)
FNDA:0,(anonymous_3)
FNDA:0,(anonymous_4)
FNDA:0,(anonymous_5)
FNDA:0,(anonymous_6)
FNDA:0,(anonymous_7)
FNDA:0,(anonymous_8)
FNDA:0,(anonymous_9)
FNDA:0,(anonymous_10)
FNDA:0,(anonymous_11)
FNDA:0,(anonymous_12)
FNDA:0,(anonymous_13)
FNDA:0,(anonymous_14)
FNDA:0,(anonymous_15)
FNDA:0,(anonymous_16)
FNDA:0,(anonymous_17)
FNDA:0,(anonymous_18)
FNDA:0,(anonymous_19)
FNDA:0,(anonymous_20)
DA:4,0
DA:5,0
DA:10,0
DA:11,0
DA:13,0
DA:23,0
DA:24,0
DA:26,0
DA:36,0
DA:37,0
DA:39,0
DA:40,0
DA:42,0
DA:45,0
DA:46,0
DA:54,0
DA:55,0
DA:57,0
DA:58,0
DA:60,0
DA:61,0
DA:64,0
DA:65,0
DA:73,0
DA:74,0
DA:76,0
DA:77,0
DA:79,0
DA:82,0
DA:83,0
DA:91,0
DA:92,0
DA:93,0
DA:95,0
DA:96,0
DA:104,0
DA:105,0
DA:107,0
LF:38
LH:0
BRDA:10,0,0,0
BRDA:23,1,0,0
BRDA:29,2,0,0
BRDA:29,2,1,0
BRDA:104,3,0,0
BRDA:110,4,0,0
BRDA:110,4,1,0
BRF:7
BRH:0
end_of_record
TN:
SF:src/layouts/MainLayout.jsx
FN:7,MainLayout
FN:17,(anonymous_1)
FN:56,(anonymous_2)
FN:59,(anonymous_3)
FNF:4
FNH:1
FNDA:3,MainLayout
FNDA:0,(anonymous_1)
FNDA:0,(anonymous_2)
FNDA:0,(anonymous_3)
DA:8,3
DA:9,3
DA:12,3
DA:13,3
DA:14,3
DA:17,3
DA:18,0
DA:21,3
DA:56,0
DA:59,0
LF:10
LH:7
BRDA:12,0,0,0
BRDA:12,0,1,3
BRDA:12,1,0,3
BRDA:12,1,1,0
BRDA:14,2,0,0
BRDA:14,2,1,3
BRDA:14,3,0,3
BRDA:14,3,1,0
BRDA:28,4,0,0
BRDA:28,4,1,3
BRDA:28,5,0,3
BRDA:28,5,1,0
BRDA:33,6,0,3
BRDA:33,6,1,3
BRDA:47,7,0,3
BRDA:47,7,1,0
BRDA:47,7,2,0
BRDA:78,8,0,0
BRDA:78,8,1,3
BRDA:97,9,0,0
BRDA:97,9,1,3
BRF:21
BRH:11
end_of_record
TN:
SF:src/layouts/Sidebar.jsx
FN:4,Sidebar
FN:93,(anonymous_1)
FN:96,(anonymous_2)
FN:120,(anonymous_3)
FN:125,(anonymous_4)
FNF:5
FNH:3
FNDA:4,Sidebar
FNDA:24,(anonymous_1)
FNDA:1,(anonymous_2)
FNDA:0,(anonymous_3)
FNDA:0,(anonymous_4)
DA:5,4
DA:7,4
DA:17,4
DA:18,4
DA:19,4
DA:20,4
DA:23,4
DA:24,0
DA:27,4
DA:94,24
DA:96,1
DA:121,0
DA:122,0
DA:126,0
DA:127,0
LF:15
LH:10
BRDA:17,0,0,0
BRDA:17,0,1,4
BRDA:17,1,0,4
BRDA:17,1,1,0
BRDA:18,2,0,0
BRDA:18,2,1,4
BRDA:20,3,0,0
BRDA:20,3,1,4
BRDA:20,4,0,4
BRDA:20,4,1,0
BRDA:23,5,0,0
BRDA:23,5,1,4
BRDA:48,6,0,4
BRDA:48,6,1,0
BRDA:89,7,0,0
BRDA:89,7,1,4
BRDA:97,8,0,24
BRDA:97,8,1,0
BRDA:101,9,0,0
BRDA:101,9,1,24
BRDA:104,10,0,0
BRDA:104,10,1,24
BRDA:105,11,0,0
BRDA:105,11,1,24
BRDA:107,12,0,4
BRDA:107,12,1,20
BRDA:108,13,0,4
BRDA:108,13,1,20
BRDA:111,14,0,4
BRDA:111,14,1,20
BRDA:115,15,0,4
BRDA:115,15,1,20
BRDA:121,16,0,0
BRDA:121,16,1,0
BRDA:126,17,0,0
BRDA:126,17,1,0
BRDA:137,18,0,24
BRDA:137,18,1,0
BRF:38
BRH:21
end_of_record
TN:
SF:src/layouts/TopBar.jsx
FN:4,TopBar
FN:42,(anonymous_1)
FNF:2
FNH:2
FNDA:3,TopBar
FNDA:1,(anonymous_1)
DA:5,3
DA:6,3
DA:7,3
DA:8,3
DA:9,3
DA:12,3
DA:13,3
DA:14,3
DA:15,3
DA:17,3
DA:42,1
LF:11
LH:11
BRDA:12,0,0,1
BRDA:12,0,1,2
BRDA:12,1,0,2
BRDA:12,1,1,0
BRDA:13,2,0,1
BRDA:13,2,1,2
BRDA:13,3,0,2
BRDA:13,3,1,0
BRDA:14,4,0,1
BRDA:14,4,1,2
BRDA:15,5,0,1
BRDA:15,5,1,2
BRDA:31,6,0,0
BRDA:31,6,1,3
BRDA:31,7,0,3
BRDA:31,7,1,0
BRDA:34,8,0,1
BRDA:34,8,1,2
BRDA:39,9,0,3
BRDA:39,9,1,1
BRDA:43,10,0,0
BRDA:43,10,1,1
BRDA:59,11,0,0
BRDA:59,11,1,1
BRDA:69,12,0,1
BRDA:69,12,1,2
BRDA:80,13,0,3
BRDA:80,13,1,3
BRDA:89,14,0,1
BRDA:89,14,1,2
BRDA:106,15,0,3
BRDA:106,15,1,3
BRDA:121,16,0,3
BRDA:121,16,1,0
BRDA:123,17,0,3
BRDA:123,17,1,0
BRDA:126,18,0,3
BRDA:126,18,1,0
BRF:38
BRH:29
end_of_record
TN:
SF:src/pages/DashboardPage.jsx
FN:8,DashboardPage
FN:15,(anonymous_1)
FN:24,(anonymous_2)
FN:27,fetchData
FNF:4
FNH:0
FNDA:0,DashboardPage
FNDA:0,(anonymous_1)
FNDA:0,(anonymous_2)
FNDA:0,fetchData
DA:9,0
DA:10,0
DA:11,0
DA:12,0
DA:13,0
DA:15,0
DA:16,0
DA:17,0
DA:18,0
DA:19,0
DA:22,0
DA:23,0
DA:24,0
DA:28,0
DA:29,0
DA:34,0
DA:35,0
DA:36,0
DA:37,0
DA:40,0
DA:41,0
DA:43,0
DA:47,0
DA:48,0
DA:55,0
DA:56,0
DA:66,0
LF:27
LH:0
BRDA:17,0,0,0
BRDA:17,0,1,0
BRDA:34,1,0,0
BRDA:34,1,1,0
BRDA:34,2,0,0
BRDA:34,2,1,0
BRDA:35,3,0,0
BRDA:35,3,1,0
BRDA:36,4,0,0
BRDA:36,4,1,0
BRDA:47,5,0,0
BRDA:47,5,1,0
BRDA:55,6,0,0
BRDA:55,6,1,0
BRF:14
BRH:0
end_of_record
TN:
SF:src/pages/Landing.jsx
FN:34,Landing
FN:39,(anonymous_1)
FN:40,(anonymous_2)
FN:42,(anonymous_3)
FN:45,(anonymous_4)
FN:49,(anonymous_5)
FN:94,(anonymous_6)
FN:94,(anonymous_7)
FN:107,(anonymous_8)
FN:123,(anonymous_9)
FN:127,(anonymous_10)
FN:197,(anonymous_11)
FN:200,(anonymous_12)
FN:203,(anonymous_13)
FN:203,(anonymous_14)
FN:217,(anonymous_15)
FN:220,(anonymous_16)
FN:408,(anonymous_17)
FN:411,(anonymous_18)
FN:414,(anonymous_19)
FN:414,(anonymous_20)
FN:497,StatCard
FN:514,ProblemCard
FN:527,(anonymous_23)
FN:530,(anonymous_24)
FN:544,(anonymous_25)
FN:555,DashboardMockupWithParallax
FN:559,(anonymous_27)
FN:560,(anonymous_28)
FN:569,(anonymous_29)
FN:597,HowItWorksSection
FN:624,(anonymous_31)
FN:637,FeaturesGrid
FN:647,(anonymous_33)
FN:658,(anonymous_34)
FN:661,(anonymous_35)
FN:674,PricingSection
FN:683,(anonymous_37)
FN:716,(anonymous_38)
FN:730,(anonymous_39)
FN:742,(anonymous_40)
FN:745,(anonymous_41)
FN:748,(anonymous_42)
FN:748,(anonymous_43)
FN:758,ComparisonTable
FN:780,(anonymous_45)
FN:786,(anonymous_46)
FN:786,(anonymous_47)
FN:819,FAQSection
FN:831,(anonymous_49)
FN:838,FAQItem
FN:843,(anonymous_51)
FN:862,(anonymous_52)
FN:878,(anonymous_53)
FN:879,(anonymous_54)
FN:917,DashboardMockupTable
FN:939,(anonymous_56)
FN:944,(anonymous_57)
FN:944,(anonymous_58)
FN:970,ROICalculator
FN:1002,(anonymous_60)
FN:1028,(anonymous_61)
FN:1042,(anonymous_62)
FN:1046,(anonymous_63)
FN:1064,(anonymous_64)
FN:1078,(anonymous_65)
FN:1082,(anonymous_66)
FNF:67
FNH:0
FNDA:0,Landing
FNDA:0,(anonymous_1)
FNDA:0,(anonymous_2)
FNDA:0,(anonymous_3)
FNDA:0,(anonymous_4)
FNDA:0,(anonymous_5)
FNDA:0,(anonymous_6)
FNDA:0,(anonymous_7)
FNDA:0,(anonymous_8)
FNDA:0,(anonymous_9)
FNDA:0,(anonymous_10)
FNDA:0,(anonymous_11)
FNDA:0,(anonymous_12)
FNDA:0,(anonymous_13)
FNDA:0,(anonymous_14)
FNDA:0,(anonymous_15)
FNDA:0,(anonymous_16)
FNDA:0,(anonymous_17)
FNDA:0,(anonymous_18)
FNDA:0,(anonymous_19)
FNDA:0,(anonymous_20)
FNDA:0,StatCard
FNDA:0,ProblemCard
FNDA:0,(anonymous_23)
FNDA:0,(anonymous_24)
FNDA:0,(anonymous_25)
FNDA:0,DashboardMockupWithParallax
FNDA:0,(anonymous_27)
FNDA:0,(anonymous_28)
FNDA:0,(anonymous_29)
FNDA:0,HowItWorksSection
FNDA:0,(anonymous_31)
FNDA:0,FeaturesGrid
FNDA:0,(anonymous_33)
FNDA:0,(anonymous_34)
FNDA:0,(anonymous_35)
FNDA:0,PricingSection
FNDA:0,(anonymous_37)
FNDA:0,(anonymous_38)
FNDA:0,(anonymous_39)
FNDA:0,(anonymous_40)
FNDA:0,(anonymous_41)
FNDA:0,(anonymous_42)
FNDA:0,(anonymous_43)
FNDA:0,ComparisonTable
FNDA:0,(anonymous_45)
FNDA:0,(anonymous_46)
FNDA:0,(anonymous_47)
FNDA:0,FAQSection
FNDA:0,(anonymous_49)
FNDA:0,FAQItem
FNDA:0,(anonymous_51)
FNDA:0,(anonymous_52)
FNDA:0,(anonymous_53)
FNDA:0,(anonymous_54)
FNDA:0,DashboardMockupTable
FNDA:0,(anonymous_56)
FNDA:0,(anonymous_57)
FNDA:0,(anonymous_58)
FNDA:0,ROICalculator
FNDA:0,(anonymous_60)
FNDA:0,(anonymous_61)
FNDA:0,(anonymous_62)
FNDA:0,(anonymous_63)
FNDA:0,(anonymous_64)
FNDA:0,(anonymous_65)
FNDA:0,(anonymous_66)
DA:9,0
DA:35,0
DA:36,0
DA:37,0
DA:39,0
DA:40,0
DA:41,0
DA:42,0
DA:45,0
DA:46,0
DA:49,0
DA:50,0
DA:53,0
DA:94,0
DA:107,0
DA:124,0
DA:125,0
DA:126,0
DA:128,0
DA:129,0
DA:130,0
DA:198,0
DA:199,0
DA:201,0
DA:202,0
DA:203,0
DA:218,0
DA:219,0
DA:221,0
DA:222,0
DA:409,0
DA:410,0
DA:412,0
DA:413,0
DA:414,0
DA:498,0
DA:499,0
DA:501,0
DA:515,0
DA:528,0
DA:529,0
DA:531,0
DA:532,0
DA:545,0
DA:556,0
DA:557,0
DA:559,0
DA:560,0
DA:561,0
DA:562,0
DA:563,0
DA:564,0
DA:565,0
DA:568,0
DA:569,0
DA:572,0
DA:598,0
DA:599,0
DA:605,0
DA:625,0
DA:638,0
DA:645,0
DA:648,0
DA:659,0
DA:660,0
DA:662,0
DA:663,0
DA:675,0
DA:681,0
DA:684,0
DA:717,0
DA:730,0
DA:743,0
DA:744,0
DA:746,0
DA:747,0
DA:748,0
DA:759,0
DA:767,0
DA:781,0
DA:786,0
DA:820,0
DA:829,0
DA:832,0
DA:839,0
DA:840,0
DA:841,0
DA:843,0
DA:844,0
DA:845,0
DA:847,0
DA:851,0
DA:862,0
DA:878,0
DA:879,0
DA:918,0
DA:926,0
DA:940,0
DA:944,0
DA:971,0
DA:972,0
DA:973,0
DA:975,0
DA:976,0
DA:977,0
DA:978,0
DA:980,0
DA:1002,0
DA:1028,0
DA:1043,0
DA:1044,0
DA:1047,0
DA:1048,0
DA:1064,0
DA:1079,0
DA:1080,0
DA:1083,0
DA:1084,0
LF:118
LH:0
BRDA:74,0,0,0
BRDA:74,0,1,0
BRDA:76,1,0,0
BRDA:76,1,1,0
BRDA:77,2,0,0
BRDA:77,2,1,0
BRDA:497,3,0,0
BRDA:497,4,0,0
BRDA:514,5,0,0
BRDA:561,6,0,0
BRDA:561,6,1,0
BRDA:617,7,0,0
BRDA:617,7,1,0
BRDA:619,8,0,0
BRDA:619,8,1,0
BRDA:648,9,0,0
BRDA:648,9,1,0
BRDA:650,10,0,0
BRDA:650,10,1,0
BRDA:651,11,0,0
BRDA:651,11,1,0
BRDA:686,12,0,0
BRDA:686,12,1,0
BRDA:687,13,0,0
BRDA:687,13,1,0
BRDA:691,14,0,0
BRDA:691,14,1,0
BRDA:693,15,0,0
BRDA:693,15,1,0
BRDA:695,16,0,0
BRDA:695,16,1,0
BRDA:713,17,0,0
BRDA:713,17,1,0
BRDA:732,18,0,0
BRDA:732,18,1,0
BRDA:733,19,0,0
BRDA:733,19,1,0
BRDA:744,20,0,0
BRDA:744,20,1,0
BRDA:749,21,0,0
BRDA:749,21,1,0
BRDA:783,22,0,0
BRDA:783,22,1,0
BRDA:783,23,0,0
BRDA:783,23,1,0
BRDA:786,24,0,0
BRDA:786,24,1,0
BRDA:786,25,0,0
BRDA:786,25,1,0
BRDA:786,26,0,0
BRDA:786,26,1,0
BRDA:789,27,0,0
BRDA:789,27,1,0
BRDA:803,28,0,0
BRDA:803,28,1,0
BRDA:804,29,0,0
BRDA:804,29,1,0
BRDA:805,30,0,0
BRDA:805,30,1,0
BRDA:807,31,0,0
BRDA:807,31,1,0
BRDA:838,32,0,0
BRDA:844,33,0,0
BRDA:844,33,1,0
BRDA:844,34,0,0
BRDA:844,34,1,0
BRDA:859,35,0,0
BRDA:859,35,1,0
BRDA:887,36,0,0
BRDA:887,36,1,0
BRDA:949,37,0,0
BRDA:949,37,1,0
BRDA:949,38,0,0
BRDA:949,38,1,0
BRDA:954,39,0,0
BRDA:954,39,1,0
BRDA:954,40,0,0
BRDA:954,40,1,0
BRDA:955,41,0,0
BRDA:955,41,1,0
BRDA:955,42,0,0
BRDA:955,42,1,0
BRDA:960,43,0,0
BRDA:960,43,1,0
BRDA:960,44,0,0
BRDA:960,44,1,0
BRDA:977,45,0,0
BRDA:977,45,1,0
BRDA:977,46,0,0
BRDA:977,46,1,0
BRDA:1028,47,0,0
BRDA:1028,47,1,0
BRDA:1064,48,0,0
BRDA:1064,48,1,0
BRDA:1121,49,0,0
BRDA:1121,49,1,0
BRDA:1121,50,0,0
BRDA:1121,50,1,0
BRF:98
BRH:0
end_of_record
TN:
SF:src/pages/Login.jsx
FN:15,Login
FN:22,(anonymous_1)
FN:69,(anonymous_2)
FN:88,(anonymous_3)
FNF:4
FNH:0
FNDA:0,Login
FNDA:0,(anonymous_1)
FNDA:0,(anonymous_2)
FNDA:0,(anonymous_3)
DA:5,0
DA:16,0
DA:17,0
DA:18,0
DA:19,0
DA:20,0
DA:22,0
DA:23,0
DA:24,0
DA:25,0
DA:27,0
DA:28,0
DA:30,0
DA:31,0
DA:32,0
DA:33,0
DA:35,0
DA:38,0
DA:40,0
DA:44,0
DA:69,0
DA:88,0
LF:22
LH:0
BRDA:30,0,0,0
BRDA:30,0,1,0
BRDA:30,1,0,0
BRDA:30,1,1,0
BRDA:35,2,0,0
BRDA:35,2,1,0
BRDA:58,3,0,0
BRDA:58,3,1,0
BRDA:113,4,0,0
BRDA:113,4,1,0
BRDA:114,5,0,0
BRDA:114,5,1,0
BRDA:118,6,0,0
BRDA:118,6,1,0
BRF:14
BRH:0
end_of_record
TN:
SF:src/pages/OnboardingPage.jsx
FN:3,OnboardingPage
FN:8,copyToClipboard
FN:11,(anonymous_2)
FN:75,(anonymous_3)
FNF:4
FNH:0
FNDA:0,OnboardingPage
FNDA:0,copyToClipboard
FNDA:0,(anonymous_2)
FNDA:0,(anonymous_3)
DA:4,0
DA:6,0
DA:9,0
DA:10,0
DA:11,0
DA:14,0
DA:75,0
LF:7
LH:0
BRDA:78,0,0,0
BRDA:78,0,1,0
BRF:2
BRH:0
end_of_record
TN:
SF:src/pages/PremiumLanding.jsx
FN:28,PremiumLanding
FN:164,(anonymous_1)
FN:226,(anonymous_2)
FN:259,(anonymous_3)
FN:305,(anonymous_4)
FN:312,(anonymous_5)
FNF:6
FNH:0
FNDA:0,PremiumLanding
FNDA:0,(anonymous_1)
FNDA:0,(anonymous_2)
FNDA:0,(anonymous_3)
FNDA:0,(anonymous_4)
FNDA:0,(anonymous_5)
DA:8,0
DA:19,0
DA:29,0
DA:30,0
DA:32,0
DA:38,0
DA:165,0
DA:227,0
DA:260,0
DA:305,0
DA:312,0
LF:11
LH:0
BRDA:229,0,0,0
BRDA:229,0,1,0
BRDA:230,1,0,0
BRDA:230,1,1,0
BRDA:232,2,0,0
BRDA:232,2,1,0
BRDA:244,3,0,0
BRDA:244,3,1,0
BRDA:253,4,0,0
BRDA:253,4,1,0
BRDA:298,5,0,0
BRDA:298,5,1,0
BRF:12
BRH:0
end_of_record
TN:
SF:src/pages/Signup.jsx
FN:22,Signup
FN:29,(anonymous_1)
FN:33,(anonymous_2)
FN:63,(anonymous_3)
FN:70,(anonymous_4)
FN:74,(anonymous_5)
FN:146,(anonymous_6)
FN:147,(anonymous_7)
FN:157,(anonymous_8)
FN:158,(anonymous_9)
FN:183,(anonymous_10)
FN:184,(anonymous_11)
FN:197,(anonymous_12)
FN:198,(anonymous_13)
FN:205,(anonymous_14)
FN:206,(anonymous_15)
FN:215,(anonymous_16)
FN:216,(anonymous_17)
FN:236,(anonymous_18)
FN:237,(anonymous_19)
FN:251,(anonymous_20)
FN:251,(anonymous_21)
FNF:22
FNH:0
FNDA:0,Signup
FNDA:0,(anonymous_1)
FNDA:0,(anonymous_2)
FNDA:0,(anonymous_3)
FNDA:0,(anonymous_4)
FNDA:0,(anonymous_5)
FNDA:0,(anonymous_6)
FNDA:0,(anonymous_7)
FNDA:0,(anonymous_8)
FNDA:0,(anonymous_9)
FNDA:0,(anonymous_10)
FNDA:0,(anonymous_11)
FNDA:0,(anonymous_12)
FNDA:0,(anonymous_13)
FNDA:0,(anonymous_14)
FNDA:0,(anonymous_15)
FNDA:0,(anonymous_16)
FNDA:0,(anonymous_17)
FNDA:0,(anonymous_18)
FNDA:0,(anonymous_19)
FNDA:0,(anonymous_20)
FNDA:0,(anonymous_21)
DA:4,0
DA:23,0
DA:24,0
DA:25,0
DA:26,0
DA:27,0
DA:29,0
DA:30,0
DA:33,0
DA:34,0
DA:35,0
DA:36,0
DA:38,0
DA:39,0
DA:40,0
DA:41,0
DA:44,0
DA:45,0
DA:47,0
DA:48,0
DA:49,0
DA:50,0
DA:51,0
DA:52,0
DA:54,0
DA:57,0
DA:59,0
DA:63,0
DA:64,0
DA:67,0
DA:70,0
DA:71,0
DA:74,0
DA:75,0
DA:78,0
DA:146,0
DA:147,0
DA:157,0
DA:158,0
DA:183,0
DA:184,0
DA:197,0
DA:198,0
DA:205,0
DA:206,0
DA:215,0
DA:216,0
DA:236,0
DA:237,0
DA:251,0
LF:50
LH:0
BRDA:38,0,0,0
BRDA:38,0,1,0
BRDA:38,1,0,0
BRDA:38,1,1,0
BRDA:38,1,2,0
BRDA:47,2,0,0
BRDA:47,2,1,0
BRDA:47,3,0,0
BRDA:47,3,1,0
BRDA:47,3,2,0
BRDA:54,4,0,0
BRDA:54,4,1,0
BRDA:130,5,0,0
BRDA:130,5,1,0
BRDA:151,6,0,0
BRDA:151,6,1,0
BRDA:156,7,0,0
BRDA:156,7,1,0
BRDA:156,8,0,0
BRDA:156,8,1,0
BRDA:157,9,0,0
BRDA:157,9,1,0
BRDA:158,10,0,0
BRDA:158,10,1,0
BRDA:160,11,0,0
BRDA:160,11,1,0
BRDA:167,12,0,0
BRDA:167,12,1,0
BRDA:223,13,0,0
BRDA:223,13,1,0
BRF:30
BRH:0
end_of_record
TN:
SF:src/screens/Agents.jsx
FN:13,Agents
FN:38,(anonymous_1)
FN:39,(anonymous_2)
FN:66,(anonymous_3)
FN:76,(anonymous_4)
FN:80,(anonymous_5)
FNF:6
FNH:0
FNDA:0,Agents
FNDA:0,(anonymous_1)
FNDA:0,(anonymous_2)
FNDA:0,(anonymous_3)
FNDA:0,(anonymous_4)
FNDA:0,(anonymous_5)
DA:3,0
DA:14,0
DA:19,0
DA:38,0
DA:39,0
DA:67,0
DA:77,0
DA:78,0
DA:81,0
DA:82,0
LF:10
LH:0
BRDA:45,0,0,0
BRDA:45,0,1,0
BRDA:128,1,0,0
BRDA:128,1,1,0
BRF:4
BRH:0
end_of_record
TN:
SF:src/screens/Budget.jsx
FN:11,Budget
FN:67,(anonymous_1)
FN:71,(anonymous_2)
FNF:3
FNH:0
FNDA:0,Budget
FNDA:0,(anonymous_1)
FNDA:0,(anonymous_2)
DA:1,0
DA:12,0
DA:13,0
DA:14,0
DA:16,0
DA:68,0
DA:69,0
DA:72,0
DA:73,0
LF:9
LH:0
BRDA:88,0,0,0
BRDA:88,0,1,0
BRDA:88,1,0,0
BRDA:88,1,1,0
BRF:4
BRH:0
end_of_record
TN:
SF:src/screens/IntegrationsPanel.jsx
FN:33,SyncStatusBadge
FN:65,IntegrationCard
FN:116,(anonymous_2)
FN:119,(anonymous_3)
FN:141,(anonymous_4)
FN:144,(anonymous_5)
FN:157,SyncLogDrawer
FN:223,(anonymous_7)
FN:251,IntegrationsPanel
FN:261,(anonymous_9)
FN:263,(anonymous_10)
FN:273,(anonymous_11)
FN:274,(anonymous_12)
FN:276,(anonymous_13)
FN:289,(anonymous_14)
FN:293,(anonymous_15)
FN:297,(anonymous_16)
FN:301,(anonymous_17)
FN:303,(anonymous_18)
FN:312,(anonymous_19)
FN:325,(anonymous_20)
FN:330,(anonymous_21)
FN:342,(anonymous_22)
FN:354,(anonymous_23)
FN:358,(anonymous_24)
FN:363,(anonymous_25)
FN:401,(anonymous_26)
FN:406,(anonymous_27)
FN:407,(anonymous_28)
FNF:29
FNH:2
FNDA:0,SyncStatusBadge
FNDA:0,IntegrationCard
FNDA:0,(anonymous_2)
FNDA:0,(anonymous_3)
FNDA:0,(anonymous_4)
FNDA:0,(anonymous_5)
FNDA:0,SyncLogDrawer
FNDA:0,(anonymous_7)
FNDA:29,IntegrationsPanel
FNDA:0,(anonymous_9)
FNDA:0,(anonymous_10)
FNDA:0,(anonymous_11)
FNDA:0,(anonymous_12)
FNDA:0,(anonymous_13)
FNDA:0,(anonymous_14)
FNDA:0,(anonymous_15)
FNDA:0,(anonymous_16)
FNDA:0,(anonymous_17)
FNDA:0,(anonymous_18)
FNDA:0,(anonymous_19)
FNDA:0,(anonymous_20)
FNDA:0,(anonymous_21)
FNDA:0,(anonymous_22)
FNDA:0,(anonymous_23)
FNDA:0,(anonymous_24)
FNDA:0,(anonymous_25)
FNDA:224,(anonymous_26)
FNDA:0,(anonymous_27)
FNDA:0,(anonymous_28)
DA:7,1
DA:22,1
DA:34,0
DA:41,0
DA:43,0
DA:66,0
DA:117,0
DA:120,0
DA:142,0
DA:145,0
DA:158,0
DA:160,0
DA:224,0
DA:252,29
DA:253,29
DA:255,29
DA:256,28
DA:257,28
DA:258,28
DA:261,28
DA:262,0
DA:263,0
DA:264,0
DA:269,0
DA:273,28
DA:274,0
DA:275,0
DA:276,0
DA:288,0
DA:289,0
DA:290,0
DA:293,28
DA:294,0
DA:295,0
DA:297,0
DA:298,0
DA:301,0
DA:303,0
DA:312,0
DA:314,0
DA:325,0
DA:330,0
DA:338,0
DA:340,0
DA:341,0
DA:342,0
DA:350,0
DA:354,28
DA:355,0
DA:358,28
DA:359,0
DA:362,28
DA:363,0
DA:366,28
DA:402,224
DA:406,0
DA:407,0
LF:57
LH:16
BRDA:41,0,0,0
BRDA:41,0,1,0
BRDA:56,1,0,0
BRDA:56,1,1,0
BRDA:56,1,2,0
BRDA:101,2,0,0
BRDA:101,2,1,0
BRDA:158,3,0,0
BRDA:158,3,1,0
BRDA:158,4,0,0
BRDA:158,4,1,0
BRDA:221,5,0,0
BRDA:221,5,1,0
BRDA:221,6,0,0
BRDA:221,6,1,0
BRDA:281,7,0,0
BRDA:281,7,1,0
BRDA:405,8,0,224
BRDA:405,8,1,224
BRDA:413,9,0,28
BRDA:413,9,1,0
BRDA:417,10,0,0
BRDA:417,10,1,0
BRDA:423,11,0,28
BRDA:423,11,1,0
BRF:25
BRH:4
end_of_record
TN:
SF:src/screens/Onboarding.jsx
FN:16,Onboarding
FN:50,(anonymous_1)
FN:140,(anonymous_2)
FN:143,(anonymous_3)
FN:187,(anonymous_4)
FN:190,(anonymous_5)
FN:210,(anonymous_6)
FN:211,(anonymous_7)
FNF:8
FNH:0
FNDA:0,Onboarding
FNDA:0,(anonymous_1)
FNDA:0,(anonymous_2)
FNDA:0,(anonymous_3)
FNDA:0,(anonymous_4)
FNDA:0,(anonymous_5)
FNDA:0,(anonymous_6)
FNDA:0,(anonymous_7)
DA:4,0
DA:17,0
DA:18,0
DA:20,0
DA:31,0
DA:33,0
DA:51,0
DA:141,0
DA:143,0
DA:188,0
DA:189,0
DA:190,0
DA:210,0
DA:211,0
LF:14
LH:0
BRDA:147,0,0,0
BRDA:147,0,1,0
BRDA:148,1,0,0
BRDA:148,1,1,0
BRDA:149,2,0,0
BRDA:149,2,1,0
BRDA:213,3,0,0
BRDA:213,3,1,0
BRDA:214,4,0,0
BRDA:214,4,1,0
BRF:10
BRH:0
end_of_record
TN:
SF:src/screens/Outreach.jsx
FN:20,Outreach
FN:30,(anonymous_1)
FN:35,loadProspects
FN:49,loadStats
FN:59,handleManualRun
FN:83,handleSendFollowUps
FN:101,updateProspectStatus
FN:169,(anonymous_7)
FN:175,(anonymous_8)
FN:196,(anonymous_9)
FN:200,(anonymous_10)
FN:245,(anonymous_11)
FN:257,(anonymous_12)
FN:261,(anonymous_13)
FN:294,(anonymous_14)
FN:297,(anonymous_15)
FN:309,(anonymous_16)
FN:314,(anonymous_17)
FN:431,(anonymous_18)
FN:440,(anonymous_19)
FN:443,(anonymous_20)
FN:481,(anonymous_21)
FNF:22
FNH:0
FNDA:0,Outreach
FNDA:0,(anonymous_1)
FNDA:0,loadProspects
FNDA:0,loadStats
FNDA:0,handleManualRun
FNDA:0,handleSendFollowUps
FNDA:0,updateProspectStatus
FNDA:0,(anonymous_7)
FNDA:0,(anonymous_8)
FNDA:0,(anonymous_9)
FNDA:0,(anonymous_10)
FNDA:0,(anonymous_11)
FNDA:0,(anonymous_12)
FNDA:0,(anonymous_13)
FNDA:0,(anonymous_14)
FNDA:0,(anonymous_15)
FNDA:0,(anonymous_16)
FNDA:0,(anonymous_17)
FNDA:0,(anonymous_18)
FNDA:0,(anonymous_19)
FNDA:0,(anonymous_20)
FNDA:0,(anonymous_21)
DA:7,0
DA:21,0
DA:22,0
DA:24,0
DA:25,0
DA:26,0
DA:27,0
DA:28,0
DA:30,0
DA:31,0
DA:32,0
DA:36,0
DA:37,0
DA:38,0
DA:39,0
DA:40,0
DA:42,0
DA:43,0
DA:45,0
DA:50,0
DA:51,0
DA:52,0
DA:53,0
DA:55,0
DA:60,0
DA:62,0
DA:63,0
DA:64,0
DA:65,0
DA:67,0
DA:68,0
DA:72,0
DA:73,0
DA:76,0
DA:77,0
DA:79,0
DA:84,0
DA:86,0
DA:87,0
DA:88,0
DA:90,0
DA:91,0
DA:92,0
DA:93,0
DA:96,0
DA:97,0
DA:102,0
DA:103,0
DA:109,0
DA:110,0
DA:111,0
DA:114,0
DA:115,0
DA:119,0
DA:120,0
DA:122,0
DA:170,0
DA:171,0
DA:172,0
DA:176,0
DA:177,0
DA:197,0
DA:198,0
DA:201,0
DA:202,0
DA:246,0
DA:258,0
DA:259,0
DA:262,0
DA:263,0
DA:295,0
DA:297,0
DA:310,0
DA:311,0
DA:315,0
DA:316,0
DA:432,0
DA:441,0
DA:444,0
DA:481,0
LF:80
LH:0
BRDA:40,0,0,0
BRDA:40,0,1,0
BRDA:60,1,0,0
BRDA:60,1,1,0
BRDA:67,2,0,0
BRDA:67,2,1,0
BRDA:84,3,0,0
BRDA:84,3,1,0
BRDA:90,4,0,0
BRDA:90,4,1,0
BRDA:109,5,0,0
BRDA:109,5,1,0
BRDA:119,6,0,0
BRDA:119,6,1,0
BRDA:120,7,0,0
BRDA:120,7,1,0
BRDA:165,8,0,0
BRDA:165,8,1,0
BRDA:167,9,0,0
BRDA:167,9,1,0
BRDA:170,10,0,0
BRDA:170,10,1,0
BRDA:180,11,0,0
BRDA:180,11,1,0
BRDA:223,12,0,0
BRDA:223,12,1,0
BRDA:229,13,0,0
BRDA:229,13,1,0
BRDA:235,14,0,0
BRDA:235,14,1,0
BRDA:241,15,0,0
BRDA:241,15,1,0
BRDA:299,16,0,0
BRDA:299,16,1,0
BRDA:300,17,0,0
BRDA:300,17,1,0
BRDA:304,18,0,0
BRDA:304,18,1,0
BRDA:310,19,0,0
BRDA:310,19,1,0
BRDA:315,20,0,0
BRDA:315,20,1,0
BRDA:328,21,0,0
BRDA:328,21,1,0
BRDA:341,22,0,0
BRDA:341,22,1,0
BRDA:500,23,0,0
BRDA:500,23,1,0
BRDA:505,24,0,0
BRDA:505,24,1,0
BRDA:511,25,0,0
BRDA:511,25,1,0
BRDA:529,26,0,0
BRDA:529,26,1,0
BRDA:529,26,2,0
BRF:55
BRH:0
end_of_record
TN:
SF:src/screens/Overview.jsx
FN:20,Overview
FN:34,(anonymous_1)
FN:224,(anonymous_2)
FN:300,(anonymous_3)
FNF:4
FNH:0
FNDA:0,Overview
FNDA:0,(anonymous_1)
FNDA:0,(anonymous_2)
FNDA:0,(anonymous_3)
DA:3,0
DA:21,0
DA:28,0
DA:34,0
DA:41,0
DA:224,0
DA:301,0
LF:7
LH:0
BRDA:302,0,0,0
BRDA:302,0,1,0
BRDA:303,1,0,0
BRDA:303,1,1,0
BRDA:332,2,0,0
BRDA:332,2,1,0
BRF:6
BRH:0
end_of_record
TN:
SF:src/screens/ProspectsPage.jsx
FN:30,StatusBadge
FN:50,ProspectSearch
FN:54,(anonymous_2)
FN:60,(anonymous_3)
FN:118,ProspectsTable
FN:119,(anonymous_5)
FN:154,(anonymous_6)
FN:173,(anonymous_7)
FN:203,(anonymous_8)
FN:235,(anonymous_9)
FN:238,(anonymous_10)
FN:247,(anonymous_11)
FN:250,(anonymous_12)
FN:287,ProspectDetailDrawer
FN:290,(anonymous_14)
FN:298,(anonymous_15)
FN:300,(anonymous_16)
FN:306,(anonymous_17)
FN:548,BulkImportModal
FN:551,(anonymous_19)
FN:558,(anonymous_20)
FN:592,(anonymous_21)
FN:625,(anonymous_22)
FN:629,(anonymous_23)
FN:700,ProspectsPage
FN:738,(anonymous_25)
FN:745,(anonymous_26)
FN:755,(anonymous_27)
FN:767,(anonymous_28)
FN:771,(anonymous_29)
FN:772,(anonymous_30)
FN:773,(anonymous_31)
FN:774,(anonymous_32)
FN:777,(anonymous_33)
FN:783,(anonymous_34)
FN:795,(anonymous_35)
FN:835,(anonymous_36)
FN:879,(anonymous_37)
FN:891,(anonymous_38)
FN:895,(anonymous_39)
FN:914,(anonymous_40)
FNF:41
FNH:0
FNDA:0,StatusBadge
FNDA:0,ProspectSearch
FNDA:0,(anonymous_2)
FNDA:0,(anonymous_3)
FNDA:0,ProspectsTable
FNDA:0,(anonymous_5)
FNDA:0,(anonymous_6)
FNDA:0,(anonymous_7)
FNDA:0,(anonymous_8)
FNDA:0,(anonymous_9)
FNDA:0,(anonymous_10)
FNDA:0,(anonymous_11)
FNDA:0,(anonymous_12)
FNDA:0,ProspectDetailDrawer
FNDA:0,(anonymous_14)
FNDA:0,(anonymous_15)
FNDA:0,(anonymous_16)
FNDA:0,(anonymous_17)
FNDA:0,BulkImportModal
FNDA:0,(anonymous_19)
FNDA:0,(anonymous_20)
FNDA:0,(anonymous_21)
FNDA:0,(anonymous_22)
FNDA:0,(anonymous_23)
FNDA:0,ProspectsPage
FNDA:0,(anonymous_25)
FNDA:0,(anonymous_26)
FNDA:0,(anonymous_27)
FNDA:0,(anonymous_28)
FNDA:0,(anonymous_29)
FNDA:0,(anonymous_30)
FNDA:0,(anonymous_31)
FNDA:0,(anonymous_32)
FNDA:0,(anonymous_33)
FNDA:0,(anonymous_34)
FNDA:0,(anonymous_35)
FNDA:0,(anonymous_36)
FNDA:0,(anonymous_37)
FNDA:0,(anonymous_38)
FNDA:0,(anonymous_39)
FNDA:0,(anonymous_40)
DA:7,0
DA:22,0
DA:31,0
DA:32,0
DA:51,0
DA:52,0
DA:54,0
DA:55,0
DA:56,0
DA:57,0
DA:60,0
DA:61,0
DA:62,0
DA:63,0
DA:66,0
DA:119,0
DA:121,0
DA:124,0
DA:127,0
DA:154,0
DA:173,0
DA:203,0
DA:236,0
DA:238,0
DA:248,0
DA:251,0
DA:288,0
DA:290,0
DA:291,0
DA:292,0
DA:296,0
DA:298,0
DA:299,0
DA:300,0
DA:306,0
DA:307,0
DA:310,0
DA:549,0
DA:551,0
DA:552,0
DA:553,0
DA:554,0
DA:558,0
DA:559,0
DA:560,0
DA:561,0
DA:565,0
DA:567,0
DA:592,0
DA:626,0
DA:627,0
DA:630,0
DA:631,0
DA:701,0
DA:702,0
DA:704,0
DA:731,0
DA:732,0
DA:733,0
DA:734,0
DA:735,0
DA:737,0
DA:740,0
DA:742,0
DA:743,0
DA:746,0
DA:747,0
DA:749,0
DA:750,0
DA:752,0
DA:755,0
DA:756,0
DA:764,0
DA:767,0
DA:768,0
DA:771,0
DA:772,0
DA:773,0
DA:774,0
DA:777,0
DA:779,0
DA:780,0
DA:783,0
DA:785,0
DA:795,0
DA:796,0
DA:797,0
DA:800,0
DA:835,0
DA:880,0
DA:891,0
DA:895,0
DA:914,0
LF:93
LH:0
BRDA:31,0,0,0
BRDA:31,0,1,0
BRDA:121,1,0,0
BRDA:121,1,1,0
BRDA:121,2,0,0
BRDA:121,2,1,0
BRDA:166,3,0,0
BRDA:166,3,1,0
BRDA:167,4,0,0
BRDA:167,4,1,0
BRDA:185,5,0,0
BRDA:185,5,1,0
BRDA:186,6,0,0
BRDA:186,6,1,0
BRDA:215,7,0,0
BRDA:215,7,1,0
BRDA:216,8,0,0
BRDA:216,8,1,0
BRDA:275,9,0,0
BRDA:275,9,1,0
BRDA:288,10,0,0
BRDA:288,10,1,0
BRDA:291,11,0,0
BRDA:291,11,1,0
BRDA:296,12,0,0
BRDA:296,12,1,0
BRDA:296,13,0,0
BRDA:296,13,1,0
BRDA:386,14,0,0
BRDA:386,14,1,0
BRDA:416,15,0,0
BRDA:416,15,1,0
BRDA:446,16,0,0
BRDA:446,16,1,0
BRDA:475,17,0,0
BRDA:475,17,1,0
BRDA:553,18,0,0
BRDA:553,18,1,0
BRDA:559,19,0,0
BRDA:559,19,1,0
BRDA:565,20,0,0
BRDA:565,20,1,0
BRDA:652,21,0,0
BRDA:652,21,1,0
BRDA:682,22,0,0
BRDA:682,22,1,0
BRDA:686,23,0,0
BRDA:686,23,1,0
BRDA:688,24,0,0
BRDA:688,24,1,0
BRDA:740,25,0,0
BRDA:740,25,1,0
BRDA:742,26,0,0
BRDA:742,26,1,0
BRDA:743,27,0,0
BRDA:743,27,1,0
BRDA:749,28,0,0
BRDA:749,28,1,0
BRDA:750,29,0,0
BRDA:750,29,1,0
BRDA:750,30,0,0
BRDA:750,30,1,0
BRDA:752,31,0,0
BRDA:752,31,1,0
BRDA:752,32,0,0
BRDA:752,32,1,0
BRDA:772,33,0,0
BRDA:772,33,1,0
BRDA:774,34,0,0
BRDA:774,34,1,0
BRDA:886,35,0,0
BRDA:886,35,1,0
BRDA:911,36,0,0
BRDA:911,36,1,0
BRF:74
BRH:0
end_of_record
TN:
SF:src/screens/Report.jsx
FN:11,Report
FN:41,(anonymous_1)
FN:42,(anonymous_2)
FN:58,(anonymous_3)
FN:59,(anonymous_4)
FNF:5
FNH:0
FNDA:0,Report
FNDA:0,(anonymous_1)
FNDA:0,(anonymous_2)
FNDA:0,(anonymous_3)
FNDA:0,(anonymous_4)
DA:1,0
DA:12,0
DA:41,0
DA:42,0
DA:58,0
DA:59,0
LF:6
LH:0
BRF:0
BRH:0
end_of_record
TN:
SF:src/stores/analyticsStore.js
FN:3,(anonymous_0)
FN:9,(anonymous_1)
FN:22,(anonymous_2)
FN:23,(anonymous_3)
FN:29,(anonymous_4)
FNF:5
FNH:0
FNDA:0,(anonymous_0)
FNDA:0,(anonymous_1)
FNDA:0,(anonymous_2)
FNDA:0,(anonymous_3)
FNDA:0,(anonymous_4)
DA:3,0
DA:10,0
DA:23,0
DA:30,0
LF:4
LH:0
BRF:0
BRH:0
end_of_record
TN:
SF:src/stores/authStore.js
FN:3,(anonymous_0)
FN:11,(anonymous_1)
FN:20,(anonymous_2)
FN:23,(anonymous_3)
FN:26,(anonymous_4)
FN:33,(anonymous_5)
FNF:6
FNH:1
FNDA:1,(anonymous_0)
FNDA:0,(anonymous_1)
FNDA:0,(anonymous_2)
FNDA:0,(anonymous_3)
FNDA:0,(anonymous_4)
FNDA:0,(anonymous_5)
DA:3,1
DA:12,0
DA:20,0
DA:23,0
DA:27,0
DA:34,0
LF:6
LH:1
BRF:0
BRH:0
end_of_record
TN:
SF:src/stores/prospectStore.js
FN:3,(anonymous_0)
FN:6,(anonymous_1)
FN:14,(anonymous_2)
FN:15,(anonymous_3)
FN:21,(anonymous_4)
FN:35,(anonymous_5)
FN:45,(anonymous_6)
FN:46,(anonymous_7)
FN:48,(anonymous_8)
FN:51,(anonymous_9)
FN:52,(anonymous_10)
FNF:11
FNH:1
FNDA:1,(anonymous_0)
FNDA:0,(anonymous_1)
FNDA:0,(anonymous_2)
FNDA:0,(anonymous_3)
FNDA:0,(anonymous_4)
FNDA:0,(anonymous_5)
FNDA:0,(anonymous_6)
FNDA:0,(anonymous_7)
FNDA:0,(anonymous_8)
FNDA:0,(anonymous_9)
FNDA:0,(anonymous_10)
DA:3,1
DA:6,0
DA:15,0
DA:22,0
DA:36,0
DA:46,0
DA:48,0
DA:51,0
DA:52,0
LF:9
LH:1
BRDA:47,0,0,0
BRDA:47,0,1,0
BRF:2
BRH:0
end_of_record
TN:
SF:src/stores/uiStore.js
FN:6,(anonymous_0)
FN:9,(anonymous_1)
FN:9,(anonymous_2)
FN:10,(anonymous_3)
FN:14,(anonymous_4)
FN:15,(anonymous_5)
FN:21,(anonymous_6)
FN:22,(anonymous_7)
FN:30,(anonymous_8)
FN:31,(anonymous_9)
FN:34,(anonymous_10)
FN:35,(anonymous_11)
FN:36,(anonymous_12)
FN:41,(anonymous_13)
FN:42,(anonymous_14)
FN:45,(anonymous_15)
FN:46,(anonymous_16)
FN:48,(anonymous_17)
FN:54,(anonymous_18)
FNF:19
FNH:13
FNDA:1,(anonymous_0)
FNDA:2,(anonymous_1)
FNDA:2,(anonymous_2)
FNDA:15,(anonymous_3)
FNDA:4,(anonymous_4)
FNDA:4,(anonymous_5)
FNDA:2,(anonymous_6)
FNDA:2,(anonymous_7)
FNDA:6,(anonymous_8)
FNDA:6,(anonymous_9)
FNDA:0,(anonymous_10)
FNDA:0,(anonymous_11)
FNDA:0,(anonymous_12)
FNDA:3,(anonymous_13)
FNDA:3,(anonymous_14)
FNDA:0,(anonymous_15)
FNDA:0,(anonymous_16)
FNDA:0,(anonymous_17)
FNDA:32,(anonymous_18)
DA:4,1
DA:6,1
DA:9,2
DA:10,15
DA:15,4
DA:22,2
DA:23,2
DA:24,2
DA:25,2
DA:31,6
DA:35,0
DA:36,0
DA:42,3
DA:46,0
DA:48,0
DA:54,32
LF:16
LH:12
BRDA:14,0,0,0
BRF:1
BRH:0
end_of_record
TN:
SF:src/styles/theme.js
FNF:0
FNH:0
DA:1,0
LF:1
LH:0
BRF:0
BRH:0
end_of_record
TN:
SF:src/theme/colors.js
FNF:0
FNH:0
DA:1,1
LF:1
LH:1
BRF:0
BRH:0
end_of_record
TN:
SF:src/theme/index.js
FNF:0
FNH:0
DA:6,1
LF:1
LH:1
BRF:0
BRH:0
end_of_record
TN:
SF:src/theme/shadows.js
FNF:0
FNH:0
DA:1,1
LF:1
LH:1
BRF:0
BRH:0
end_of_record
TN:
SF:src/theme/spacing.js
FNF:0
FNH:0
DA:1,1
LF:1
LH:1
BRF:0
BRH:0
end_of_record
TN:
SF:src/theme/typography.js
FNF:0
FNH:0
DA:1,1
LF:1
LH:1
BRF:0
BRH:0
end_of_record
TN:
SF:src/utils/a11y.js
FN:15,getContrastRatio
FN:16,(anonymous_1)
FN:22,(anonymous_2)
FN:52,createAccessibleLabel
FN:65,createAccessibleButton
FN:72,(anonymous_5)
FN:88,createAccessibleDropdown
FN:107,createAccessibleAlert
FN:130,isScreenReaderVisible
FN:157,createSkipLink
FN:171,(anonymous_10)
FN:174,(anonymous_11)
FN:187,formatNumberForA11y
FN:205,createAccessibleLink
FN:221,createAccessibleTabs
FN:223,(anonymous_15)
FN:230,(anonymous_16)
FN:245,trapFocus
FN:253,(anonymous_18)
FN:273,(anonymous_19)
FN:285,createAccessibleModal
FN:302,announceToScreenReader
FN:314,(anonymous_22)
FN:327,(anonymous_23)
FN:333,(anonymous_24)
FN:342,getKeyboardNavigationStatus
FN:353,createAccessibleTable
FN:358,(anonymous_27)
FNF:28
FNH:8
FNDA:2,getContrastRatio
FNDA:4,(anonymous_1)
FNDA:12,(anonymous_2)
FNDA:1,createAccessibleLabel
FNDA:1,createAccessibleButton
FNDA:0,(anonymous_5)
FNDA:0,createAccessibleDropdown
FNDA:0,createAccessibleAlert
FNDA:2,isScreenReaderVisible
FNDA:1,createSkipLink
FNDA:0,(anonymous_10)
FNDA:0,(anonymous_11)
FNDA:1,formatNumberForA11y
FNDA:0,createAccessibleLink
FNDA:0,createAccessibleTabs
FNDA:0,(anonymous_15)
FNDA:0,(anonymous_16)
FNDA:0,trapFocus
FNDA:0,(anonymous_18)
FNDA:0,(anonymous_19)
FNDA:0,createAccessibleModal
FNDA:0,announceToScreenReader
FNDA:0,(anonymous_22)
FNDA:0,(anonymous_23)
FNDA:0,(anonymous_24)
FNDA:0,getKeyboardNavigationStatus
FNDA:0,createAccessibleTable
FNDA:0,(anonymous_27)
DA:16,2
DA:17,4
DA:18,4
DA:19,4
DA:20,4
DA:22,4
DA:23,12
DA:24,12
DA:27,4
DA:30,2
DA:31,2
DA:32,2
DA:33,2
DA:34,2
DA:36,2
DA:53,1
DA:54,1
DA:66,1
DA:73,0
DA:74,0
DA:75,0
DA:89,0
DA:108,0
DA:115,0
DA:131,2
DA:133,2
DA:136,2
DA:139,1
DA:142,1
DA:145,1
DA:147,1
DA:158,1
DA:172,0
DA:175,0
DA:188,1
DA:194,1
DA:206,0
DA:222,0
DA:223,0
DA:230,0
DA:246,0
DA:250,0
DA:251,0
DA:253,0
DA:254,0
DA:256,0
DA:258,0
DA:259,0
DA:260,0
DA:264,0
DA:265,0
DA:266,0
DA:271,0
DA:273,0
DA:274,0
DA:286,0
DA:303,0
DA:304,0
DA:306,0
DA:307,0
DA:308,0
DA:309,0
DA:310,0
DA:312,0
DA:314,0
DA:315,0
DA:325,1
DA:327,1
DA:328,0
DA:329,0
DA:333,1
DA:334,0
DA:343,0
DA:354,0
DA:358,0
LF:75
LH:31
BRDA:24,0,0,4
BRDA:24,0,1,8
BRDA:52,1,0,0
BRDA:53,2,0,1
BRDA:53,2,1,0
BRDA:65,3,0,0
BRDA:65,4,0,1
BRDA:69,5,0,1
BRDA:69,5,1,0
BRDA:73,6,0,0
BRDA:73,6,1,0
BRDA:73,7,0,0
BRDA:73,7,1,0
BRDA:107,8,0,0
BRDA:107,9,0,0
BRDA:116,10,0,0
BRDA:116,10,1,0
BRDA:117,11,0,0
BRDA:117,11,1,0
BRDA:131,12,0,0
BRDA:131,12,1,2
BRDA:136,13,0,1
BRDA:136,13,1,1
BRDA:139,14,0,0
BRDA:139,14,1,1
BRDA:142,15,0,0
BRDA:142,15,1,1
BRDA:145,16,0,0
BRDA:145,16,1,1
BRDA:205,17,0,0
BRDA:209,18,0,0
BRDA:209,18,1,0
BRDA:228,19,0,0
BRDA:228,19,1,0
BRDA:254,20,0,0
BRDA:254,20,1,0
BRDA:256,21,0,0
BRDA:256,21,1,0
BRDA:258,22,0,0
BRDA:258,22,1,0
BRDA:264,23,0,0
BRDA:264,23,1,0
BRDA:285,24,0,0
BRDA:302,25,0,0
BRDA:303,26,0,0
BRDA:303,26,1,0
BRDA:328,27,0,0
BRDA:328,27,1,0
BRF:48
BRH:11
end_of_record
TN:
SF:src/utils/performance.js
FN:14,debounce
FN:17,debounced
FN:19,(anonymous_2)
FN:33,throttle
FN:36,throttled
FN:40,(anonymous_5)
FN:54,lazyLoadImage
FN:69,(anonymous_7)
FN:70,(anonymous_8)
FN:88,lazyLoadImages
FN:90,(anonymous_10)
FN:100,preloadResource
FN:138,requestAnimFrame
FN:147,cancelAnimFrame
FN:158,measurePerformance
FN:199,getPerformanceMetrics
FN:232,getFirstPaint
FN:238,(anonymous_17)
FN:248,getFirstContentfulPaint
FN:254,(anonymous_19)
FN:264,getResourceCount
FN:277,getTotalResourceSize
FN:283,(anonymous_22)
FN:293,monitorWebVitals
FN:299,(anonymous_24)
FN:306,(anonymous_25)
FN:315,(anonymous_26)
FN:316,(anonymous_27)
FN:322,(anonymous_28)
FN:332,(anonymous_29)
FN:333,(anonymous_30)
FN:342,(anonymous_31)
FN:349,(anonymous_32)
FN:350,(anonymous_33)
FN:358,optimizeFontLoading
FN:365,(anonymous_35)
FN:374,optimizeConnections
FN:380,(anonymous_37)
FN:394,batchDOMUpdates
FNF:39
FNH:10
FNDA:1,debounce
FNDA:3,debounced
FNDA:1,(anonymous_2)
FNDA:1,throttle
FNDA:4,throttled
FNDA:1,(anonymous_5)
FNDA:0,lazyLoadImage
FNDA:0,(anonymous_7)
FNDA:0,(anonymous_8)
FNDA:0,lazyLoadImages
FNDA:0,(anonymous_10)
FNDA:0,preloadResource
FNDA:0,requestAnimFrame
FNDA:0,cancelAnimFrame
FNDA:0,measurePerformance
FNDA:0,getPerformanceMetrics
FNDA:1,getFirstPaint
FNDA:1,(anonymous_17)
FNDA:1,getFirstContentfulPaint
FNDA:2,(anonymous_19)
FNDA:0,getResourceCount
FNDA:0,getTotalResourceSize
FNDA:0,(anonymous_22)
FNDA:0,monitorWebVitals
FNDA:0,(anonymous_24)
FNDA:0,(anonymous_25)
FNDA:0,(anonymous_26)
FNDA:0,(anonymous_27)
FNDA:0,(anonymous_28)
FNDA:0,(anonymous_29)
FNDA:0,(anonymous_30)
FNDA:0,(anonymous_31)
FNDA:0,(anonymous_32)
FNDA:0,(anonymous_33)
FNDA:0,optimizeFontLoading
FNDA:0,(anonymous_35)
FNDA:0,optimizeConnections
FNDA:0,(anonymous_37)
FNDA:0,batchDOMUpdates
DA:15,1
DA:17,1
DA:18,3
DA:19,3
DA:20,1
DA:34,1
DA:36,1
DA:37,4
DA:38,2
DA:39,2
DA:40,2
DA:41,1
DA:55,0
DA:61,0
DA:63,0
DA:65,0
DA:66,0
DA:69,0
DA:70,0
DA:71,0
DA:72,0
DA:73,0
DA:74,0
DA:75,0
DA:80,0
DA:89,0
DA:90,0
DA:101,0
DA:103,0
DA:105,0
DA:106,0
DA:107,0
DA:108,0
DA:110,0
DA:111,0
DA:112,0
DA:113,0
DA:115,0
DA:116,0
DA:117,0
DA:118,0
DA:120,0
DA:121,0
DA:122,0
DA:123,0
DA:124,0
DA:126,0
DA:129,0
DA:139,0
DA:148,0
DA:159,0
DA:161,0
DA:162,0
DA:163,0
DA:164,0
DA:166,0
DA:167,0
DA:168,0
DA:169,0
DA:175,0
DA:181,0
DA:182,0
DA:184,0
DA:200,0
DA:201,0
DA:204,0
DA:206,0
DA:233,1
DA:234,0
DA:237,1
DA:238,1
DA:240,1
DA:249,1
DA:250,0
DA:253,1
DA:254,2
DA:256,1
DA:265,0
DA:266,0
DA:269,0
DA:278,0
DA:279,0
DA:282,0
DA:283,0
DA:294,0
DA:297,0
DA:298,0
DA:299,0
DA:300,0
DA:301,0
DA:302,0
DA:305,0
DA:306,0
DA:313,0
DA:314,0
DA:315,0
DA:316,0
DA:317,0
DA:321,0
DA:322,0
DA:329,0
DA:330,0
DA:331,0
DA:332,0
DA:333,0
DA:334,0
DA:335,0
DA:336,0
DA:341,0
DA:342,0
DA:349,0
DA:350,0
DA:360,0
DA:365,0
DA:366,0
DA:375,0
DA:380,0
DA:381,0
DA:382,0
DA:383,0
DA:384,0
DA:395,0
DA:396,0
DA:398,0
LF:124
LH:20
BRDA:14,0,0,0
BRDA:33,1,0,0
BRDA:37,2,0,2
BRDA:37,2,1,2
BRDA:54,3,0,0
BRDA:63,4,0,0
BRDA:63,4,1,0
BRDA:71,5,0,0
BRDA:71,5,1,0
BRDA:88,6,0,0
BRDA:100,7,0,0
BRDA:103,8,0,0
BRDA:103,8,1,0
BRDA:103,8,2,0
BRDA:103,8,3,0
BRDA:103,8,4,0
BRDA:166,9,0,0
BRDA:166,9,1,0
BRDA:166,10,0,0
BRDA:166,10,1,0
BRDA:200,11,0,0
BRDA:200,11,1,0
BRDA:200,12,0,0
BRDA:200,12,1,0
BRDA:233,13,0,0
BRDA:233,13,1,1
BRDA:233,14,0,1
BRDA:233,14,1,1
BRDA:240,15,0,1
BRDA:240,15,1,0
BRDA:249,16,0,0
BRDA:249,16,1,1
BRDA:249,17,0,1
BRDA:249,17,1,1
BRDA:256,18,0,1
BRDA:256,18,1,0
BRDA:265,19,0,0
BRDA:265,19,1,0
BRDA:265,20,0,0
BRDA:265,20,1,0
BRDA:278,21,0,0
BRDA:278,21,1,0
BRDA:278,22,0,0
BRDA:278,22,1,0
BRDA:283,23,0,0
BRDA:283,23,1,0
BRDA:293,24,0,0
BRDA:297,25,0,0
BRDA:297,25,1,0
BRDA:297,26,0,0
BRDA:297,26,1,0
BRDA:302,27,0,0
BRDA:302,27,1,0
BRDA:313,28,0,0
BRDA:313,28,1,0
BRDA:313,29,0,0
BRDA:313,29,1,0
BRDA:329,30,0,0
BRDA:329,30,1,0
BRDA:329,31,0,0
BRDA:329,31,1,0
BRDA:334,32,0,0
BRDA:334,32,1,0
BRDA:395,33,0,0
BRDA:395,33,1,0
BRF:65
BRH:10
end_of_record
TN:
SF:src/utils/websocketManager.js
FN:2,(anonymous_0)
FN:14,(anonymous_1)
FN:19,(anonymous_2)
FN:26,(anonymous_3)
FN:31,(anonymous_4)
FN:40,(anonymous_5)
FN:45,(anonymous_6)
FN:58,(anonymous_7)
FN:61,(anonymous_8)
FN:71,(anonymous_9)
FN:78,(anonymous_10)
FN:79,(anonymous_11)
FN:86,(anonymous_12)
FN:99,(anonymous_13)
FN:104,(anonymous_14)
FN:115,(anonymous_15)
FN:122,(anonymous_16)
FN:131,(anonymous_17)
FN:134,(anonymous_18)
FN:141,(anonymous_19)
FNF:20
FNH:16
FNDA:18,(anonymous_0)
FNDA:14,(anonymous_1)
FNDA:14,(anonymous_2)
FNDA:14,(anonymous_3)
FNDA:0,(anonymous_4)
FNDA:0,(anonymous_5)
FNDA:14,(anonymous_6)
FNDA:6,(anonymous_7)
FNDA:5,(anonymous_8)
FNDA:6,(anonymous_9)
FNDA:1,(anonymous_10)
FNDA:1,(anonymous_11)
FNDA:4,(anonymous_12)
FNDA:3,(anonymous_13)
FNDA:2,(anonymous_14)
FNDA:35,(anonymous_15)
FNDA:17,(anonymous_16)
FNDA:0,(anonymous_17)
FNDA:0,(anonymous_18)
FNDA:20,(anonymous_19)
DA:3,18
DA:4,18
DA:5,18
DA:6,18
DA:7,18
DA:8,18
DA:9,18
DA:10,18
DA:11,18
DA:15,14
DA:16,0
DA:19,14
DA:20,14
DA:21,14
DA:23,14
DA:24,14
DA:26,14
DA:27,14
DA:28,14
DA:31,14
DA:32,0
DA:33,0
DA:34,0
DA:36,0
DA:40,14
DA:41,0
DA:42,0
DA:45,14
DA:46,14
DA:47,14
DA:48,14
DA:51,0
DA:55,14
DA:59,6
DA:60,6
DA:61,4
DA:62,5
DA:63,5
DA:65,0
DA:72,6
DA:73,5
DA:75,6
DA:78,6
DA:79,1
DA:80,1
DA:81,1
DA:87,4
DA:88,1
DA:91,3
DA:96,3
DA:100,3
DA:101,0
DA:104,3
DA:105,2
DA:106,2
DA:107,2
DA:109,0
DA:116,35
DA:117,3
DA:118,3
DA:123,17
DA:124,2
DA:125,2
DA:128,15
DA:129,15
DA:131,15
DA:132,0
DA:133,0
DA:134,0
DA:135,0
DA:142,20
DA:144,20
DA:145,14
DA:146,12
DA:149,18
DA:150,18
LF:76
LH:61
BRDA:3,0,0,18
BRDA:3,0,1,0
BRDA:3,0,2,0
BRDA:15,1,0,0
BRDA:15,1,1,14
BRDA:60,2,0,4
BRDA:60,2,1,2
BRDA:60,3,0,6
BRDA:60,3,1,6
BRDA:72,4,0,5
BRDA:72,4,1,1
BRDA:80,5,0,1
BRDA:80,5,1,0
BRDA:87,6,0,1
BRDA:87,6,1,3
BRDA:87,7,0,4
BRDA:87,7,1,3
BRDA:100,8,0,0
BRDA:100,8,1,3
BRDA:105,9,0,2
BRDA:105,9,1,0
BRDA:105,10,0,2
BRDA:105,10,1,2
BRDA:116,11,0,3
BRDA:116,11,1,32
BRDA:123,12,0,2
BRDA:123,12,1,15
BRDA:132,13,0,0
BRDA:132,13,1,0
BRDA:132,14,0,0
BRDA:132,14,1,0
BRDA:144,15,0,14
BRDA:144,15,1,6
BRF:33
BRH:23
end_of_record
